2025-04-10T18:58:08.144833+0800 INFO {'algor': 'aflcs', 'alpha': 0.1, 'batch_size': 16, 'cfg': 'config/config_aflcs_cifar10.yaml', 'cs': 0.005, 'data_path': './data', 'dataset': 'cifar10', 'epochs': 5, 'gpu': 0, 'iid': False, 'img_size': 32, 'in_channels': 3, 'lamda': 0.005, 'log_dir': './logs', 'log_interval': 100, 'log_path': 'niid_01_le5_r100_c10_b16/cifar10/aflcs', 'loss_name': 'cross_entropy', 'lr': 0.01, 'lr_scheduler_hyperparams': {'gamma': 0.9, 'step_size': 10}, 'lr_scheduler_name': 'step_lr', 'model_name': 'resnet18', 'momentum': 0.5, 'no_cuda': False, 'num_classes': 10, 'num_clients': 10, 'num_rounds': 100, 'num_select_clients_per_round': 10, 'num_workers': 0, 'optimizer_hyperparams': {'lr': 0.01, 'momentum': 0.5, 'weight_decay': 0.0}, 'optimizer_name': 'sgd', 'save_interval': 10, 'seed': 3407, 'sync': False, 'test_batch_size': 1000, 'verbose': False, 'weight_decay': 0.0}
2025-04-10T18:58:08.415639+0800 INFO initialize weights with kaiming
2025-04-10T18:58:08.507236+0800 INFO loading cifar10 dataset with iid=False and alpha=0.1 for client 5
2025-04-10T18:58:09.736070+0800 INFO Rank 6 has one client with id 5
2025-04-10T18:58:10.541115+0800 INFO Rank 6 received the global model
2025-04-10T18:58:10.541115+0800 INFO Client 5 | Rank: 6 | Update model
2025-04-10T18:58:11.737011+0800 INFO Client 5 | Rank: 6 | Epoch: 0/5 | Batch: 0/715 | Loss: 3.970632
2025-04-10T18:58:27.237110+0800 INFO Client 5 | Rank: 6 | Epoch: 0/5 | Batch: 100/715 | Loss: 2.611046
2025-04-10T18:58:42.444412+0800 INFO Client 5 | Rank: 6 | Epoch: 0/5 | Batch: 200/715 | Loss: 1.497674
2025-04-10T18:58:57.810197+0800 INFO Client 5 | Rank: 6 | Epoch: 0/5 | Batch: 300/715 | Loss: 0.882888
2025-04-10T18:59:13.373882+0800 INFO Client 5 | Rank: 6 | Epoch: 0/5 | Batch: 400/715 | Loss: 1.259534
2025-04-10T18:59:28.551405+0800 INFO Client 5 | Rank: 6 | Epoch: 0/5 | Batch: 500/715 | Loss: 1.716959
2025-04-10T18:59:43.533000+0800 INFO Client 5 | Rank: 6 | Epoch: 0/5 | Batch: 600/715 | Loss: 0.899789
2025-04-10T18:59:58.718225+0800 INFO Client 5 | Rank: 6 | Epoch: 0/5 | Batch: 700/715 | Loss: 1.211778
2025-04-10T19:00:01.078871+0800 INFO Client 5 | Rank: 6 | Epoch: 1/5 | Batch: 0/715 | Loss: 1.026231
2025-04-10T19:00:16.483742+0800 INFO Client 5 | Rank: 6 | Epoch: 1/5 | Batch: 100/715 | Loss: 1.021028
2025-04-10T19:00:31.690657+0800 INFO Client 5 | Rank: 6 | Epoch: 1/5 | Batch: 200/715 | Loss: 1.075624
2025-04-10T19:00:46.924928+0800 INFO Client 5 | Rank: 6 | Epoch: 1/5 | Batch: 300/715 | Loss: 1.766460
2025-04-10T19:01:01.858739+0800 INFO Client 5 | Rank: 6 | Epoch: 1/5 | Batch: 400/715 | Loss: 1.213193
2025-04-10T19:01:17.291474+0800 INFO Client 5 | Rank: 6 | Epoch: 1/5 | Batch: 500/715 | Loss: 1.422561
2025-04-10T19:01:32.323891+0800 INFO Client 5 | Rank: 6 | Epoch: 1/5 | Batch: 600/715 | Loss: 1.146989
2025-04-10T19:01:47.490313+0800 INFO Client 5 | Rank: 6 | Epoch: 1/5 | Batch: 700/715 | Loss: 1.178443
2025-04-10T19:01:49.762951+0800 INFO Client 5 | Rank: 6 | Epoch: 2/5 | Batch: 0/715 | Loss: 0.746720
2025-04-10T19:02:05.175346+0800 INFO Client 5 | Rank: 6 | Epoch: 2/5 | Batch: 100/715 | Loss: 1.030383
2025-04-10T19:02:20.246203+0800 INFO Client 5 | Rank: 6 | Epoch: 2/5 | Batch: 200/715 | Loss: 1.594925
2025-04-10T19:02:35.618807+0800 INFO Client 5 | Rank: 6 | Epoch: 2/5 | Batch: 300/715 | Loss: 1.136072
2025-04-10T19:02:51.398610+0800 INFO Client 5 | Rank: 6 | Epoch: 2/5 | Batch: 400/715 | Loss: 1.417488
2025-04-10T19:03:06.516524+0800 INFO Client 5 | Rank: 6 | Epoch: 2/5 | Batch: 500/715 | Loss: 0.604951
2025-04-10T19:03:21.725080+0800 INFO Client 5 | Rank: 6 | Epoch: 2/5 | Batch: 600/715 | Loss: 1.355232
2025-04-10T19:03:37.044735+0800 INFO Client 5 | Rank: 6 | Epoch: 2/5 | Batch: 700/715 | Loss: 1.086810
2025-04-10T19:03:39.390038+0800 INFO Client 5 | Rank: 6 | Epoch: 3/5 | Batch: 0/715 | Loss: 1.069795
2025-04-10T19:03:54.625704+0800 INFO Client 5 | Rank: 6 | Epoch: 3/5 | Batch: 100/715 | Loss: 1.333421
2025-04-10T19:04:09.880134+0800 INFO Client 5 | Rank: 6 | Epoch: 3/5 | Batch: 200/715 | Loss: 0.854861
2025-04-10T19:04:25.046350+0800 INFO Client 5 | Rank: 6 | Epoch: 3/5 | Batch: 300/715 | Loss: 0.828711
2025-04-10T19:04:40.244186+0800 INFO Client 5 | Rank: 6 | Epoch: 3/5 | Batch: 400/715 | Loss: 1.180648
2025-04-10T19:04:55.397281+0800 INFO Client 5 | Rank: 6 | Epoch: 3/5 | Batch: 500/715 | Loss: 1.105661
2025-04-10T19:05:10.965609+0800 INFO Client 5 | Rank: 6 | Epoch: 3/5 | Batch: 600/715 | Loss: 0.840997
2025-04-10T19:05:26.319758+0800 INFO Client 5 | Rank: 6 | Epoch: 3/5 | Batch: 700/715 | Loss: 0.965510
2025-04-10T19:05:28.734861+0800 INFO Client 5 | Rank: 6 | Epoch: 4/5 | Batch: 0/715 | Loss: 1.004593
2025-04-10T19:05:43.701359+0800 INFO Client 5 | Rank: 6 | Epoch: 4/5 | Batch: 100/715 | Loss: 0.955940
2025-04-10T19:05:59.280148+0800 INFO Client 5 | Rank: 6 | Epoch: 4/5 | Batch: 200/715 | Loss: 1.230090
2025-04-10T19:06:15.003490+0800 INFO Client 5 | Rank: 6 | Epoch: 4/5 | Batch: 300/715 | Loss: 0.765107
2025-04-10T19:06:30.728131+0800 INFO Client 5 | Rank: 6 | Epoch: 4/5 | Batch: 400/715 | Loss: 1.030701
2025-04-10T19:06:45.787250+0800 INFO Client 5 | Rank: 6 | Epoch: 4/5 | Batch: 500/715 | Loss: 1.006411
2025-04-10T19:07:00.675209+0800 INFO Client 5 | Rank: 6 | Epoch: 4/5 | Batch: 600/715 | Loss: 0.854292
2025-04-10T19:07:16.123137+0800 INFO Client 5 | Rank: 6 | Epoch: 4/5 | Batch: 700/715 | Loss: 1.147545
2025-04-10T19:07:18.827835+0800 INFO Rank 6 received the global model
2025-04-10T19:07:18.828831+0800 INFO Client 5 | Rank: 6 | Update model
2025-04-10T19:07:19.256945+0800 INFO Client 5 | Rank: 6 | Epoch: 0/5 | Batch: 0/715 | Loss: 2.481841
2025-04-10T19:07:34.541907+0800 INFO Client 5 | Rank: 6 | Epoch: 0/5 | Batch: 100/715 | Loss: 0.976245
2025-04-10T19:07:49.646580+0800 INFO Client 5 | Rank: 6 | Epoch: 0/5 | Batch: 200/715 | Loss: 1.104191
2025-04-10T19:08:04.907677+0800 INFO Client 5 | Rank: 6 | Epoch: 0/5 | Batch: 300/715 | Loss: 0.823299
2025-04-10T19:08:20.164165+0800 INFO Client 5 | Rank: 6 | Epoch: 0/5 | Batch: 400/715 | Loss: 1.822018
2025-04-10T19:08:35.644650+0800 INFO Client 5 | Rank: 6 | Epoch: 0/5 | Batch: 500/715 | Loss: 1.033425
2025-04-10T19:08:51.220549+0800 INFO Client 5 | Rank: 6 | Epoch: 0/5 | Batch: 600/715 | Loss: 0.978216
2025-04-10T19:09:06.439120+0800 INFO Client 5 | Rank: 6 | Epoch: 0/5 | Batch: 700/715 | Loss: 1.077945
2025-04-10T19:09:08.717710+0800 INFO Client 5 | Rank: 6 | Epoch: 1/5 | Batch: 0/715 | Loss: 1.214128
2025-04-10T19:09:24.009507+0800 INFO Client 5 | Rank: 6 | Epoch: 1/5 | Batch: 100/715 | Loss: 1.172280
2025-04-10T19:09:39.131936+0800 INFO Client 5 | Rank: 6 | Epoch: 1/5 | Batch: 200/715 | Loss: 1.219351
2025-04-10T19:09:55.102709+0800 INFO Client 5 | Rank: 6 | Epoch: 1/5 | Batch: 300/715 | Loss: 1.518379
2025-04-10T19:10:10.282178+0800 INFO Client 5 | Rank: 6 | Epoch: 1/5 | Batch: 400/715 | Loss: 0.998831
2025-04-10T19:10:25.461039+0800 INFO Client 5 | Rank: 6 | Epoch: 1/5 | Batch: 500/715 | Loss: 1.298780
2025-04-10T19:10:40.740023+0800 INFO Client 5 | Rank: 6 | Epoch: 1/5 | Batch: 600/715 | Loss: 0.688598
2025-04-10T19:10:55.290511+0800 INFO Client 5 | Rank: 6 | Epoch: 1/5 | Batch: 700/715 | Loss: 0.835831
2025-04-10T19:10:57.684195+0800 INFO Client 5 | Rank: 6 | Epoch: 2/5 | Batch: 0/715 | Loss: 0.732002
2025-04-10T19:11:12.982931+0800 INFO Client 5 | Rank: 6 | Epoch: 2/5 | Batch: 100/715 | Loss: 0.491362
2025-04-10T19:11:28.086148+0800 INFO Client 5 | Rank: 6 | Epoch: 2/5 | Batch: 200/715 | Loss: 0.690136
2025-04-10T19:11:43.249035+0800 INFO Client 5 | Rank: 6 | Epoch: 2/5 | Batch: 300/715 | Loss: 0.901775
2025-04-10T19:11:58.328874+0800 INFO Client 5 | Rank: 6 | Epoch: 2/5 | Batch: 400/715 | Loss: 0.717544
2025-04-10T19:12:13.294232+0800 INFO Client 5 | Rank: 6 | Epoch: 2/5 | Batch: 500/715 | Loss: 1.182197
2025-04-10T19:12:28.793211+0800 INFO Client 5 | Rank: 6 | Epoch: 2/5 | Batch: 600/715 | Loss: 1.095574
2025-04-10T19:12:44.392771+0800 INFO Client 5 | Rank: 6 | Epoch: 2/5 | Batch: 700/715 | Loss: 1.093556
2025-04-10T19:12:46.902393+0800 INFO Client 5 | Rank: 6 | Epoch: 3/5 | Batch: 0/715 | Loss: 1.087883
2025-04-10T19:13:02.239827+0800 INFO Client 5 | Rank: 6 | Epoch: 3/5 | Batch: 100/715 | Loss: 0.634470
2025-04-10T19:13:17.849039+0800 INFO Client 5 | Rank: 6 | Epoch: 3/5 | Batch: 200/715 | Loss: 1.101283
2025-04-10T19:13:32.947207+0800 INFO Client 5 | Rank: 6 | Epoch: 3/5 | Batch: 300/715 | Loss: 0.785230
2025-04-10T19:13:48.485224+0800 INFO Client 5 | Rank: 6 | Epoch: 3/5 | Batch: 400/715 | Loss: 0.911151
2025-04-10T19:14:04.006362+0800 INFO Client 5 | Rank: 6 | Epoch: 3/5 | Batch: 500/715 | Loss: 1.058359
2025-04-10T19:14:19.370815+0800 INFO Client 5 | Rank: 6 | Epoch: 3/5 | Batch: 600/715 | Loss: 1.293140
2025-04-10T19:14:34.888439+0800 INFO Client 5 | Rank: 6 | Epoch: 3/5 | Batch: 700/715 | Loss: 0.895128
2025-04-10T19:14:37.303409+0800 INFO Client 5 | Rank: 6 | Epoch: 4/5 | Batch: 0/715 | Loss: 1.016835
2025-04-10T19:14:52.595297+0800 INFO Client 5 | Rank: 6 | Epoch: 4/5 | Batch: 100/715 | Loss: 0.863555
2025-04-10T19:15:07.512939+0800 INFO Client 5 | Rank: 6 | Epoch: 4/5 | Batch: 200/715 | Loss: 1.415399
2025-04-10T19:15:22.815426+0800 INFO Client 5 | Rank: 6 | Epoch: 4/5 | Batch: 300/715 | Loss: 0.850422
2025-04-10T19:15:38.281170+0800 INFO Client 5 | Rank: 6 | Epoch: 4/5 | Batch: 400/715 | Loss: 0.715332
2025-04-10T19:15:53.269447+0800 INFO Client 5 | Rank: 6 | Epoch: 4/5 | Batch: 500/715 | Loss: 0.760016
2025-04-10T19:16:08.241732+0800 INFO Client 5 | Rank: 6 | Epoch: 4/5 | Batch: 600/715 | Loss: 0.995924
2025-04-10T19:16:23.542113+0800 INFO Client 5 | Rank: 6 | Epoch: 4/5 | Batch: 700/715 | Loss: 0.703540
2025-04-10T19:16:26.690030+0800 INFO Rank 6 received the global model
2025-04-10T19:16:26.691026+0800 INFO Client 5 | Rank: 6 | Update model
2025-04-10T19:16:26.968805+0800 INFO Client 5 | Rank: 6 | Epoch: 0/5 | Batch: 0/715 | Loss: 1.744938
2025-04-10T19:16:42.449051+0800 INFO Client 5 | Rank: 6 | Epoch: 0/5 | Batch: 100/715 | Loss: 1.445437
2025-04-10T19:16:58.077498+0800 INFO Client 5 | Rank: 6 | Epoch: 0/5 | Batch: 200/715 | Loss: 1.284472
2025-04-10T19:17:13.439907+0800 INFO Client 5 | Rank: 6 | Epoch: 0/5 | Batch: 300/715 | Loss: 1.738175
2025-04-10T19:17:28.945049+0800 INFO Client 5 | Rank: 6 | Epoch: 0/5 | Batch: 400/715 | Loss: 0.936428
2025-04-10T19:17:44.081659+0800 INFO Client 5 | Rank: 6 | Epoch: 0/5 | Batch: 500/715 | Loss: 1.539365
2025-04-10T19:17:59.279138+0800 INFO Client 5 | Rank: 6 | Epoch: 0/5 | Batch: 600/715 | Loss: 0.896117
2025-04-10T19:18:14.932749+0800 INFO Client 5 | Rank: 6 | Epoch: 0/5 | Batch: 700/715 | Loss: 1.265252
2025-04-10T19:18:17.238637+0800 INFO Client 5 | Rank: 6 | Epoch: 1/5 | Batch: 0/715 | Loss: 1.109618
2025-04-10T19:18:32.377826+0800 INFO Client 5 | Rank: 6 | Epoch: 1/5 | Batch: 100/715 | Loss: 0.784289
2025-04-10T19:18:47.825300+0800 INFO Client 5 | Rank: 6 | Epoch: 1/5 | Batch: 200/715 | Loss: 0.820809
2025-04-10T19:19:03.331135+0800 INFO Client 5 | Rank: 6 | Epoch: 1/5 | Batch: 300/715 | Loss: 1.248953
2025-04-10T19:19:18.711915+0800 INFO Client 5 | Rank: 6 | Epoch: 1/5 | Batch: 400/715 | Loss: 1.973440
2025-04-10T19:19:33.924585+0800 INFO Client 5 | Rank: 6 | Epoch: 1/5 | Batch: 500/715 | Loss: 1.114200
2025-04-10T19:19:48.701453+0800 INFO Client 5 | Rank: 6 | Epoch: 1/5 | Batch: 600/715 | Loss: 0.679461
2025-04-10T19:20:03.526434+0800 INFO Client 5 | Rank: 6 | Epoch: 1/5 | Batch: 700/715 | Loss: 1.227974
2025-04-10T19:20:05.792149+0800 INFO Client 5 | Rank: 6 | Epoch: 2/5 | Batch: 0/715 | Loss: 0.610776
2025-04-10T19:20:21.267295+0800 INFO Client 5 | Rank: 6 | Epoch: 2/5 | Batch: 100/715 | Loss: 1.217994
2025-04-10T19:20:36.442956+0800 INFO Client 5 | Rank: 6 | Epoch: 2/5 | Batch: 200/715 | Loss: 0.829435
2025-04-10T19:20:51.667431+0800 INFO Client 5 | Rank: 6 | Epoch: 2/5 | Batch: 300/715 | Loss: 0.671593
2025-04-10T19:21:07.019799+0800 INFO Client 5 | Rank: 6 | Epoch: 2/5 | Batch: 400/715 | Loss: 1.173345
2025-04-10T19:21:22.116614+0800 INFO Client 5 | Rank: 6 | Epoch: 2/5 | Batch: 500/715 | Loss: 0.988117
2025-04-10T19:21:37.670306+0800 INFO Client 5 | Rank: 6 | Epoch: 2/5 | Batch: 600/715 | Loss: 0.734696
2025-04-10T19:21:53.024083+0800 INFO Client 5 | Rank: 6 | Epoch: 2/5 | Batch: 700/715 | Loss: 1.297476
2025-04-10T19:21:55.369445+0800 INFO Client 5 | Rank: 6 | Epoch: 3/5 | Batch: 0/715 | Loss: 0.732630
2025-04-10T19:22:10.649608+0800 INFO Client 5 | Rank: 6 | Epoch: 3/5 | Batch: 100/715 | Loss: 0.676075
2025-04-10T19:22:25.922502+0800 INFO Client 5 | Rank: 6 | Epoch: 3/5 | Batch: 200/715 | Loss: 1.180327
2025-04-10T19:22:41.406019+0800 INFO Client 5 | Rank: 6 | Epoch: 3/5 | Batch: 300/715 | Loss: 0.805673
2025-04-10T19:22:56.553369+0800 INFO Client 5 | Rank: 6 | Epoch: 3/5 | Batch: 400/715 | Loss: 1.065599
2025-04-10T19:23:11.993119+0800 INFO Client 5 | Rank: 6 | Epoch: 3/5 | Batch: 500/715 | Loss: 0.789777
2025-04-10T19:23:27.401122+0800 INFO Client 5 | Rank: 6 | Epoch: 3/5 | Batch: 600/715 | Loss: 1.075478
2025-04-10T19:23:42.330632+0800 INFO Client 5 | Rank: 6 | Epoch: 3/5 | Batch: 700/715 | Loss: 0.545396
2025-04-10T19:23:44.632199+0800 INFO Client 5 | Rank: 6 | Epoch: 4/5 | Batch: 0/715 | Loss: 0.845118
2025-04-10T19:24:00.182402+0800 INFO Client 5 | Rank: 6 | Epoch: 4/5 | Batch: 100/715 | Loss: 0.810294
2025-04-10T19:24:15.483802+0800 INFO Client 5 | Rank: 6 | Epoch: 4/5 | Batch: 200/715 | Loss: 0.705957
2025-04-10T19:24:31.177914+0800 INFO Client 5 | Rank: 6 | Epoch: 4/5 | Batch: 300/715 | Loss: 0.633075
2025-04-10T19:24:46.475112+0800 INFO Client 5 | Rank: 6 | Epoch: 4/5 | Batch: 400/715 | Loss: 0.836042
2025-04-10T19:25:01.768493+0800 INFO Client 5 | Rank: 6 | Epoch: 4/5 | Batch: 500/715 | Loss: 0.984675
2025-04-10T19:25:16.899233+0800 INFO Client 5 | Rank: 6 | Epoch: 4/5 | Batch: 600/715 | Loss: 0.972667
2025-04-10T19:25:32.063649+0800 INFO Client 5 | Rank: 6 | Epoch: 4/5 | Batch: 700/715 | Loss: 1.053216
2025-04-10T19:25:34.820505+0800 INFO Rank 6 received the global model
2025-04-10T19:25:34.820505+0800 INFO Client 5 | Rank: 6 | Update model
2025-04-10T19:25:35.119192+0800 INFO Client 5 | Rank: 6 | Epoch: 0/5 | Batch: 0/715 | Loss: 1.595613
2025-04-10T19:25:49.960365+0800 INFO Client 5 | Rank: 6 | Epoch: 0/5 | Batch: 100/715 | Loss: 0.740761
2025-04-10T19:26:05.389444+0800 INFO Client 5 | Rank: 6 | Epoch: 0/5 | Batch: 200/715 | Loss: 0.864073
2025-04-10T19:26:20.621206+0800 INFO Client 5 | Rank: 6 | Epoch: 0/5 | Batch: 300/715 | Loss: 1.001619
2025-04-10T19:26:35.671159+0800 INFO Client 5 | Rank: 6 | Epoch: 0/5 | Batch: 400/715 | Loss: 0.594398
2025-04-10T19:26:51.032438+0800 INFO Client 5 | Rank: 6 | Epoch: 0/5 | Batch: 500/715 | Loss: 1.002910
2025-04-10T19:27:06.452207+0800 INFO Client 5 | Rank: 6 | Epoch: 0/5 | Batch: 600/715 | Loss: 0.789900
2025-04-10T19:27:21.666013+0800 INFO Client 5 | Rank: 6 | Epoch: 0/5 | Batch: 700/715 | Loss: 0.744912
2025-04-10T19:27:23.928673+0800 INFO Client 5 | Rank: 6 | Epoch: 1/5 | Batch: 0/715 | Loss: 1.162366
2025-04-10T19:27:39.084509+0800 INFO Client 5 | Rank: 6 | Epoch: 1/5 | Batch: 100/715 | Loss: 0.869692
2025-04-10T19:27:54.420075+0800 INFO Client 5 | Rank: 6 | Epoch: 1/5 | Batch: 200/715 | Loss: 0.659706
2025-04-10T19:28:09.829878+0800 INFO Client 5 | Rank: 6 | Epoch: 1/5 | Batch: 300/715 | Loss: 1.375843
2025-04-10T19:28:25.129900+0800 INFO Client 5 | Rank: 6 | Epoch: 1/5 | Batch: 400/715 | Loss: 1.339552
2025-04-10T19:28:40.601125+0800 INFO Client 5 | Rank: 6 | Epoch: 1/5 | Batch: 500/715 | Loss: 2.375285
2025-04-10T19:28:55.842643+0800 INFO Client 5 | Rank: 6 | Epoch: 1/5 | Batch: 600/715 | Loss: 0.910284
2025-04-10T19:29:11.285277+0800 INFO Client 5 | Rank: 6 | Epoch: 1/5 | Batch: 700/715 | Loss: 0.664559
2025-04-10T19:29:13.488083+0800 INFO Client 5 | Rank: 6 | Epoch: 2/5 | Batch: 0/715 | Loss: 0.641199
2025-04-10T19:29:29.020544+0800 INFO Client 5 | Rank: 6 | Epoch: 2/5 | Batch: 100/715 | Loss: 1.135453
2025-04-10T19:29:44.132270+0800 INFO Client 5 | Rank: 6 | Epoch: 2/5 | Batch: 200/715 | Loss: 1.771443
2025-04-10T19:29:59.306187+0800 INFO Client 5 | Rank: 6 | Epoch: 2/5 | Batch: 300/715 | Loss: 0.820353
2025-04-10T19:30:15.286872+0800 INFO Client 5 | Rank: 6 | Epoch: 2/5 | Batch: 400/715 | Loss: 1.035754
2025-04-10T19:30:30.712995+0800 INFO Client 5 | Rank: 6 | Epoch: 2/5 | Batch: 500/715 | Loss: 0.848930
2025-04-10T19:30:45.977608+0800 INFO Client 5 | Rank: 6 | Epoch: 2/5 | Batch: 600/715 | Loss: 0.726176
2025-04-10T19:31:01.582545+0800 INFO Client 5 | Rank: 6 | Epoch: 2/5 | Batch: 700/715 | Loss: 0.501426
2025-04-10T19:31:03.982822+0800 INFO Client 5 | Rank: 6 | Epoch: 3/5 | Batch: 0/715 | Loss: 0.739082
2025-04-10T19:31:19.439805+0800 INFO Client 5 | Rank: 6 | Epoch: 3/5 | Batch: 100/715 | Loss: 0.686563
2025-04-10T19:31:34.842439+0800 INFO Client 5 | Rank: 6 | Epoch: 3/5 | Batch: 200/715 | Loss: 1.140907
2025-04-10T19:31:49.843806+0800 INFO Client 5 | Rank: 6 | Epoch: 3/5 | Batch: 300/715 | Loss: 1.035435
2025-04-10T19:32:04.935950+0800 INFO Client 5 | Rank: 6 | Epoch: 3/5 | Batch: 400/715 | Loss: 0.606874
2025-04-10T19:32:20.107500+0800 INFO Client 5 | Rank: 6 | Epoch: 3/5 | Batch: 500/715 | Loss: 0.939025
2025-04-10T19:32:35.354499+0800 INFO Client 5 | Rank: 6 | Epoch: 3/5 | Batch: 600/715 | Loss: 0.955558
2025-04-10T19:32:50.666982+0800 INFO Client 5 | Rank: 6 | Epoch: 3/5 | Batch: 700/715 | Loss: 0.690084
2025-04-10T19:32:53.028085+0800 INFO Client 5 | Rank: 6 | Epoch: 4/5 | Batch: 0/715 | Loss: 0.793388
2025-04-10T19:33:08.079389+0800 INFO Client 5 | Rank: 6 | Epoch: 4/5 | Batch: 100/715 | Loss: 0.608512
2025-04-10T19:33:23.317796+0800 INFO Client 5 | Rank: 6 | Epoch: 4/5 | Batch: 200/715 | Loss: 0.540048
2025-04-10T19:33:38.606678+0800 INFO Client 5 | Rank: 6 | Epoch: 4/5 | Batch: 300/715 | Loss: 0.542093
2025-04-10T19:33:53.683355+0800 INFO Client 5 | Rank: 6 | Epoch: 4/5 | Batch: 400/715 | Loss: 0.985837
2025-04-10T19:34:08.972974+0800 INFO Client 5 | Rank: 6 | Epoch: 4/5 | Batch: 500/715 | Loss: 1.055541
2025-04-10T19:34:24.113005+0800 INFO Client 5 | Rank: 6 | Epoch: 4/5 | Batch: 600/715 | Loss: 0.516609
2025-04-10T19:34:39.218679+0800 INFO Client 5 | Rank: 6 | Epoch: 4/5 | Batch: 700/715 | Loss: 1.095525
2025-04-10T19:34:41.764927+0800 INFO Rank 6 received the global model
2025-04-10T19:34:41.765923+0800 INFO Client 5 | Rank: 6 | Update model
2025-04-10T19:34:42.094447+0800 INFO Client 5 | Rank: 6 | Epoch: 0/5 | Batch: 0/715 | Loss: 1.031298
2025-04-10T19:34:56.772079+0800 INFO Client 5 | Rank: 6 | Epoch: 0/5 | Batch: 100/715 | Loss: 0.927757
2025-04-10T19:35:12.080015+0800 INFO Client 5 | Rank: 6 | Epoch: 0/5 | Batch: 200/715 | Loss: 1.515772
2025-04-10T19:35:27.031197+0800 INFO Client 5 | Rank: 6 | Epoch: 0/5 | Batch: 300/715 | Loss: 0.881739
2025-04-10T19:35:42.265694+0800 INFO Client 5 | Rank: 6 | Epoch: 0/5 | Batch: 400/715 | Loss: 1.125532
2025-04-10T19:35:57.509583+0800 INFO Client 5 | Rank: 6 | Epoch: 0/5 | Batch: 500/715 | Loss: 0.946369
2025-04-10T19:36:12.684485+0800 INFO Client 5 | Rank: 6 | Epoch: 0/5 | Batch: 600/715 | Loss: 1.004138
2025-04-10T19:36:28.347581+0800 INFO Client 5 | Rank: 6 | Epoch: 0/5 | Batch: 700/715 | Loss: 0.879883
2025-04-10T19:36:30.685450+0800 INFO Client 5 | Rank: 6 | Epoch: 1/5 | Batch: 0/715 | Loss: 1.134836
2025-04-10T19:36:45.907782+0800 INFO Client 5 | Rank: 6 | Epoch: 1/5 | Batch: 100/715 | Loss: 0.855731
2025-04-10T19:37:01.000588+0800 INFO Client 5 | Rank: 6 | Epoch: 1/5 | Batch: 200/715 | Loss: 0.692182
2025-04-10T19:37:16.269227+0800 INFO Client 5 | Rank: 6 | Epoch: 1/5 | Batch: 300/715 | Loss: 0.807019
2025-04-10T19:37:31.065908+0800 INFO Client 5 | Rank: 6 | Epoch: 1/5 | Batch: 400/715 | Loss: 0.761783
2025-04-10T19:37:45.909342+0800 INFO Client 5 | Rank: 6 | Epoch: 1/5 | Batch: 500/715 | Loss: 0.787220
2025-04-10T19:38:01.141696+0800 INFO Client 5 | Rank: 6 | Epoch: 1/5 | Batch: 600/715 | Loss: 0.676420
2025-04-10T19:38:16.418027+0800 INFO Client 5 | Rank: 6 | Epoch: 1/5 | Batch: 700/715 | Loss: 0.896518
2025-04-10T19:38:18.666553+0800 INFO Client 5 | Rank: 6 | Epoch: 2/5 | Batch: 0/715 | Loss: 0.765726
2025-04-10T19:38:33.741474+0800 INFO Client 5 | Rank: 6 | Epoch: 2/5 | Batch: 100/715 | Loss: 0.832971
2025-04-10T19:38:49.187070+0800 INFO Client 5 | Rank: 6 | Epoch: 2/5 | Batch: 200/715 | Loss: 0.639678
2025-04-10T19:39:04.658532+0800 INFO Client 5 | Rank: 6 | Epoch: 2/5 | Batch: 300/715 | Loss: 0.680345
2025-04-10T19:39:19.600677+0800 INFO Client 5 | Rank: 6 | Epoch: 2/5 | Batch: 400/715 | Loss: 0.896239
2025-04-10T19:39:34.848828+0800 INFO Client 5 | Rank: 6 | Epoch: 2/5 | Batch: 500/715 | Loss: 0.888222
2025-04-10T19:39:50.211225+0800 INFO Client 5 | Rank: 6 | Epoch: 2/5 | Batch: 600/715 | Loss: 0.727166
2025-04-10T19:40:04.944230+0800 INFO Client 5 | Rank: 6 | Epoch: 2/5 | Batch: 700/715 | Loss: 0.653476
2025-04-10T19:40:07.227711+0800 INFO Client 5 | Rank: 6 | Epoch: 3/5 | Batch: 0/715 | Loss: 0.728335
2025-04-10T19:40:22.449420+0800 INFO Client 5 | Rank: 6 | Epoch: 3/5 | Batch: 100/715 | Loss: 0.586678
2025-04-10T19:40:37.552014+0800 INFO Client 5 | Rank: 6 | Epoch: 3/5 | Batch: 200/715 | Loss: 0.654044
2025-04-10T19:40:52.587257+0800 INFO Client 5 | Rank: 6 | Epoch: 3/5 | Batch: 300/715 | Loss: 0.587238
2025-04-10T19:41:07.651432+0800 INFO Client 5 | Rank: 6 | Epoch: 3/5 | Batch: 400/715 | Loss: 0.786979
2025-04-10T19:41:23.038367+0800 INFO Client 5 | Rank: 6 | Epoch: 3/5 | Batch: 500/715 | Loss: 1.179883
2025-04-10T19:41:38.528785+0800 INFO Client 5 | Rank: 6 | Epoch: 3/5 | Batch: 600/715 | Loss: 0.560522
2025-04-10T19:41:52.860174+0800 INFO Client 5 | Rank: 6 | Epoch: 3/5 | Batch: 700/715 | Loss: 0.883226
2025-04-10T19:41:55.262554+0800 INFO Client 5 | Rank: 6 | Epoch: 4/5 | Batch: 0/715 | Loss: 0.542585
2025-04-10T19:42:10.518020+0800 INFO Client 5 | Rank: 6 | Epoch: 4/5 | Batch: 100/715 | Loss: 0.433927
2025-04-10T19:42:25.184211+0800 INFO Client 5 | Rank: 6 | Epoch: 4/5 | Batch: 200/715 | Loss: 0.596982
2025-04-10T19:42:40.291366+0800 INFO Client 5 | Rank: 6 | Epoch: 4/5 | Batch: 300/715 | Loss: 0.781982
2025-04-10T19:42:55.731864+0800 INFO Client 5 | Rank: 6 | Epoch: 4/5 | Batch: 400/715 | Loss: 0.854967
2025-04-10T19:43:10.713516+0800 INFO Client 5 | Rank: 6 | Epoch: 4/5 | Batch: 500/715 | Loss: 0.785296
2025-04-10T19:43:25.678004+0800 INFO Client 5 | Rank: 6 | Epoch: 4/5 | Batch: 600/715 | Loss: 0.516210
2025-04-10T19:43:40.627154+0800 INFO Client 5 | Rank: 6 | Epoch: 4/5 | Batch: 700/715 | Loss: 1.162853
2025-04-10T19:43:43.442273+0800 INFO Rank 6 received the global model
2025-04-10T19:43:43.442273+0800 INFO Client 5 | Rank: 6 | Update model
2025-04-10T19:43:43.688188+0800 INFO Client 5 | Rank: 6 | Epoch: 0/5 | Batch: 0/715 | Loss: 1.334608
2025-04-10T19:43:58.995943+0800 INFO Client 5 | Rank: 6 | Epoch: 0/5 | Batch: 100/715 | Loss: 1.052157
2025-04-10T19:44:13.831038+0800 INFO Client 5 | Rank: 6 | Epoch: 0/5 | Batch: 200/715 | Loss: 1.379474
2025-04-10T19:44:29.406776+0800 INFO Client 5 | Rank: 6 | Epoch: 0/5 | Batch: 300/715 | Loss: 0.871718
2025-04-10T19:44:44.654445+0800 INFO Client 5 | Rank: 6 | Epoch: 0/5 | Batch: 400/715 | Loss: 0.859411
2025-04-10T19:44:59.736606+0800 INFO Client 5 | Rank: 6 | Epoch: 0/5 | Batch: 500/715 | Loss: 0.763954
2025-04-10T19:45:15.345485+0800 INFO Client 5 | Rank: 6 | Epoch: 0/5 | Batch: 600/715 | Loss: 0.813035
2025-04-10T19:45:30.288903+0800 INFO Client 5 | Rank: 6 | Epoch: 0/5 | Batch: 700/715 | Loss: 0.662717
2025-04-10T19:45:32.559374+0800 INFO Client 5 | Rank: 6 | Epoch: 1/5 | Batch: 0/715 | Loss: 0.890061
2025-04-10T19:45:47.626319+0800 INFO Client 5 | Rank: 6 | Epoch: 1/5 | Batch: 100/715 | Loss: 0.575200
2025-04-10T19:46:02.621455+0800 INFO Client 5 | Rank: 6 | Epoch: 1/5 | Batch: 200/715 | Loss: 0.667142
2025-04-10T19:46:18.028153+0800 INFO Client 5 | Rank: 6 | Epoch: 1/5 | Batch: 300/715 | Loss: 0.629100
2025-04-10T19:46:33.280858+0800 INFO Client 5 | Rank: 6 | Epoch: 1/5 | Batch: 400/715 | Loss: 1.036240
2025-04-10T19:46:48.651901+0800 INFO Client 5 | Rank: 6 | Epoch: 1/5 | Batch: 500/715 | Loss: 0.677711
2025-04-10T19:47:03.724938+0800 INFO Client 5 | Rank: 6 | Epoch: 1/5 | Batch: 600/715 | Loss: 0.856118
2025-04-10T19:47:18.746633+0800 INFO Client 5 | Rank: 6 | Epoch: 1/5 | Batch: 700/715 | Loss: 0.758206
2025-04-10T19:47:21.051391+0800 INFO Client 5 | Rank: 6 | Epoch: 2/5 | Batch: 0/715 | Loss: 0.666791
2025-04-10T19:47:36.246323+0800 INFO Client 5 | Rank: 6 | Epoch: 2/5 | Batch: 100/715 | Loss: 0.511816
2025-04-10T19:47:51.238433+0800 INFO Client 5 | Rank: 6 | Epoch: 2/5 | Batch: 200/715 | Loss: 0.773002
2025-04-10T19:48:06.125915+0800 INFO Client 5 | Rank: 6 | Epoch: 2/5 | Batch: 300/715 | Loss: 0.566700
2025-04-10T19:48:21.379466+0800 INFO Client 5 | Rank: 6 | Epoch: 2/5 | Batch: 400/715 | Loss: 0.487969
2025-04-10T19:48:36.065596+0800 INFO Client 5 | Rank: 6 | Epoch: 2/5 | Batch: 500/715 | Loss: 1.667656
2025-04-10T19:48:51.299497+0800 INFO Client 5 | Rank: 6 | Epoch: 2/5 | Batch: 600/715 | Loss: 1.183055
2025-04-10T19:49:06.236982+0800 INFO Client 5 | Rank: 6 | Epoch: 2/5 | Batch: 700/715 | Loss: 0.525858
2025-04-10T19:49:08.553303+0800 INFO Client 5 | Rank: 6 | Epoch: 3/5 | Batch: 0/715 | Loss: 0.567731
2025-04-10T19:49:23.282820+0800 INFO Client 5 | Rank: 6 | Epoch: 3/5 | Batch: 100/715 | Loss: 0.464749
2025-04-10T19:49:38.546135+0800 INFO Client 5 | Rank: 6 | Epoch: 3/5 | Batch: 200/715 | Loss: 0.654643
2025-04-10T19:49:53.502806+0800 INFO Client 5 | Rank: 6 | Epoch: 3/5 | Batch: 300/715 | Loss: 0.896280
2025-04-10T19:50:08.449730+0800 INFO Client 5 | Rank: 6 | Epoch: 3/5 | Batch: 400/715 | Loss: 0.535773
2025-04-10T19:50:23.377672+0800 INFO Client 5 | Rank: 6 | Epoch: 3/5 | Batch: 500/715 | Loss: 0.763783
2025-04-10T19:50:38.475360+0800 INFO Client 5 | Rank: 6 | Epoch: 3/5 | Batch: 600/715 | Loss: 0.483811
2025-04-10T19:50:53.897049+0800 INFO Client 5 | Rank: 6 | Epoch: 3/5 | Batch: 700/715 | Loss: 0.741928
2025-04-10T19:50:56.233944+0800 INFO Client 5 | Rank: 6 | Epoch: 4/5 | Batch: 0/715 | Loss: 0.492208
2025-04-10T19:51:11.304562+0800 INFO Client 5 | Rank: 6 | Epoch: 4/5 | Batch: 100/715 | Loss: 0.416878
2025-04-10T19:51:26.573521+0800 INFO Client 5 | Rank: 6 | Epoch: 4/5 | Batch: 200/715 | Loss: 0.409719
2025-04-10T19:51:41.671456+0800 INFO Client 5 | Rank: 6 | Epoch: 4/5 | Batch: 300/715 | Loss: 1.096899
2025-04-10T19:51:56.620788+0800 INFO Client 5 | Rank: 6 | Epoch: 4/5 | Batch: 400/715 | Loss: 0.514344
2025-04-10T19:52:11.936082+0800 INFO Client 5 | Rank: 6 | Epoch: 4/5 | Batch: 500/715 | Loss: 0.452139
2025-04-10T19:52:27.535915+0800 INFO Client 5 | Rank: 6 | Epoch: 4/5 | Batch: 600/715 | Loss: 0.822495
2025-04-10T19:52:43.036917+0800 INFO Client 5 | Rank: 6 | Epoch: 4/5 | Batch: 700/715 | Loss: 0.770983
2025-04-10T19:52:46.068058+0800 INFO Rank 6 received the global model
2025-04-10T19:52:46.069053+0800 INFO Client 5 | Rank: 6 | Update model
2025-04-10T19:52:46.353357+0800 INFO Client 5 | Rank: 6 | Epoch: 0/5 | Batch: 0/715 | Loss: 1.744857
2025-04-10T19:53:01.206016+0800 INFO Client 5 | Rank: 6 | Epoch: 0/5 | Batch: 100/715 | Loss: 0.733211
2025-04-10T19:53:16.510617+0800 INFO Client 5 | Rank: 6 | Epoch: 0/5 | Batch: 200/715 | Loss: 0.684299
2025-04-10T19:53:31.755412+0800 INFO Client 5 | Rank: 6 | Epoch: 0/5 | Batch: 300/715 | Loss: 1.366520
2025-04-10T19:53:46.613027+0800 INFO Client 5 | Rank: 6 | Epoch: 0/5 | Batch: 400/715 | Loss: 0.943614
2025-04-10T19:54:01.687144+0800 INFO Client 5 | Rank: 6 | Epoch: 0/5 | Batch: 500/715 | Loss: 0.827120
2025-04-10T19:54:16.381301+0800 INFO Client 5 | Rank: 6 | Epoch: 0/5 | Batch: 600/715 | Loss: 1.031468
2025-04-10T19:54:31.650918+0800 INFO Client 5 | Rank: 6 | Epoch: 0/5 | Batch: 700/715 | Loss: 0.996633
2025-04-10T19:54:33.860158+0800 INFO Client 5 | Rank: 6 | Epoch: 1/5 | Batch: 0/715 | Loss: 0.442129
2025-04-10T19:54:48.789827+0800 INFO Client 5 | Rank: 6 | Epoch: 1/5 | Batch: 100/715 | Loss: 0.961608
2025-04-10T19:55:04.111920+0800 INFO Client 5 | Rank: 6 | Epoch: 1/5 | Batch: 200/715 | Loss: 0.663554
2025-04-10T19:55:19.248835+0800 INFO Client 5 | Rank: 6 | Epoch: 1/5 | Batch: 300/715 | Loss: 0.575139
2025-04-10T19:55:34.578610+0800 INFO Client 5 | Rank: 6 | Epoch: 1/5 | Batch: 400/715 | Loss: 0.687956
2025-04-10T19:55:50.017039+0800 INFO Client 5 | Rank: 6 | Epoch: 1/5 | Batch: 500/715 | Loss: 1.340892
2025-04-10T19:56:05.556046+0800 INFO Client 5 | Rank: 6 | Epoch: 1/5 | Batch: 600/715 | Loss: 0.619287
2025-04-10T19:56:21.193226+0800 INFO Client 5 | Rank: 6 | Epoch: 1/5 | Batch: 700/715 | Loss: 0.877757
2025-04-10T19:56:23.451810+0800 INFO Client 5 | Rank: 6 | Epoch: 2/5 | Batch: 0/715 | Loss: 0.578435
2025-04-10T19:56:38.974445+0800 INFO Client 5 | Rank: 6 | Epoch: 2/5 | Batch: 100/715 | Loss: 0.509347
2025-04-10T19:56:54.277677+0800 INFO Client 5 | Rank: 6 | Epoch: 2/5 | Batch: 200/715 | Loss: 0.753450
2025-04-10T19:57:09.370116+0800 INFO Client 5 | Rank: 6 | Epoch: 2/5 | Batch: 300/715 | Loss: 0.667615
2025-04-10T19:57:24.306485+0800 INFO Client 5 | Rank: 6 | Epoch: 2/5 | Batch: 400/715 | Loss: 0.770738
2025-04-10T19:57:39.675228+0800 INFO Client 5 | Rank: 6 | Epoch: 2/5 | Batch: 500/715 | Loss: 0.560314
2025-04-10T19:57:54.739068+0800 INFO Client 5 | Rank: 6 | Epoch: 2/5 | Batch: 600/715 | Loss: 0.447043
2025-04-10T19:58:09.591179+0800 INFO Client 5 | Rank: 6 | Epoch: 2/5 | Batch: 700/715 | Loss: 0.788182
2025-04-10T19:58:11.924468+0800 INFO Client 5 | Rank: 6 | Epoch: 3/5 | Batch: 0/715 | Loss: 0.533901
2025-04-10T19:58:26.952443+0800 INFO Client 5 | Rank: 6 | Epoch: 3/5 | Batch: 100/715 | Loss: 0.514795
2025-04-10T19:58:42.235620+0800 INFO Client 5 | Rank: 6 | Epoch: 3/5 | Batch: 200/715 | Loss: 0.454816
2025-04-10T19:58:57.352645+0800 INFO Client 5 | Rank: 6 | Epoch: 3/5 | Batch: 300/715 | Loss: 0.707875
2025-04-10T19:59:12.674674+0800 INFO Client 5 | Rank: 6 | Epoch: 3/5 | Batch: 400/715 | Loss: 0.505931
2025-04-10T19:59:28.066266+0800 INFO Client 5 | Rank: 6 | Epoch: 3/5 | Batch: 500/715 | Loss: 0.674732
2025-04-10T19:59:43.172482+0800 INFO Client 5 | Rank: 6 | Epoch: 3/5 | Batch: 600/715 | Loss: 0.611404
2025-04-10T19:59:58.479978+0800 INFO Client 5 | Rank: 6 | Epoch: 3/5 | Batch: 700/715 | Loss: 0.685574
2025-04-10T20:00:00.789375+0800 INFO Client 5 | Rank: 6 | Epoch: 4/5 | Batch: 0/715 | Loss: 0.480177
2025-04-10T20:00:16.297248+0800 INFO Client 5 | Rank: 6 | Epoch: 4/5 | Batch: 100/715 | Loss: 0.798324
2025-04-10T20:00:31.662233+0800 INFO Client 5 | Rank: 6 | Epoch: 4/5 | Batch: 200/715 | Loss: 0.911260
2025-04-10T20:00:46.844277+0800 INFO Client 5 | Rank: 6 | Epoch: 4/5 | Batch: 300/715 | Loss: 0.416445
2025-04-10T20:01:01.921503+0800 INFO Client 5 | Rank: 6 | Epoch: 4/5 | Batch: 400/715 | Loss: 0.472967
2025-04-10T20:01:16.829646+0800 INFO Client 5 | Rank: 6 | Epoch: 4/5 | Batch: 500/715 | Loss: 0.465907
2025-04-10T20:01:31.859256+0800 INFO Client 5 | Rank: 6 | Epoch: 4/5 | Batch: 600/715 | Loss: 0.816873
2025-04-10T20:01:46.912393+0800 INFO Client 5 | Rank: 6 | Epoch: 4/5 | Batch: 700/715 | Loss: 0.437165
2025-04-10T20:01:49.562770+0800 INFO Rank 6 received the global model
2025-04-10T20:01:49.563766+0800 INFO Client 5 | Rank: 6 | Update model
2025-04-10T20:01:49.844510+0800 INFO Client 5 | Rank: 6 | Epoch: 0/5 | Batch: 0/715 | Loss: 1.704972
2025-04-10T20:02:04.621954+0800 INFO Client 5 | Rank: 6 | Epoch: 0/5 | Batch: 100/715 | Loss: 0.543260
2025-04-10T20:02:19.739075+0800 INFO Client 5 | Rank: 6 | Epoch: 0/5 | Batch: 200/715 | Loss: 0.895948
2025-04-10T20:02:34.602196+0800 INFO Client 5 | Rank: 6 | Epoch: 0/5 | Batch: 300/715 | Loss: 0.574675
2025-04-10T20:02:49.230012+0800 INFO Client 5 | Rank: 6 | Epoch: 0/5 | Batch: 400/715 | Loss: 1.225687
2025-04-10T20:03:04.422205+0800 INFO Client 5 | Rank: 6 | Epoch: 0/5 | Batch: 500/715 | Loss: 1.133887
2025-04-10T20:03:19.822546+0800 INFO Client 5 | Rank: 6 | Epoch: 0/5 | Batch: 600/715 | Loss: 0.971923
2025-04-10T20:03:35.090607+0800 INFO Client 5 | Rank: 6 | Epoch: 0/5 | Batch: 700/715 | Loss: 0.695544
2025-04-10T20:03:37.208219+0800 INFO Client 5 | Rank: 6 | Epoch: 1/5 | Batch: 0/715 | Loss: 0.975196
2025-04-10T20:03:52.096866+0800 INFO Client 5 | Rank: 6 | Epoch: 1/5 | Batch: 100/715 | Loss: 0.433324
2025-04-10T20:04:07.558871+0800 INFO Client 5 | Rank: 6 | Epoch: 1/5 | Batch: 200/715 | Loss: 0.407495
2025-04-10T20:04:22.713688+0800 INFO Client 5 | Rank: 6 | Epoch: 1/5 | Batch: 300/715 | Loss: 0.813251
2025-04-10T20:04:37.802443+0800 INFO Client 5 | Rank: 6 | Epoch: 1/5 | Batch: 400/715 | Loss: 0.703777
2025-04-10T20:04:52.952439+0800 INFO Client 5 | Rank: 6 | Epoch: 1/5 | Batch: 500/715 | Loss: 0.869685
2025-04-10T20:05:08.196061+0800 INFO Client 5 | Rank: 6 | Epoch: 1/5 | Batch: 600/715 | Loss: 0.541887
2025-04-10T20:05:22.953375+0800 INFO Client 5 | Rank: 6 | Epoch: 1/5 | Batch: 700/715 | Loss: 0.620629
2025-04-10T20:05:25.244256+0800 INFO Client 5 | Rank: 6 | Epoch: 2/5 | Batch: 0/715 | Loss: 0.411587
2025-04-10T20:05:40.326287+0800 INFO Client 5 | Rank: 6 | Epoch: 2/5 | Batch: 100/715 | Loss: 0.534463
2025-04-10T20:05:55.417351+0800 INFO Client 5 | Rank: 6 | Epoch: 2/5 | Batch: 200/715 | Loss: 0.450604
2025-04-10T20:06:10.622443+0800 INFO Client 5 | Rank: 6 | Epoch: 2/5 | Batch: 300/715 | Loss: 0.642091
2025-04-10T20:06:26.074716+0800 INFO Client 5 | Rank: 6 | Epoch: 2/5 | Batch: 400/715 | Loss: 0.456463
2025-04-10T20:06:40.672475+0800 INFO Client 5 | Rank: 6 | Epoch: 2/5 | Batch: 500/715 | Loss: 0.761937
2025-04-10T20:06:56.018498+0800 INFO Client 5 | Rank: 6 | Epoch: 2/5 | Batch: 600/715 | Loss: 1.291468
2025-04-10T20:07:11.262746+0800 INFO Client 5 | Rank: 6 | Epoch: 2/5 | Batch: 700/715 | Loss: 0.659867
2025-04-10T20:07:13.634856+0800 INFO Client 5 | Rank: 6 | Epoch: 3/5 | Batch: 0/715 | Loss: 0.705872
2025-04-10T20:07:28.975259+0800 INFO Client 5 | Rank: 6 | Epoch: 3/5 | Batch: 100/715 | Loss: 0.420581
2025-04-10T20:07:44.246908+0800 INFO Client 5 | Rank: 6 | Epoch: 3/5 | Batch: 200/715 | Loss: 0.527404
2025-04-10T20:07:59.459931+0800 INFO Client 5 | Rank: 6 | Epoch: 3/5 | Batch: 300/715 | Loss: 0.504111
2025-04-10T20:08:14.769129+0800 INFO Client 5 | Rank: 6 | Epoch: 3/5 | Batch: 400/715 | Loss: 0.723926
2025-04-10T20:08:29.953462+0800 INFO Client 5 | Rank: 6 | Epoch: 3/5 | Batch: 500/715 | Loss: 0.420393
2025-04-10T20:08:44.794646+0800 INFO Client 5 | Rank: 6 | Epoch: 3/5 | Batch: 600/715 | Loss: 0.398665
2025-04-10T20:08:59.918054+0800 INFO Client 5 | Rank: 6 | Epoch: 3/5 | Batch: 700/715 | Loss: 0.412668
2025-04-10T20:09:02.250370+0800 INFO Client 5 | Rank: 6 | Epoch: 4/5 | Batch: 0/715 | Loss: 0.417773
2025-04-10T20:09:17.209852+0800 INFO Client 5 | Rank: 6 | Epoch: 4/5 | Batch: 100/715 | Loss: 0.413253
2025-04-10T20:09:32.286454+0800 INFO Client 5 | Rank: 6 | Epoch: 4/5 | Batch: 200/715 | Loss: 0.408092
2025-04-10T20:09:47.404105+0800 INFO Client 5 | Rank: 6 | Epoch: 4/5 | Batch: 300/715 | Loss: 0.420079
2025-04-10T20:10:02.710507+0800 INFO Client 5 | Rank: 6 | Epoch: 4/5 | Batch: 400/715 | Loss: 0.509252
2025-04-10T20:10:18.077401+0800 INFO Client 5 | Rank: 6 | Epoch: 4/5 | Batch: 500/715 | Loss: 0.496064
2025-04-10T20:10:33.079394+0800 INFO Client 5 | Rank: 6 | Epoch: 4/5 | Batch: 600/715 | Loss: 0.742922
2025-04-10T20:10:48.161666+0800 INFO Client 5 | Rank: 6 | Epoch: 4/5 | Batch: 700/715 | Loss: 0.538306
2025-04-10T20:10:50.936112+0800 INFO Rank 6 received the global model
2025-04-10T20:10:50.937108+0800 INFO Client 5 | Rank: 6 | Update model
2025-04-10T20:10:51.235792+0800 INFO Client 5 | Rank: 6 | Epoch: 0/5 | Batch: 0/715 | Loss: 1.977342
2025-04-10T20:11:06.632795+0800 INFO Client 5 | Rank: 6 | Epoch: 0/5 | Batch: 100/715 | Loss: 0.567714
2025-04-10T20:11:21.680055+0800 INFO Client 5 | Rank: 6 | Epoch: 0/5 | Batch: 200/715 | Loss: 0.959672
2025-04-10T20:11:36.821691+0800 INFO Client 5 | Rank: 6 | Epoch: 0/5 | Batch: 300/715 | Loss: 0.581276
2025-04-10T20:11:52.001768+0800 INFO Client 5 | Rank: 6 | Epoch: 0/5 | Batch: 400/715 | Loss: 0.471488
2025-04-10T20:12:07.281467+0800 INFO Client 5 | Rank: 6 | Epoch: 0/5 | Batch: 500/715 | Loss: 0.511498
2025-04-10T20:12:22.326750+0800 INFO Client 5 | Rank: 6 | Epoch: 0/5 | Batch: 600/715 | Loss: 0.665072
2025-04-10T20:12:37.284432+0800 INFO Client 5 | Rank: 6 | Epoch: 0/5 | Batch: 700/715 | Loss: 0.955974
2025-04-10T20:12:39.506628+0800 INFO Client 5 | Rank: 6 | Epoch: 1/5 | Batch: 0/715 | Loss: 0.504649
2025-04-10T20:12:54.893036+0800 INFO Client 5 | Rank: 6 | Epoch: 1/5 | Batch: 100/715 | Loss: 0.638845
2025-04-10T20:13:09.989776+0800 INFO Client 5 | Rank: 6 | Epoch: 1/5 | Batch: 200/715 | Loss: 0.599407
2025-04-10T20:13:25.030041+0800 INFO Client 5 | Rank: 6 | Epoch: 1/5 | Batch: 300/715 | Loss: 0.563657
2025-04-10T20:13:39.555191+0800 INFO Client 5 | Rank: 6 | Epoch: 1/5 | Batch: 400/715 | Loss: 0.522388
2025-04-10T20:13:54.589459+0800 INFO Client 5 | Rank: 6 | Epoch: 1/5 | Batch: 500/715 | Loss: 0.809948
2025-04-10T20:14:09.528917+0800 INFO Client 5 | Rank: 6 | Epoch: 1/5 | Batch: 600/715 | Loss: 0.870113
2025-04-10T20:14:24.889413+0800 INFO Client 5 | Rank: 6 | Epoch: 1/5 | Batch: 700/715 | Loss: 0.510073
2025-04-10T20:14:27.048312+0800 INFO Client 5 | Rank: 6 | Epoch: 2/5 | Batch: 0/715 | Loss: 0.775449
2025-04-10T20:14:42.191996+0800 INFO Client 5 | Rank: 6 | Epoch: 2/5 | Batch: 100/715 | Loss: 0.417545
2025-04-10T20:14:57.272849+0800 INFO Client 5 | Rank: 6 | Epoch: 2/5 | Batch: 200/715 | Loss: 0.454262
2025-04-10T20:15:12.425572+0800 INFO Client 5 | Rank: 6 | Epoch: 2/5 | Batch: 300/715 | Loss: 0.399686
2025-04-10T20:15:27.387783+0800 INFO Client 5 | Rank: 6 | Epoch: 2/5 | Batch: 400/715 | Loss: 0.730153
2025-04-10T20:15:42.632209+0800 INFO Client 5 | Rank: 6 | Epoch: 2/5 | Batch: 500/715 | Loss: 0.535846
2025-04-10T20:15:57.633303+0800 INFO Client 5 | Rank: 6 | Epoch: 2/5 | Batch: 600/715 | Loss: 1.017997
2025-04-10T20:16:12.788894+0800 INFO Client 5 | Rank: 6 | Epoch: 2/5 | Batch: 700/715 | Loss: 0.620304
2025-04-10T20:16:15.147570+0800 INFO Client 5 | Rank: 6 | Epoch: 3/5 | Batch: 0/715 | Loss: 0.428760
2025-04-10T20:16:30.087558+0800 INFO Client 5 | Rank: 6 | Epoch: 3/5 | Batch: 100/715 | Loss: 0.417646
2025-04-10T20:16:45.166629+0800 INFO Client 5 | Rank: 6 | Epoch: 3/5 | Batch: 200/715 | Loss: 0.500681
2025-04-10T20:17:00.394168+0800 INFO Client 5 | Rank: 6 | Epoch: 3/5 | Batch: 300/715 | Loss: 0.583686
2025-04-10T20:17:15.276290+0800 INFO Client 5 | Rank: 6 | Epoch: 3/5 | Batch: 400/715 | Loss: 0.393486
2025-04-10T20:17:30.846538+0800 INFO Client 5 | Rank: 6 | Epoch: 3/5 | Batch: 500/715 | Loss: 0.721881
2025-04-10T20:17:45.751628+0800 INFO Client 5 | Rank: 6 | Epoch: 3/5 | Batch: 600/715 | Loss: 1.019902
2025-04-10T20:18:01.071528+0800 INFO Client 5 | Rank: 6 | Epoch: 3/5 | Batch: 700/715 | Loss: 0.568728
2025-04-10T20:18:03.396268+0800 INFO Client 5 | Rank: 6 | Epoch: 4/5 | Batch: 0/715 | Loss: 0.558608
2025-04-10T20:18:18.400049+0800 INFO Client 5 | Rank: 6 | Epoch: 4/5 | Batch: 100/715 | Loss: 0.434726
2025-04-10T20:18:33.833567+0800 INFO Client 5 | Rank: 6 | Epoch: 4/5 | Batch: 200/715 | Loss: 0.438215
2025-04-10T20:18:49.036939+0800 INFO Client 5 | Rank: 6 | Epoch: 4/5 | Batch: 300/715 | Loss: 0.412190
2025-04-10T20:19:04.083354+0800 INFO Client 5 | Rank: 6 | Epoch: 4/5 | Batch: 400/715 | Loss: 0.504182
2025-04-10T20:19:19.262488+0800 INFO Client 5 | Rank: 6 | Epoch: 4/5 | Batch: 500/715 | Loss: 0.425366
2025-04-10T20:19:34.396615+0800 INFO Client 5 | Rank: 6 | Epoch: 4/5 | Batch: 600/715 | Loss: 0.512489
2025-04-10T20:19:49.594860+0800 INFO Client 5 | Rank: 6 | Epoch: 4/5 | Batch: 700/715 | Loss: 0.517082
2025-04-10T20:19:52.292164+0800 INFO Rank 6 received the global model
2025-04-10T20:19:52.292164+0800 INFO Client 5 | Rank: 6 | Update model
2025-04-10T20:19:52.610748+0800 INFO Client 5 | Rank: 6 | Epoch: 0/5 | Batch: 0/715 | Loss: 1.256849
2025-04-10T20:20:07.271982+0800 INFO Client 5 | Rank: 6 | Epoch: 0/5 | Batch: 100/715 | Loss: 0.537907
2025-04-10T20:20:22.366763+0800 INFO Client 5 | Rank: 6 | Epoch: 0/5 | Batch: 200/715 | Loss: 0.632730
2025-04-10T20:20:37.300052+0800 INFO Client 5 | Rank: 6 | Epoch: 0/5 | Batch: 300/715 | Loss: 0.808856
2025-04-10T20:20:52.291853+0800 INFO Client 5 | Rank: 6 | Epoch: 0/5 | Batch: 400/715 | Loss: 1.675198
2025-04-10T20:21:07.498702+0800 INFO Client 5 | Rank: 6 | Epoch: 0/5 | Batch: 500/715 | Loss: 0.407752
2025-04-10T20:21:22.507309+0800 INFO Client 5 | Rank: 6 | Epoch: 0/5 | Batch: 600/715 | Loss: 1.376525
2025-04-10T20:21:38.176692+0800 INFO Client 5 | Rank: 6 | Epoch: 0/5 | Batch: 700/715 | Loss: 0.703802
2025-04-10T20:21:40.493760+0800 INFO Client 5 | Rank: 6 | Epoch: 1/5 | Batch: 0/715 | Loss: 0.408458
2025-04-10T20:21:55.557223+0800 INFO Client 5 | Rank: 6 | Epoch: 1/5 | Batch: 100/715 | Loss: 0.666175
2025-04-10T20:22:10.784307+0800 INFO Client 5 | Rank: 6 | Epoch: 1/5 | Batch: 200/715 | Loss: 0.631589
2025-04-10T20:22:25.930905+0800 INFO Client 5 | Rank: 6 | Epoch: 1/5 | Batch: 300/715 | Loss: 0.607732
2025-04-10T20:22:41.291036+0800 INFO Client 5 | Rank: 6 | Epoch: 1/5 | Batch: 400/715 | Loss: 0.554025
2025-04-10T20:22:56.621219+0800 INFO Client 5 | Rank: 6 | Epoch: 1/5 | Batch: 500/715 | Loss: 0.689664
2025-04-10T20:23:11.958207+0800 INFO Client 5 | Rank: 6 | Epoch: 1/5 | Batch: 600/715 | Loss: 0.410627
2025-04-10T20:23:27.155473+0800 INFO Client 5 | Rank: 6 | Epoch: 1/5 | Batch: 700/715 | Loss: 0.417484
2025-04-10T20:23:29.437118+0800 INFO Client 5 | Rank: 6 | Epoch: 2/5 | Batch: 0/715 | Loss: 0.421606
2025-04-10T20:23:44.698946+0800 INFO Client 5 | Rank: 6 | Epoch: 2/5 | Batch: 100/715 | Loss: 0.594517
2025-04-10T20:24:00.398535+0800 INFO Client 5 | Rank: 6 | Epoch: 2/5 | Batch: 200/715 | Loss: 0.429312
2025-04-10T20:24:15.409534+0800 INFO Client 5 | Rank: 6 | Epoch: 2/5 | Batch: 300/715 | Loss: 0.492948
2025-04-10T20:24:30.546974+0800 INFO Client 5 | Rank: 6 | Epoch: 2/5 | Batch: 400/715 | Loss: 0.400692
2025-04-10T20:24:45.535034+0800 INFO Client 5 | Rank: 6 | Epoch: 2/5 | Batch: 500/715 | Loss: 0.723854
2025-04-10T20:25:00.740174+0800 INFO Client 5 | Rank: 6 | Epoch: 2/5 | Batch: 600/715 | Loss: 0.438350
2025-04-10T20:25:15.622745+0800 INFO Client 5 | Rank: 6 | Epoch: 2/5 | Batch: 700/715 | Loss: 0.661335
2025-04-10T20:25:17.981354+0800 INFO Client 5 | Rank: 6 | Epoch: 3/5 | Batch: 0/715 | Loss: 0.393627
2025-04-10T20:25:33.017949+0800 INFO Client 5 | Rank: 6 | Epoch: 3/5 | Batch: 100/715 | Loss: 0.544917
2025-04-10T20:25:48.215962+0800 INFO Client 5 | Rank: 6 | Epoch: 3/5 | Batch: 200/715 | Loss: 0.417973
2025-04-10T20:26:03.284797+0800 INFO Client 5 | Rank: 6 | Epoch: 3/5 | Batch: 300/715 | Loss: 0.393872
2025-04-10T20:26:18.125647+0800 INFO Client 5 | Rank: 6 | Epoch: 3/5 | Batch: 400/715 | Loss: 0.519269
2025-04-10T20:26:33.243133+0800 INFO Client 5 | Rank: 6 | Epoch: 3/5 | Batch: 500/715 | Loss: 0.379940
2025-04-10T20:26:48.651741+0800 INFO Client 5 | Rank: 6 | Epoch: 3/5 | Batch: 600/715 | Loss: 0.438885
2025-04-10T20:27:03.427367+0800 INFO Client 5 | Rank: 6 | Epoch: 3/5 | Batch: 700/715 | Loss: 0.758502
2025-04-10T20:27:05.684047+0800 INFO Client 5 | Rank: 6 | Epoch: 4/5 | Batch: 0/715 | Loss: 0.409471
2025-04-10T20:27:21.061749+0800 INFO Client 5 | Rank: 6 | Epoch: 4/5 | Batch: 100/715 | Loss: 0.957946
2025-04-10T20:27:36.196465+0800 INFO Client 5 | Rank: 6 | Epoch: 4/5 | Batch: 200/715 | Loss: 0.382479
2025-04-10T20:27:51.143698+0800 INFO Client 5 | Rank: 6 | Epoch: 4/5 | Batch: 300/715 | Loss: 0.541217
2025-04-10T20:28:06.074013+0800 INFO Client 5 | Rank: 6 | Epoch: 4/5 | Batch: 400/715 | Loss: 0.388002
2025-04-10T20:28:20.914773+0800 INFO Client 5 | Rank: 6 | Epoch: 4/5 | Batch: 500/715 | Loss: 0.504149
2025-04-10T20:28:36.448641+0800 INFO Client 5 | Rank: 6 | Epoch: 4/5 | Batch: 600/715 | Loss: 0.414237
2025-04-10T20:28:51.384601+0800 INFO Client 5 | Rank: 6 | Epoch: 4/5 | Batch: 700/715 | Loss: 0.421766
2025-04-10T20:28:57.308829+0800 INFO Rank 6 received the global model
2025-04-10T20:28:57.308829+0800 INFO Client 5 | Rank: 6 | Update model
2025-04-10T20:28:57.633405+0800 INFO Client 5 | Rank: 6 | Epoch: 0/5 | Batch: 0/715 | Loss: 0.853837
2025-04-10T20:29:12.970352+0800 INFO Client 5 | Rank: 6 | Epoch: 0/5 | Batch: 100/715 | Loss: 0.307958
2025-04-10T20:29:28.028457+0800 INFO Client 5 | Rank: 6 | Epoch: 0/5 | Batch: 200/715 | Loss: 0.509149
2025-04-10T20:29:43.458856+0800 INFO Client 5 | Rank: 6 | Epoch: 0/5 | Batch: 300/715 | Loss: 0.803922
2025-04-10T20:29:58.686283+0800 INFO Client 5 | Rank: 6 | Epoch: 0/5 | Batch: 400/715 | Loss: 0.475292
2025-04-10T20:30:13.982807+0800 INFO Client 5 | Rank: 6 | Epoch: 0/5 | Batch: 500/715 | Loss: 0.598809
2025-04-10T20:30:29.090399+0800 INFO Client 5 | Rank: 6 | Epoch: 0/5 | Batch: 600/715 | Loss: 0.643426
2025-04-10T20:30:44.194174+0800 INFO Client 5 | Rank: 6 | Epoch: 0/5 | Batch: 700/715 | Loss: 0.631585
2025-04-10T20:30:46.365249+0800 INFO Client 5 | Rank: 6 | Epoch: 1/5 | Batch: 0/715 | Loss: 0.643966
2025-04-10T20:31:01.109451+0800 INFO Client 5 | Rank: 6 | Epoch: 1/5 | Batch: 100/715 | Loss: 0.663920
2025-04-10T20:31:16.375812+0800 INFO Client 5 | Rank: 6 | Epoch: 1/5 | Batch: 200/715 | Loss: 0.528979
2025-04-10T20:31:31.637697+0800 INFO Client 5 | Rank: 6 | Epoch: 1/5 | Batch: 300/715 | Loss: 0.516174
2025-04-10T20:31:46.891200+0800 INFO Client 5 | Rank: 6 | Epoch: 1/5 | Batch: 400/715 | Loss: 0.658232
2025-04-10T20:32:02.188442+0800 INFO Client 5 | Rank: 6 | Epoch: 1/5 | Batch: 500/715 | Loss: 0.775696
2025-04-10T20:32:17.211655+0800 INFO Client 5 | Rank: 6 | Epoch: 1/5 | Batch: 600/715 | Loss: 0.448234
2025-04-10T20:32:33.181963+0800 INFO Client 5 | Rank: 6 | Epoch: 1/5 | Batch: 700/715 | Loss: 0.647207
2025-04-10T20:32:35.444097+0800 INFO Client 5 | Rank: 6 | Epoch: 2/5 | Batch: 0/715 | Loss: 0.364006
2025-04-10T20:32:50.365171+0800 INFO Client 5 | Rank: 6 | Epoch: 2/5 | Batch: 100/715 | Loss: 0.387630
2025-04-10T20:33:05.594549+0800 INFO Client 5 | Rank: 6 | Epoch: 2/5 | Batch: 200/715 | Loss: 0.448846
2025-04-10T20:33:20.770223+0800 INFO Client 5 | Rank: 6 | Epoch: 2/5 | Batch: 300/715 | Loss: 0.408929
2025-04-10T20:33:35.776153+0800 INFO Client 5 | Rank: 6 | Epoch: 2/5 | Batch: 400/715 | Loss: 0.439305
2025-04-10T20:33:50.629228+0800 INFO Client 5 | Rank: 6 | Epoch: 2/5 | Batch: 500/715 | Loss: 0.865299
2025-04-10T20:34:05.551692+0800 INFO Client 5 | Rank: 6 | Epoch: 2/5 | Batch: 600/715 | Loss: 0.447132
2025-04-10T20:34:20.794155+0800 INFO Client 5 | Rank: 6 | Epoch: 2/5 | Batch: 700/715 | Loss: 0.588739
2025-04-10T20:34:23.004118+0800 INFO Client 5 | Rank: 6 | Epoch: 3/5 | Batch: 0/715 | Loss: 0.441903
2025-04-10T20:34:38.419635+0800 INFO Client 5 | Rank: 6 | Epoch: 3/5 | Batch: 100/715 | Loss: 0.479194
2025-04-10T20:34:53.393845+0800 INFO Client 5 | Rank: 6 | Epoch: 3/5 | Batch: 200/715 | Loss: 0.421890
2025-04-10T20:35:08.474113+0800 INFO Client 5 | Rank: 6 | Epoch: 3/5 | Batch: 300/715 | Loss: 0.372724
2025-04-10T20:35:23.437627+0800 INFO Client 5 | Rank: 6 | Epoch: 3/5 | Batch: 400/715 | Loss: 0.384573
2025-04-10T20:35:38.821728+0800 INFO Client 5 | Rank: 6 | Epoch: 3/5 | Batch: 500/715 | Loss: 0.583201
2025-04-10T20:35:53.862241+0800 INFO Client 5 | Rank: 6 | Epoch: 3/5 | Batch: 600/715 | Loss: 0.417249
2025-04-10T20:36:08.959136+0800 INFO Client 5 | Rank: 6 | Epoch: 3/5 | Batch: 700/715 | Loss: 0.441479
2025-04-10T20:36:11.137181+0800 INFO Client 5 | Rank: 6 | Epoch: 4/5 | Batch: 0/715 | Loss: 0.399991
2025-04-10T20:36:25.878182+0800 INFO Client 5 | Rank: 6 | Epoch: 4/5 | Batch: 100/715 | Loss: 0.381828
2025-04-10T20:36:40.878143+0800 INFO Client 5 | Rank: 6 | Epoch: 4/5 | Batch: 200/715 | Loss: 0.388941
2025-04-10T20:36:56.323164+0800 INFO Client 5 | Rank: 6 | Epoch: 4/5 | Batch: 300/715 | Loss: 0.430419
2025-04-10T20:37:11.412787+0800 INFO Client 5 | Rank: 6 | Epoch: 4/5 | Batch: 400/715 | Loss: 0.418900
2025-04-10T20:37:26.135926+0800 INFO Client 5 | Rank: 6 | Epoch: 4/5 | Batch: 500/715 | Loss: 0.522100
2025-04-10T20:37:41.425019+0800 INFO Client 5 | Rank: 6 | Epoch: 4/5 | Batch: 600/715 | Loss: 0.569227
2025-04-10T20:37:56.514798+0800 INFO Client 5 | Rank: 6 | Epoch: 4/5 | Batch: 700/715 | Loss: 0.652928
2025-04-10T20:37:59.253330+0800 INFO Rank 6 received the global model
2025-04-10T20:37:59.254325+0800 INFO Client 5 | Rank: 6 | Update model
2025-04-10T20:37:59.510198+0800 INFO Client 5 | Rank: 6 | Epoch: 0/5 | Batch: 0/715 | Loss: 1.404735
2025-04-10T20:38:14.623148+0800 INFO Client 5 | Rank: 6 | Epoch: 0/5 | Batch: 100/715 | Loss: 0.438145
2025-04-10T20:38:29.825765+0800 INFO Client 5 | Rank: 6 | Epoch: 0/5 | Batch: 200/715 | Loss: 1.172270
2025-04-10T20:38:44.664696+0800 INFO Client 5 | Rank: 6 | Epoch: 0/5 | Batch: 300/715 | Loss: 0.861338
2025-04-10T20:38:59.829286+0800 INFO Client 5 | Rank: 6 | Epoch: 0/5 | Batch: 400/715 | Loss: 0.737590
2025-04-10T20:39:15.390453+0800 INFO Client 5 | Rank: 6 | Epoch: 0/5 | Batch: 500/715 | Loss: 0.707429
2025-04-10T20:39:30.645280+0800 INFO Client 5 | Rank: 6 | Epoch: 0/5 | Batch: 600/715 | Loss: 0.643421
2025-04-10T20:39:45.975717+0800 INFO Client 5 | Rank: 6 | Epoch: 0/5 | Batch: 700/715 | Loss: 0.765329
2025-04-10T20:39:48.247252+0800 INFO Client 5 | Rank: 6 | Epoch: 1/5 | Batch: 0/715 | Loss: 0.386685
2025-04-10T20:40:03.434850+0800 INFO Client 5 | Rank: 6 | Epoch: 1/5 | Batch: 100/715 | Loss: 0.383256
2025-04-10T20:40:18.550692+0800 INFO Client 5 | Rank: 6 | Epoch: 1/5 | Batch: 200/715 | Loss: 0.446216
2025-04-10T20:40:33.790613+0800 INFO Client 5 | Rank: 6 | Epoch: 1/5 | Batch: 300/715 | Loss: 0.803791
2025-04-10T20:40:48.758134+0800 INFO Client 5 | Rank: 6 | Epoch: 1/5 | Batch: 400/715 | Loss: 0.430585
2025-04-10T20:41:03.752941+0800 INFO Client 5 | Rank: 6 | Epoch: 1/5 | Batch: 500/715 | Loss: 0.485235
2025-04-10T20:41:18.630244+0800 INFO Client 5 | Rank: 6 | Epoch: 1/5 | Batch: 600/715 | Loss: 0.411146
2025-04-10T20:41:33.707673+0800 INFO Client 5 | Rank: 6 | Epoch: 1/5 | Batch: 700/715 | Loss: 0.629161
2025-04-10T20:41:36.016704+0800 INFO Client 5 | Rank: 6 | Epoch: 2/5 | Batch: 0/715 | Loss: 0.741172
2025-04-10T20:41:51.002140+0800 INFO Client 5 | Rank: 6 | Epoch: 2/5 | Batch: 100/715 | Loss: 0.375896
2025-04-10T20:42:05.636311+0800 INFO Client 5 | Rank: 6 | Epoch: 2/5 | Batch: 200/715 | Loss: 0.397320
2025-04-10T20:42:20.930446+0800 INFO Client 5 | Rank: 6 | Epoch: 2/5 | Batch: 300/715 | Loss: 0.524219
2025-04-10T20:42:36.393384+0800 INFO Client 5 | Rank: 6 | Epoch: 2/5 | Batch: 400/715 | Loss: 0.509521
2025-04-10T20:42:51.777009+0800 INFO Client 5 | Rank: 6 | Epoch: 2/5 | Batch: 500/715 | Loss: 0.425499
2025-04-10T20:43:06.695380+0800 INFO Client 5 | Rank: 6 | Epoch: 2/5 | Batch: 600/715 | Loss: 0.419646
2025-04-10T20:43:22.236076+0800 INFO Client 5 | Rank: 6 | Epoch: 2/5 | Batch: 700/715 | Loss: 0.463418
2025-04-10T20:43:24.452358+0800 INFO Client 5 | Rank: 6 | Epoch: 3/5 | Batch: 0/715 | Loss: 0.579532
2025-04-10T20:43:39.932501+0800 INFO Client 5 | Rank: 6 | Epoch: 3/5 | Batch: 100/715 | Loss: 0.505202
2025-04-10T20:43:54.939841+0800 INFO Client 5 | Rank: 6 | Epoch: 3/5 | Batch: 200/715 | Loss: 0.518474
2025-04-10T20:44:10.003340+0800 INFO Client 5 | Rank: 6 | Epoch: 3/5 | Batch: 300/715 | Loss: 0.391638
2025-04-10T20:44:25.410880+0800 INFO Client 5 | Rank: 6 | Epoch: 3/5 | Batch: 400/715 | Loss: 0.402412
2025-04-10T20:44:40.565513+0800 INFO Client 5 | Rank: 6 | Epoch: 3/5 | Batch: 500/715 | Loss: 0.381947
2025-04-10T20:44:55.978935+0800 INFO Client 5 | Rank: 6 | Epoch: 3/5 | Batch: 600/715 | Loss: 0.406691
2025-04-10T20:45:11.039891+0800 INFO Client 5 | Rank: 6 | Epoch: 3/5 | Batch: 700/715 | Loss: 0.368353
2025-04-10T20:45:13.373777+0800 INFO Client 5 | Rank: 6 | Epoch: 4/5 | Batch: 0/715 | Loss: 0.532931
2025-04-10T20:45:28.400285+0800 INFO Client 5 | Rank: 6 | Epoch: 4/5 | Batch: 100/715 | Loss: 0.467578
2025-04-10T20:45:43.630311+0800 INFO Client 5 | Rank: 6 | Epoch: 4/5 | Batch: 200/715 | Loss: 0.393493
2025-04-10T20:45:58.651627+0800 INFO Client 5 | Rank: 6 | Epoch: 4/5 | Batch: 300/715 | Loss: 0.382631
2025-04-10T20:46:13.676993+0800 INFO Client 5 | Rank: 6 | Epoch: 4/5 | Batch: 400/715 | Loss: 0.562413
2025-04-10T20:46:28.475857+0800 INFO Client 5 | Rank: 6 | Epoch: 4/5 | Batch: 500/715 | Loss: 0.449921
2025-04-10T20:46:43.835945+0800 INFO Client 5 | Rank: 6 | Epoch: 4/5 | Batch: 600/715 | Loss: 0.455218
2025-04-10T20:46:59.030276+0800 INFO Client 5 | Rank: 6 | Epoch: 4/5 | Batch: 700/715 | Loss: 0.481706
2025-04-10T20:47:01.668880+0800 INFO Rank 6 received the global model
2025-04-10T20:47:01.669876+0800 INFO Client 5 | Rank: 6 | Update model
2025-04-10T20:47:01.975523+0800 INFO Client 5 | Rank: 6 | Epoch: 0/5 | Batch: 0/715 | Loss: 1.034239
2025-04-10T20:47:17.220640+0800 INFO Client 5 | Rank: 6 | Epoch: 0/5 | Batch: 100/715 | Loss: 0.451677
2025-04-10T20:47:32.262801+0800 INFO Client 5 | Rank: 6 | Epoch: 0/5 | Batch: 200/715 | Loss: 1.008405
2025-04-10T20:47:47.548894+0800 INFO Client 5 | Rank: 6 | Epoch: 0/5 | Batch: 300/715 | Loss: 0.574644
2025-04-10T20:48:02.489958+0800 INFO Client 5 | Rank: 6 | Epoch: 0/5 | Batch: 400/715 | Loss: 0.359951
2025-04-10T20:48:17.642638+0800 INFO Client 5 | Rank: 6 | Epoch: 0/5 | Batch: 500/715 | Loss: 0.696259
2025-04-10T20:48:32.501115+0800 INFO Client 5 | Rank: 6 | Epoch: 0/5 | Batch: 600/715 | Loss: 0.499802
2025-04-10T20:48:47.792618+0800 INFO Client 5 | Rank: 6 | Epoch: 0/5 | Batch: 700/715 | Loss: 0.603940
2025-04-10T20:48:50.091083+0800 INFO Client 5 | Rank: 6 | Epoch: 1/5 | Batch: 0/715 | Loss: 0.977526
2025-04-10T20:49:05.115373+0800 INFO Client 5 | Rank: 6 | Epoch: 1/5 | Batch: 100/715 | Loss: 0.463810
2025-04-10T20:49:20.023097+0800 INFO Client 5 | Rank: 6 | Epoch: 1/5 | Batch: 200/715 | Loss: 0.607549
2025-04-10T20:49:35.102225+0800 INFO Client 5 | Rank: 6 | Epoch: 1/5 | Batch: 300/715 | Loss: 0.385599
2025-04-10T20:49:49.754516+0800 INFO Client 5 | Rank: 6 | Epoch: 1/5 | Batch: 400/715 | Loss: 0.652022
2025-04-10T20:50:05.054912+0800 INFO Client 5 | Rank: 6 | Epoch: 1/5 | Batch: 500/715 | Loss: 0.779226
2025-04-10T20:50:20.283504+0800 INFO Client 5 | Rank: 6 | Epoch: 1/5 | Batch: 600/715 | Loss: 0.431324
2025-04-10T20:50:35.149102+0800 INFO Client 5 | Rank: 6 | Epoch: 1/5 | Batch: 700/715 | Loss: 0.358680
2025-04-10T20:50:37.386013+0800 INFO Client 5 | Rank: 6 | Epoch: 2/5 | Batch: 0/715 | Loss: 0.357892
2025-04-10T20:50:52.628572+0800 INFO Client 5 | Rank: 6 | Epoch: 2/5 | Batch: 100/715 | Loss: 0.358862
2025-04-10T20:51:07.716976+0800 INFO Client 5 | Rank: 6 | Epoch: 2/5 | Batch: 200/715 | Loss: 0.418586
2025-04-10T20:51:23.116149+0800 INFO Client 5 | Rank: 6 | Epoch: 2/5 | Batch: 300/715 | Loss: 0.351201
2025-04-10T20:51:38.358824+0800 INFO Client 5 | Rank: 6 | Epoch: 2/5 | Batch: 400/715 | Loss: 0.527602
2025-04-10T20:51:53.642030+0800 INFO Client 5 | Rank: 6 | Epoch: 2/5 | Batch: 500/715 | Loss: 0.504768
2025-04-10T20:52:08.927072+0800 INFO Client 5 | Rank: 6 | Epoch: 2/5 | Batch: 600/715 | Loss: 0.514550
2025-04-10T20:52:24.313593+0800 INFO Client 5 | Rank: 6 | Epoch: 2/5 | Batch: 700/715 | Loss: 0.387681
2025-04-10T20:52:26.465694+0800 INFO Client 5 | Rank: 6 | Epoch: 3/5 | Batch: 0/715 | Loss: 0.404392
2025-04-10T20:52:41.520022+0800 INFO Client 5 | Rank: 6 | Epoch: 3/5 | Batch: 100/715 | Loss: 0.486568
2025-04-10T20:52:56.730587+0800 INFO Client 5 | Rank: 6 | Epoch: 3/5 | Batch: 200/715 | Loss: 0.443741
2025-04-10T20:53:11.686602+0800 INFO Client 5 | Rank: 6 | Epoch: 3/5 | Batch: 300/715 | Loss: 0.514450
2025-04-10T20:53:26.787073+0800 INFO Client 5 | Rank: 6 | Epoch: 3/5 | Batch: 400/715 | Loss: 0.368241
2025-04-10T20:53:41.743582+0800 INFO Client 5 | Rank: 6 | Epoch: 3/5 | Batch: 500/715 | Loss: 0.484429
2025-04-10T20:53:56.549227+0800 INFO Client 5 | Rank: 6 | Epoch: 3/5 | Batch: 600/715 | Loss: 0.571285
2025-04-10T20:54:11.914448+0800 INFO Client 5 | Rank: 6 | Epoch: 3/5 | Batch: 700/715 | Loss: 0.568686
2025-04-10T20:54:14.314110+0800 INFO Client 5 | Rank: 6 | Epoch: 4/5 | Batch: 0/715 | Loss: 0.372672
2025-04-10T20:54:29.437178+0800 INFO Client 5 | Rank: 6 | Epoch: 4/5 | Batch: 100/715 | Loss: 0.390912
2025-04-10T20:54:44.927344+0800 INFO Client 5 | Rank: 6 | Epoch: 4/5 | Batch: 200/715 | Loss: 0.521947
2025-04-10T20:55:00.085901+0800 INFO Client 5 | Rank: 6 | Epoch: 4/5 | Batch: 300/715 | Loss: 0.567775
2025-04-10T20:55:14.965201+0800 INFO Client 5 | Rank: 6 | Epoch: 4/5 | Batch: 400/715 | Loss: 0.581210
2025-04-10T20:55:30.464731+0800 INFO Client 5 | Rank: 6 | Epoch: 4/5 | Batch: 500/715 | Loss: 0.485091
2025-04-10T20:55:45.796325+0800 INFO Client 5 | Rank: 6 | Epoch: 4/5 | Batch: 600/715 | Loss: 0.730456
2025-04-10T20:56:00.756550+0800 INFO Client 5 | Rank: 6 | Epoch: 4/5 | Batch: 700/715 | Loss: 0.537437
2025-04-10T20:56:03.592305+0800 INFO Rank 6 received the global model
2025-04-10T20:56:03.592305+0800 INFO Client 5 | Rank: 6 | Update model
2025-04-10T20:56:03.945744+0800 INFO Client 5 | Rank: 6 | Epoch: 0/5 | Batch: 0/715 | Loss: 1.216527
2025-04-10T20:56:19.147130+0800 INFO Client 5 | Rank: 6 | Epoch: 0/5 | Batch: 100/715 | Loss: 0.622198
2025-04-10T20:56:34.496749+0800 INFO Client 5 | Rank: 6 | Epoch: 0/5 | Batch: 200/715 | Loss: 0.481363
2025-04-10T20:56:49.546276+0800 INFO Client 5 | Rank: 6 | Epoch: 0/5 | Batch: 300/715 | Loss: 0.589763
2025-04-10T20:57:04.960615+0800 INFO Client 5 | Rank: 6 | Epoch: 0/5 | Batch: 400/715 | Loss: 0.347820
2025-04-10T20:57:20.052932+0800 INFO Client 5 | Rank: 6 | Epoch: 0/5 | Batch: 500/715 | Loss: 0.456379
2025-04-10T20:57:32.015677+0800 INFO Client 5 | Rank: 6 | Epoch: 0/5 | Batch: 600/715 | Loss: 0.491398
2025-04-10T20:57:41.351843+0800 INFO Client 5 | Rank: 6 | Epoch: 0/5 | Batch: 700/715 | Loss: 0.445238
2025-04-10T20:57:42.794155+0800 INFO Client 5 | Rank: 6 | Epoch: 1/5 | Batch: 0/715 | Loss: 0.369170
2025-04-10T20:57:52.297909+0800 INFO Client 5 | Rank: 6 | Epoch: 1/5 | Batch: 100/715 | Loss: 0.574698
2025-04-10T20:58:01.636939+0800 INFO Client 5 | Rank: 6 | Epoch: 1/5 | Batch: 200/715 | Loss: 0.417962
2025-04-10T20:58:11.539513+0800 INFO Client 5 | Rank: 6 | Epoch: 1/5 | Batch: 300/715 | Loss: 0.850347
2025-04-10T20:58:19.924104+0800 INFO Client 5 | Rank: 6 | Epoch: 1/5 | Batch: 400/715 | Loss: 0.350109
2025-04-10T20:58:27.617245+0800 INFO Client 5 | Rank: 6 | Epoch: 1/5 | Batch: 500/715 | Loss: 0.387117
2025-04-10T20:58:34.900414+0800 INFO Client 5 | Rank: 6 | Epoch: 1/5 | Batch: 600/715 | Loss: 0.390728
2025-04-10T20:58:41.284778+0800 INFO Client 5 | Rank: 6 | Epoch: 1/5 | Batch: 700/715 | Loss: 0.737319
2025-04-10T20:58:42.317884+0800 INFO Client 5 | Rank: 6 | Epoch: 2/5 | Batch: 0/715 | Loss: 0.439546
2025-04-10T20:58:48.855516+0800 INFO Client 5 | Rank: 6 | Epoch: 2/5 | Batch: 100/715 | Loss: 0.350057
2025-04-10T20:58:55.734372+0800 INFO Client 5 | Rank: 6 | Epoch: 2/5 | Batch: 200/715 | Loss: 0.361644
2025-04-10T20:59:01.542213+0800 INFO Client 5 | Rank: 6 | Epoch: 2/5 | Batch: 300/715 | Loss: 0.398140
2025-04-10T20:59:07.028576+0800 INFO Client 5 | Rank: 6 | Epoch: 2/5 | Batch: 400/715 | Loss: 0.379555
2025-04-10T20:59:11.550896+0800 INFO Client 5 | Rank: 6 | Epoch: 2/5 | Batch: 500/715 | Loss: 0.361541
2025-04-10T20:59:16.164329+0800 INFO Client 5 | Rank: 6 | Epoch: 2/5 | Batch: 600/715 | Loss: 0.500989
2025-04-10T20:59:20.973074+0800 INFO Client 5 | Rank: 6 | Epoch: 2/5 | Batch: 700/715 | Loss: 0.383248
2025-04-10T20:59:21.535605+0800 INFO Client 5 | Rank: 6 | Epoch: 3/5 | Batch: 0/715 | Loss: 0.403040
2025-04-10T20:59:25.387722+0800 INFO Client 5 | Rank: 6 | Epoch: 3/5 | Batch: 100/715 | Loss: 0.360498
2025-04-10T20:59:29.176719+0800 INFO Client 5 | Rank: 6 | Epoch: 3/5 | Batch: 200/715 | Loss: 0.382762
2025-04-10T20:59:33.096488+0800 INFO Client 5 | Rank: 6 | Epoch: 3/5 | Batch: 300/715 | Loss: 0.441161
2025-04-10T20:59:36.776177+0800 INFO Client 5 | Rank: 6 | Epoch: 3/5 | Batch: 400/715 | Loss: 0.363167
2025-04-10T20:59:40.492216+0800 INFO Client 5 | Rank: 6 | Epoch: 3/5 | Batch: 500/715 | Loss: 0.351336
2025-04-10T20:59:44.268942+0800 INFO Client 5 | Rank: 6 | Epoch: 3/5 | Batch: 600/715 | Loss: 0.384528
2025-04-10T20:59:48.032405+0800 INFO Client 5 | Rank: 6 | Epoch: 3/5 | Batch: 700/715 | Loss: 0.383096
2025-04-10T20:59:48.586996+0800 INFO Client 5 | Rank: 6 | Epoch: 4/5 | Batch: 0/715 | Loss: 0.693347
2025-04-10T20:59:52.452607+0800 INFO Client 5 | Rank: 6 | Epoch: 4/5 | Batch: 100/715 | Loss: 0.438507
2025-04-10T20:59:56.164741+0800 INFO Client 5 | Rank: 6 | Epoch: 4/5 | Batch: 200/715 | Loss: 0.410913
2025-04-10T21:00:00.102582+0800 INFO Client 5 | Rank: 6 | Epoch: 4/5 | Batch: 300/715 | Loss: 0.457239
2025-04-10T21:00:03.978209+0800 INFO Client 5 | Rank: 6 | Epoch: 4/5 | Batch: 400/715 | Loss: 0.373996
2025-04-10T21:00:07.677889+0800 INFO Client 5 | Rank: 6 | Epoch: 4/5 | Batch: 500/715 | Loss: 0.387691
2025-04-10T21:00:11.499594+0800 INFO Client 5 | Rank: 6 | Epoch: 4/5 | Batch: 600/715 | Loss: 0.376194
2025-04-10T21:00:15.372618+0800 INFO Client 5 | Rank: 6 | Epoch: 4/5 | Batch: 700/715 | Loss: 0.387551
2025-04-10T21:00:16.031779+0800 INFO Rank 6 received the global model
2025-04-10T21:00:16.032780+0800 INFO Rank 6 is done
