2025-04-10T18:58:08.250367+0800 INFO {'algor': 'aflcs', 'alpha': 0.1, 'batch_size': 16, 'cfg': 'config/config_aflcs_cifar10.yaml', 'cs': 0.005, 'data_path': './data', 'dataset': 'cifar10', 'epochs': 5, 'gpu': 0, 'iid': False, 'img_size': 32, 'in_channels': 3, 'lamda': 0.005, 'log_dir': './logs', 'log_interval': 100, 'log_path': 'niid_01_le5_r100_c10_b16/cifar10/aflcs', 'loss_name': 'cross_entropy', 'lr': 0.01, 'lr_scheduler_hyperparams': {'gamma': 0.9, 'step_size': 10}, 'lr_scheduler_name': 'step_lr', 'model_name': 'resnet18', 'momentum': 0.5, 'no_cuda': False, 'num_classes': 10, 'num_clients': 10, 'num_rounds': 100, 'num_select_clients_per_round': 10, 'num_workers': 0, 'optimizer_hyperparams': {'lr': 0.01, 'momentum': 0.5, 'weight_decay': 0.0}, 'optimizer_name': 'sgd', 'save_interval': 10, 'seed': 3407, 'sync': False, 'test_batch_size': 1000, 'verbose': False, 'weight_decay': 0.0}
2025-04-10T18:58:08.510223+0800 INFO initialize weights with kaiming
2025-04-10T18:58:08.601819+0800 INFO loading cifar10 dataset with iid=False and alpha=0.1 for client 2
2025-04-10T18:58:09.991943+0800 INFO Rank 3 has one client with id 2
2025-04-10T18:58:10.162190+0800 INFO Rank 3 received the global model
2025-04-10T18:58:10.163185+0800 INFO Client 2 | Rank: 3 | Update model
2025-04-10T18:58:11.407302+0800 INFO Client 2 | Rank: 3 | Epoch: 0/5 | Batch: 0/440 | Loss: 3.294628
2025-04-10T18:58:26.613707+0800 INFO Client 2 | Rank: 3 | Epoch: 0/5 | Batch: 100/440 | Loss: 0.675226
2025-04-10T18:58:41.714629+0800 INFO Client 2 | Rank: 3 | Epoch: 0/5 | Batch: 200/440 | Loss: 0.792317
2025-04-10T18:58:56.902185+0800 INFO Client 2 | Rank: 3 | Epoch: 0/5 | Batch: 300/440 | Loss: 1.773564
2025-04-10T18:59:11.911772+0800 INFO Client 2 | Rank: 3 | Epoch: 0/5 | Batch: 400/440 | Loss: 0.973588
2025-04-10T18:59:18.291841+0800 INFO Client 2 | Rank: 3 | Epoch: 1/5 | Batch: 0/440 | Loss: 0.861269
2025-04-10T18:59:33.312144+0800 INFO Client 2 | Rank: 3 | Epoch: 1/5 | Batch: 100/440 | Loss: 1.262465
2025-04-10T18:59:48.702563+0800 INFO Client 2 | Rank: 3 | Epoch: 1/5 | Batch: 200/440 | Loss: 0.821777
2025-04-10T19:00:04.439369+0800 INFO Client 2 | Rank: 3 | Epoch: 1/5 | Batch: 300/440 | Loss: 0.944525
2025-04-10T19:00:19.440501+0800 INFO Client 2 | Rank: 3 | Epoch: 1/5 | Batch: 400/440 | Loss: 1.544529
2025-04-10T19:00:25.443390+0800 INFO Client 2 | Rank: 3 | Epoch: 2/5 | Batch: 0/440 | Loss: 0.936767
2025-04-10T19:00:40.751043+0800 INFO Client 2 | Rank: 3 | Epoch: 2/5 | Batch: 100/440 | Loss: 1.255237
2025-04-10T19:00:55.994154+0800 INFO Client 2 | Rank: 3 | Epoch: 2/5 | Batch: 200/440 | Loss: 0.701044
2025-04-10T19:01:11.754949+0800 INFO Client 2 | Rank: 3 | Epoch: 2/5 | Batch: 300/440 | Loss: 1.556499
2025-04-10T19:01:27.213587+0800 INFO Client 2 | Rank: 3 | Epoch: 2/5 | Batch: 400/440 | Loss: 2.175571
2025-04-10T19:01:33.280679+0800 INFO Client 2 | Rank: 3 | Epoch: 3/5 | Batch: 0/440 | Loss: 0.637287
2025-04-10T19:01:48.443114+0800 INFO Client 2 | Rank: 3 | Epoch: 3/5 | Batch: 100/440 | Loss: 0.950925
2025-04-10T19:02:03.538382+0800 INFO Client 2 | Rank: 3 | Epoch: 3/5 | Batch: 200/440 | Loss: 0.645666
2025-04-10T19:02:18.867637+0800 INFO Client 2 | Rank: 3 | Epoch: 3/5 | Batch: 300/440 | Loss: 0.566928
2025-04-10T19:02:33.857420+0800 INFO Client 2 | Rank: 3 | Epoch: 3/5 | Batch: 400/440 | Loss: 0.589810
2025-04-10T19:02:39.673199+0800 INFO Client 2 | Rank: 3 | Epoch: 4/5 | Batch: 0/440 | Loss: 0.891439
2025-04-10T19:02:55.101638+0800 INFO Client 2 | Rank: 3 | Epoch: 4/5 | Batch: 100/440 | Loss: 0.788586
2025-04-10T19:03:10.251011+0800 INFO Client 2 | Rank: 3 | Epoch: 4/5 | Batch: 200/440 | Loss: 0.660028
2025-04-10T19:03:25.828565+0800 INFO Client 2 | Rank: 3 | Epoch: 4/5 | Batch: 300/440 | Loss: 0.881223
2025-04-10T19:03:41.105087+0800 INFO Client 2 | Rank: 3 | Epoch: 4/5 | Batch: 400/440 | Loss: 0.528666
2025-04-10T19:03:47.807635+0800 INFO Rank 3 received the global model
2025-04-10T19:03:47.807635+0800 INFO Client 2 | Rank: 3 | Update model
2025-04-10T19:03:48.116282+0800 INFO Client 2 | Rank: 3 | Epoch: 0/5 | Batch: 0/440 | Loss: 3.590026
2025-04-10T19:04:03.406592+0800 INFO Client 2 | Rank: 3 | Epoch: 0/5 | Batch: 100/440 | Loss: 1.339047
2025-04-10T19:04:18.840233+0800 INFO Client 2 | Rank: 3 | Epoch: 0/5 | Batch: 200/440 | Loss: 1.208416
2025-04-10T19:04:33.895448+0800 INFO Client 2 | Rank: 3 | Epoch: 0/5 | Batch: 300/440 | Loss: 0.897997
2025-04-10T19:04:49.121463+0800 INFO Client 2 | Rank: 3 | Epoch: 0/5 | Batch: 400/440 | Loss: 1.100641
2025-04-10T19:04:55.263314+0800 INFO Client 2 | Rank: 3 | Epoch: 1/5 | Batch: 0/440 | Loss: 0.759280
2025-04-10T19:05:10.692811+0800 INFO Client 2 | Rank: 3 | Epoch: 1/5 | Batch: 100/440 | Loss: 0.997853
2025-04-10T19:05:26.241104+0800 INFO Client 2 | Rank: 3 | Epoch: 1/5 | Batch: 200/440 | Loss: 1.019189
2025-04-10T19:05:41.622275+0800 INFO Client 2 | Rank: 3 | Epoch: 1/5 | Batch: 300/440 | Loss: 1.058803
2025-04-10T19:05:57.049402+0800 INFO Client 2 | Rank: 3 | Epoch: 1/5 | Batch: 400/440 | Loss: 1.278590
2025-04-10T19:06:03.530587+0800 INFO Client 2 | Rank: 3 | Epoch: 2/5 | Batch: 0/440 | Loss: 1.224483
2025-04-10T19:06:18.633350+0800 INFO Client 2 | Rank: 3 | Epoch: 2/5 | Batch: 100/440 | Loss: 0.681502
2025-04-10T19:06:33.843191+0800 INFO Client 2 | Rank: 3 | Epoch: 2/5 | Batch: 200/440 | Loss: 0.633219
2025-04-10T19:06:49.235173+0800 INFO Client 2 | Rank: 3 | Epoch: 2/5 | Batch: 300/440 | Loss: 0.473039
2025-04-10T19:07:04.867573+0800 INFO Client 2 | Rank: 3 | Epoch: 2/5 | Batch: 400/440 | Loss: 1.369460
2025-04-10T19:07:11.292981+0800 INFO Client 2 | Rank: 3 | Epoch: 3/5 | Batch: 0/440 | Loss: 0.520741
2025-04-10T19:07:26.427635+0800 INFO Client 2 | Rank: 3 | Epoch: 3/5 | Batch: 100/440 | Loss: 0.654767
2025-04-10T19:07:41.693523+0800 INFO Client 2 | Rank: 3 | Epoch: 3/5 | Batch: 200/440 | Loss: 0.831529
2025-04-10T19:07:56.906201+0800 INFO Client 2 | Rank: 3 | Epoch: 3/5 | Batch: 300/440 | Loss: 0.533822
2025-04-10T19:08:12.468440+0800 INFO Client 2 | Rank: 3 | Epoch: 3/5 | Batch: 400/440 | Loss: 0.690751
2025-04-10T19:08:18.655162+0800 INFO Client 2 | Rank: 3 | Epoch: 4/5 | Batch: 0/440 | Loss: 0.538817
2025-04-10T19:08:33.891609+0800 INFO Client 2 | Rank: 3 | Epoch: 4/5 | Batch: 100/440 | Loss: 0.534501
2025-04-10T19:08:48.829797+0800 INFO Client 2 | Rank: 3 | Epoch: 4/5 | Batch: 200/440 | Loss: 0.489914
2025-04-10T19:09:03.942076+0800 INFO Client 2 | Rank: 3 | Epoch: 4/5 | Batch: 300/440 | Loss: 0.700666
2025-04-10T19:09:19.242367+0800 INFO Client 2 | Rank: 3 | Epoch: 4/5 | Batch: 400/440 | Loss: 0.983621
2025-04-10T19:09:25.482012+0800 INFO Rank 3 received the global model
2025-04-10T19:09:25.482012+0800 INFO Client 2 | Rank: 3 | Update model
2025-04-10T19:09:25.781693+0800 INFO Client 2 | Rank: 3 | Epoch: 0/5 | Batch: 0/440 | Loss: 3.034167
2025-04-10T19:09:40.734518+0800 INFO Client 2 | Rank: 3 | Epoch: 0/5 | Batch: 100/440 | Loss: 0.990106
2025-04-10T19:09:56.122813+0800 INFO Client 2 | Rank: 3 | Epoch: 0/5 | Batch: 200/440 | Loss: 1.293536
2025-04-10T19:10:11.418891+0800 INFO Client 2 | Rank: 3 | Epoch: 0/5 | Batch: 300/440 | Loss: 0.999284
2025-04-10T19:10:26.852475+0800 INFO Client 2 | Rank: 3 | Epoch: 0/5 | Batch: 400/440 | Loss: 0.774618
2025-04-10T19:10:32.927109+0800 INFO Client 2 | Rank: 3 | Epoch: 1/5 | Batch: 0/440 | Loss: 1.200389
2025-04-10T19:10:48.078118+0800 INFO Client 2 | Rank: 3 | Epoch: 1/5 | Batch: 100/440 | Loss: 1.293962
2025-04-10T19:11:02.965201+0800 INFO Client 2 | Rank: 3 | Epoch: 1/5 | Batch: 200/440 | Loss: 0.615891
2025-04-10T19:11:18.127757+0800 INFO Client 2 | Rank: 3 | Epoch: 1/5 | Batch: 300/440 | Loss: 0.734398
2025-04-10T19:11:33.478743+0800 INFO Client 2 | Rank: 3 | Epoch: 1/5 | Batch: 400/440 | Loss: 0.997929
2025-04-10T19:11:39.685098+0800 INFO Client 2 | Rank: 3 | Epoch: 2/5 | Batch: 0/440 | Loss: 0.737703
2025-04-10T19:11:54.698655+0800 INFO Client 2 | Rank: 3 | Epoch: 2/5 | Batch: 100/440 | Loss: 0.806688
2025-04-10T19:12:10.184615+0800 INFO Client 2 | Rank: 3 | Epoch: 2/5 | Batch: 200/440 | Loss: 0.492401
2025-04-10T19:12:25.073615+0800 INFO Client 2 | Rank: 3 | Epoch: 2/5 | Batch: 300/440 | Loss: 0.770779
2025-04-10T19:12:40.366411+0800 INFO Client 2 | Rank: 3 | Epoch: 2/5 | Batch: 400/440 | Loss: 0.724702
2025-04-10T19:12:46.497166+0800 INFO Client 2 | Rank: 3 | Epoch: 3/5 | Batch: 0/440 | Loss: 0.622540
2025-04-10T19:13:01.688202+0800 INFO Client 2 | Rank: 3 | Epoch: 3/5 | Batch: 100/440 | Loss: 1.021877
2025-04-10T19:13:16.989516+0800 INFO Client 2 | Rank: 3 | Epoch: 3/5 | Batch: 200/440 | Loss: 0.570806
2025-04-10T19:13:32.101928+0800 INFO Client 2 | Rank: 3 | Epoch: 3/5 | Batch: 300/440 | Loss: 1.040991
2025-04-10T19:13:47.672756+0800 INFO Client 2 | Rank: 3 | Epoch: 3/5 | Batch: 400/440 | Loss: 0.790552
2025-04-10T19:13:53.857112+0800 INFO Client 2 | Rank: 3 | Epoch: 4/5 | Batch: 0/440 | Loss: 0.862777
2025-04-10T19:14:09.100917+0800 INFO Client 2 | Rank: 3 | Epoch: 4/5 | Batch: 100/440 | Loss: 0.814429
2025-04-10T19:14:24.598492+0800 INFO Client 2 | Rank: 3 | Epoch: 4/5 | Batch: 200/440 | Loss: 0.799506
2025-04-10T19:14:39.731386+0800 INFO Client 2 | Rank: 3 | Epoch: 4/5 | Batch: 300/440 | Loss: 0.626426
2025-04-10T19:14:55.064626+0800 INFO Client 2 | Rank: 3 | Epoch: 4/5 | Batch: 400/440 | Loss: 0.863993
2025-04-10T19:15:01.585463+0800 INFO Rank 3 received the global model
2025-04-10T19:15:01.586458+0800 INFO Client 2 | Rank: 3 | Update model
2025-04-10T19:15:01.879168+0800 INFO Client 2 | Rank: 3 | Epoch: 0/5 | Batch: 0/440 | Loss: 2.281668
2025-04-10T19:15:17.084682+0800 INFO Client 2 | Rank: 3 | Epoch: 0/5 | Batch: 100/440 | Loss: 1.340849
2025-04-10T19:15:32.315653+0800 INFO Client 2 | Rank: 3 | Epoch: 0/5 | Batch: 200/440 | Loss: 1.018619
2025-04-10T19:15:47.275768+0800 INFO Client 2 | Rank: 3 | Epoch: 0/5 | Batch: 300/440 | Loss: 0.807336
2025-04-10T19:16:02.489227+0800 INFO Client 2 | Rank: 3 | Epoch: 0/5 | Batch: 400/440 | Loss: 1.136562
2025-04-10T19:16:08.585224+0800 INFO Client 2 | Rank: 3 | Epoch: 1/5 | Batch: 0/440 | Loss: 1.012065
2025-04-10T19:16:24.000155+0800 INFO Client 2 | Rank: 3 | Epoch: 1/5 | Batch: 100/440 | Loss: 0.993899
2025-04-10T19:16:39.446889+0800 INFO Client 2 | Rank: 3 | Epoch: 1/5 | Batch: 200/440 | Loss: 0.827221
2025-04-10T19:16:54.801735+0800 INFO Client 2 | Rank: 3 | Epoch: 1/5 | Batch: 300/440 | Loss: 0.439024
2025-04-10T19:17:10.146121+0800 INFO Client 2 | Rank: 3 | Epoch: 1/5 | Batch: 400/440 | Loss: 0.522602
2025-04-10T19:17:16.327236+0800 INFO Client 2 | Rank: 3 | Epoch: 2/5 | Batch: 0/440 | Loss: 0.640795
2025-04-10T19:17:31.416226+0800 INFO Client 2 | Rank: 3 | Epoch: 2/5 | Batch: 100/440 | Loss: 0.655663
2025-04-10T19:17:46.644508+0800 INFO Client 2 | Rank: 3 | Epoch: 2/5 | Batch: 200/440 | Loss: 0.574392
2025-04-10T19:18:02.329784+0800 INFO Client 2 | Rank: 3 | Epoch: 2/5 | Batch: 300/440 | Loss: 0.814368
2025-04-10T19:18:17.461652+0800 INFO Client 2 | Rank: 3 | Epoch: 2/5 | Batch: 400/440 | Loss: 1.330536
2025-04-10T19:18:23.638182+0800 INFO Client 2 | Rank: 3 | Epoch: 3/5 | Batch: 0/440 | Loss: 0.588588
2025-04-10T19:18:39.133779+0800 INFO Client 2 | Rank: 3 | Epoch: 3/5 | Batch: 100/440 | Loss: 0.584388
2025-04-10T19:18:54.763368+0800 INFO Client 2 | Rank: 3 | Epoch: 3/5 | Batch: 200/440 | Loss: 0.562628
2025-04-10T19:19:10.100978+0800 INFO Client 2 | Rank: 3 | Epoch: 3/5 | Batch: 300/440 | Loss: 0.617839
2025-04-10T19:19:25.177434+0800 INFO Client 2 | Rank: 3 | Epoch: 3/5 | Batch: 400/440 | Loss: 0.636228
2025-04-10T19:19:31.396025+0800 INFO Client 2 | Rank: 3 | Epoch: 4/5 | Batch: 0/440 | Loss: 0.500475
2025-04-10T19:19:46.751826+0800 INFO Client 2 | Rank: 3 | Epoch: 4/5 | Batch: 100/440 | Loss: 0.501603
2025-04-10T19:20:01.748006+0800 INFO Client 2 | Rank: 3 | Epoch: 4/5 | Batch: 200/440 | Loss: 0.776715
2025-04-10T19:20:16.835379+0800 INFO Client 2 | Rank: 3 | Epoch: 4/5 | Batch: 300/440 | Loss: 0.731441
2025-04-10T19:20:32.026168+0800 INFO Client 2 | Rank: 3 | Epoch: 4/5 | Batch: 400/440 | Loss: 0.680117
2025-04-10T19:20:38.546976+0800 INFO Rank 3 received the global model
2025-04-10T19:20:38.547972+0800 INFO Client 2 | Rank: 3 | Update model
2025-04-10T19:20:38.860661+0800 INFO Client 2 | Rank: 3 | Epoch: 0/5 | Batch: 0/440 | Loss: 3.130897
2025-04-10T19:20:54.135197+0800 INFO Client 2 | Rank: 3 | Epoch: 0/5 | Batch: 100/440 | Loss: 1.260354
2025-04-10T19:21:09.634208+0800 INFO Client 2 | Rank: 3 | Epoch: 0/5 | Batch: 200/440 | Loss: 1.141100
2025-04-10T19:21:24.710878+0800 INFO Client 2 | Rank: 3 | Epoch: 0/5 | Batch: 300/440 | Loss: 0.850326
2025-04-10T19:21:39.790659+0800 INFO Client 2 | Rank: 3 | Epoch: 0/5 | Batch: 400/440 | Loss: 0.623160
2025-04-10T19:21:45.851370+0800 INFO Client 2 | Rank: 3 | Epoch: 1/5 | Batch: 0/440 | Loss: 0.707067
2025-04-10T19:22:01.341196+0800 INFO Client 2 | Rank: 3 | Epoch: 1/5 | Batch: 100/440 | Loss: 0.749980
2025-04-10T19:22:16.721277+0800 INFO Client 2 | Rank: 3 | Epoch: 1/5 | Batch: 200/440 | Loss: 0.706187
2025-04-10T19:22:31.918504+0800 INFO Client 2 | Rank: 3 | Epoch: 1/5 | Batch: 300/440 | Loss: 0.514158
2025-04-10T19:22:47.418026+0800 INFO Client 2 | Rank: 3 | Epoch: 1/5 | Batch: 400/440 | Loss: 0.810660
2025-04-10T19:22:53.643462+0800 INFO Client 2 | Rank: 3 | Epoch: 2/5 | Batch: 0/440 | Loss: 0.864657
2025-04-10T19:23:08.744727+0800 INFO Client 2 | Rank: 3 | Epoch: 2/5 | Batch: 100/440 | Loss: 0.769993
2025-04-10T19:23:24.051201+0800 INFO Client 2 | Rank: 3 | Epoch: 2/5 | Batch: 200/440 | Loss: 0.876784
2025-04-10T19:23:39.897668+0800 INFO Client 2 | Rank: 3 | Epoch: 2/5 | Batch: 300/440 | Loss: 0.538478
2025-04-10T19:23:55.202007+0800 INFO Client 2 | Rank: 3 | Epoch: 2/5 | Batch: 400/440 | Loss: 0.615098
2025-04-10T19:24:01.480333+0800 INFO Client 2 | Rank: 3 | Epoch: 3/5 | Batch: 0/440 | Loss: 0.787658
2025-04-10T19:24:16.749930+0800 INFO Client 2 | Rank: 3 | Epoch: 3/5 | Batch: 100/440 | Loss: 0.470745
2025-04-10T19:24:32.117883+0800 INFO Client 2 | Rank: 3 | Epoch: 3/5 | Batch: 200/440 | Loss: 1.087568
2025-04-10T19:24:47.118283+0800 INFO Client 2 | Rank: 3 | Epoch: 3/5 | Batch: 300/440 | Loss: 0.381305
2025-04-10T19:25:02.632689+0800 INFO Client 2 | Rank: 3 | Epoch: 3/5 | Batch: 400/440 | Loss: 0.418604
2025-04-10T19:25:08.668178+0800 INFO Client 2 | Rank: 3 | Epoch: 4/5 | Batch: 0/440 | Loss: 0.717779
2025-04-10T19:25:24.256375+0800 INFO Client 2 | Rank: 3 | Epoch: 4/5 | Batch: 100/440 | Loss: 0.490033
2025-04-10T19:25:39.363852+0800 INFO Client 2 | Rank: 3 | Epoch: 4/5 | Batch: 200/440 | Loss: 0.543087
2025-04-10T19:25:54.881976+0800 INFO Client 2 | Rank: 3 | Epoch: 4/5 | Batch: 300/440 | Loss: 0.547463
2025-04-10T19:26:10.337423+0800 INFO Client 2 | Rank: 3 | Epoch: 4/5 | Batch: 400/440 | Loss: 0.531201
2025-04-10T19:26:17.026656+0800 INFO Rank 3 received the global model
2025-04-10T19:26:17.027652+0800 INFO Client 2 | Rank: 3 | Update model
2025-04-10T19:26:17.328332+0800 INFO Client 2 | Rank: 3 | Epoch: 0/5 | Batch: 0/440 | Loss: 2.597047
2025-04-10T19:26:32.572023+0800 INFO Client 2 | Rank: 3 | Epoch: 0/5 | Batch: 100/440 | Loss: 1.394864
2025-04-10T19:26:47.876438+0800 INFO Client 2 | Rank: 3 | Epoch: 0/5 | Batch: 200/440 | Loss: 0.804012
2025-04-10T19:27:03.135191+0800 INFO Client 2 | Rank: 3 | Epoch: 0/5 | Batch: 300/440 | Loss: 0.704248
2025-04-10T19:27:18.599325+0800 INFO Client 2 | Rank: 3 | Epoch: 0/5 | Batch: 400/440 | Loss: 0.700314
2025-04-10T19:27:24.773616+0800 INFO Client 2 | Rank: 3 | Epoch: 1/5 | Batch: 0/440 | Loss: 0.454131
2025-04-10T19:27:40.077156+0800 INFO Client 2 | Rank: 3 | Epoch: 1/5 | Batch: 100/440 | Loss: 1.000596
2025-04-10T19:27:55.485939+0800 INFO Client 2 | Rank: 3 | Epoch: 1/5 | Batch: 200/440 | Loss: 0.544359
2025-04-10T19:28:11.015295+0800 INFO Client 2 | Rank: 3 | Epoch: 1/5 | Batch: 300/440 | Loss: 0.942581
2025-04-10T19:28:26.106202+0800 INFO Client 2 | Rank: 3 | Epoch: 1/5 | Batch: 400/440 | Loss: 0.960607
2025-04-10T19:28:32.208359+0800 INFO Client 2 | Rank: 3 | Epoch: 2/5 | Batch: 0/440 | Loss: 1.093549
2025-04-10T19:28:47.448804+0800 INFO Client 2 | Rank: 3 | Epoch: 2/5 | Batch: 100/440 | Loss: 0.554420
2025-04-10T19:29:02.885277+0800 INFO Client 2 | Rank: 3 | Epoch: 2/5 | Batch: 200/440 | Loss: 0.609307
2025-04-10T19:29:18.233516+0800 INFO Client 2 | Rank: 3 | Epoch: 2/5 | Batch: 300/440 | Loss: 0.511097
2025-04-10T19:29:33.468713+0800 INFO Client 2 | Rank: 3 | Epoch: 2/5 | Batch: 400/440 | Loss: 0.778198
2025-04-10T19:29:39.544053+0800 INFO Client 2 | Rank: 3 | Epoch: 3/5 | Batch: 0/440 | Loss: 0.500249
2025-04-10T19:29:55.263281+0800 INFO Client 2 | Rank: 3 | Epoch: 3/5 | Batch: 100/440 | Loss: 0.696947
2025-04-10T19:30:10.738951+0800 INFO Client 2 | Rank: 3 | Epoch: 3/5 | Batch: 200/440 | Loss: 0.384166
2025-04-10T19:30:26.112736+0800 INFO Client 2 | Rank: 3 | Epoch: 3/5 | Batch: 300/440 | Loss: 1.266944
2025-04-10T19:30:41.339641+0800 INFO Client 2 | Rank: 3 | Epoch: 3/5 | Batch: 400/440 | Loss: 0.576202
2025-04-10T19:30:47.604935+0800 INFO Client 2 | Rank: 3 | Epoch: 4/5 | Batch: 0/440 | Loss: 0.644898
2025-04-10T19:31:02.953449+0800 INFO Client 2 | Rank: 3 | Epoch: 4/5 | Batch: 100/440 | Loss: 0.493154
2025-04-10T19:31:18.216730+0800 INFO Client 2 | Rank: 3 | Epoch: 4/5 | Batch: 200/440 | Loss: 0.520566
2025-04-10T19:31:33.574775+0800 INFO Client 2 | Rank: 3 | Epoch: 4/5 | Batch: 300/440 | Loss: 0.736317
2025-04-10T19:31:48.914262+0800 INFO Client 2 | Rank: 3 | Epoch: 4/5 | Batch: 400/440 | Loss: 0.534822
2025-04-10T19:31:55.533520+0800 INFO Rank 3 received the global model
2025-04-10T19:31:55.534516+0800 INFO Client 2 | Rank: 3 | Update model
2025-04-10T19:31:55.855081+0800 INFO Client 2 | Rank: 3 | Epoch: 0/5 | Batch: 0/440 | Loss: 1.923917
2025-04-10T19:32:11.114249+0800 INFO Client 2 | Rank: 3 | Epoch: 0/5 | Batch: 100/440 | Loss: 1.210223
2025-04-10T19:32:25.811251+0800 INFO Client 2 | Rank: 3 | Epoch: 0/5 | Batch: 200/440 | Loss: 1.099371
2025-04-10T19:32:40.426775+0800 INFO Client 2 | Rank: 3 | Epoch: 0/5 | Batch: 300/440 | Loss: 0.962688
2025-04-10T19:32:55.523251+0800 INFO Client 2 | Rank: 3 | Epoch: 0/5 | Batch: 400/440 | Loss: 0.554428
2025-04-10T19:33:01.279867+0800 INFO Client 2 | Rank: 3 | Epoch: 1/5 | Batch: 0/440 | Loss: 0.886109
2025-04-10T19:33:16.576859+0800 INFO Client 2 | Rank: 3 | Epoch: 1/5 | Batch: 100/440 | Loss: 0.737577
2025-04-10T19:33:31.407334+0800 INFO Client 2 | Rank: 3 | Epoch: 1/5 | Batch: 200/440 | Loss: 0.563919
2025-04-10T19:33:46.542778+0800 INFO Client 2 | Rank: 3 | Epoch: 1/5 | Batch: 300/440 | Loss: 0.541738
2025-04-10T19:34:01.738433+0800 INFO Client 2 | Rank: 3 | Epoch: 1/5 | Batch: 400/440 | Loss: 1.358985
2025-04-10T19:34:07.772705+0800 INFO Client 2 | Rank: 3 | Epoch: 2/5 | Batch: 0/440 | Loss: 0.440702
2025-04-10T19:34:22.529555+0800 INFO Client 2 | Rank: 3 | Epoch: 2/5 | Batch: 100/440 | Loss: 0.638036
2025-04-10T19:34:37.606348+0800 INFO Client 2 | Rank: 3 | Epoch: 2/5 | Batch: 200/440 | Loss: 0.460168
2025-04-10T19:34:52.752747+0800 INFO Client 2 | Rank: 3 | Epoch: 2/5 | Batch: 300/440 | Loss: 1.149287
2025-04-10T19:35:08.144344+0800 INFO Client 2 | Rank: 3 | Epoch: 2/5 | Batch: 400/440 | Loss: 0.769292
2025-04-10T19:35:14.131398+0800 INFO Client 2 | Rank: 3 | Epoch: 3/5 | Batch: 0/440 | Loss: 0.454161
2025-04-10T19:35:29.259508+0800 INFO Client 2 | Rank: 3 | Epoch: 3/5 | Batch: 100/440 | Loss: 0.404132
2025-04-10T19:35:44.316256+0800 INFO Client 2 | Rank: 3 | Epoch: 3/5 | Batch: 200/440 | Loss: 0.529517
2025-04-10T19:35:59.209214+0800 INFO Client 2 | Rank: 3 | Epoch: 3/5 | Batch: 300/440 | Loss: 0.571833
2025-04-10T19:36:14.294405+0800 INFO Client 2 | Rank: 3 | Epoch: 3/5 | Batch: 400/440 | Loss: 1.034513
2025-04-10T19:36:20.076981+0800 INFO Client 2 | Rank: 3 | Epoch: 4/5 | Batch: 0/440 | Loss: 0.622319
2025-04-10T19:36:35.562400+0800 INFO Client 2 | Rank: 3 | Epoch: 4/5 | Batch: 100/440 | Loss: 0.490695
2025-04-10T19:36:50.602975+0800 INFO Client 2 | Rank: 3 | Epoch: 4/5 | Batch: 200/440 | Loss: 0.391789
2025-04-10T19:37:05.995323+0800 INFO Client 2 | Rank: 3 | Epoch: 4/5 | Batch: 300/440 | Loss: 0.751726
2025-04-10T19:37:21.151245+0800 INFO Client 2 | Rank: 3 | Epoch: 4/5 | Batch: 400/440 | Loss: 0.424894
2025-04-10T19:37:27.539894+0800 INFO Rank 3 received the global model
2025-04-10T19:37:27.540890+0800 INFO Client 2 | Rank: 3 | Update model
2025-04-10T19:37:27.825611+0800 INFO Client 2 | Rank: 3 | Epoch: 0/5 | Batch: 0/440 | Loss: 2.918363
2025-04-10T19:37:43.177917+0800 INFO Client 2 | Rank: 3 | Epoch: 0/5 | Batch: 100/440 | Loss: 0.461793
2025-04-10T19:37:58.079111+0800 INFO Client 2 | Rank: 3 | Epoch: 0/5 | Batch: 200/440 | Loss: 0.599835
2025-04-10T19:38:12.850580+0800 INFO Client 2 | Rank: 3 | Epoch: 0/5 | Batch: 300/440 | Loss: 0.654991
2025-04-10T19:38:28.096340+0800 INFO Client 2 | Rank: 3 | Epoch: 0/5 | Batch: 400/440 | Loss: 1.532143
2025-04-10T19:38:34.210370+0800 INFO Client 2 | Rank: 3 | Epoch: 1/5 | Batch: 0/440 | Loss: 0.634723
2025-04-10T19:38:48.783840+0800 INFO Client 2 | Rank: 3 | Epoch: 1/5 | Batch: 100/440 | Loss: 0.340336
2025-04-10T19:39:03.772844+0800 INFO Client 2 | Rank: 3 | Epoch: 1/5 | Batch: 200/440 | Loss: 0.862342
2025-04-10T19:39:18.936013+0800 INFO Client 2 | Rank: 3 | Epoch: 1/5 | Batch: 300/440 | Loss: 0.776233
2025-04-10T19:39:34.189517+0800 INFO Client 2 | Rank: 3 | Epoch: 1/5 | Batch: 400/440 | Loss: 0.520554
2025-04-10T19:39:40.434806+0800 INFO Client 2 | Rank: 3 | Epoch: 2/5 | Batch: 0/440 | Loss: 0.476035
2025-04-10T19:39:56.157376+0800 INFO Client 2 | Rank: 3 | Epoch: 2/5 | Batch: 100/440 | Loss: 0.371872
2025-04-10T19:40:11.123682+0800 INFO Client 2 | Rank: 3 | Epoch: 2/5 | Batch: 200/440 | Loss: 0.454083
2025-04-10T19:40:26.506656+0800 INFO Client 2 | Rank: 3 | Epoch: 2/5 | Batch: 300/440 | Loss: 0.456993
2025-04-10T19:40:41.861877+0800 INFO Client 2 | Rank: 3 | Epoch: 2/5 | Batch: 400/440 | Loss: 0.701529
2025-04-10T19:40:47.722911+0800 INFO Client 2 | Rank: 3 | Epoch: 3/5 | Batch: 0/440 | Loss: 0.483238
2025-04-10T19:41:02.867506+0800 INFO Client 2 | Rank: 3 | Epoch: 3/5 | Batch: 100/440 | Loss: 0.446687
2025-04-10T19:41:17.841775+0800 INFO Client 2 | Rank: 3 | Epoch: 3/5 | Batch: 200/440 | Loss: 0.639188
2025-04-10T19:41:32.915746+0800 INFO Client 2 | Rank: 3 | Epoch: 3/5 | Batch: 300/440 | Loss: 0.501325
2025-04-10T19:41:47.562947+0800 INFO Client 2 | Rank: 3 | Epoch: 3/5 | Batch: 400/440 | Loss: 0.580093
2025-04-10T19:41:53.697970+0800 INFO Client 2 | Rank: 3 | Epoch: 4/5 | Batch: 0/440 | Loss: 0.363774
2025-04-10T19:42:08.790600+0800 INFO Client 2 | Rank: 3 | Epoch: 4/5 | Batch: 100/440 | Loss: 0.765111
2025-04-10T19:42:24.262224+0800 INFO Client 2 | Rank: 3 | Epoch: 4/5 | Batch: 200/440 | Loss: 0.481246
2025-04-10T19:42:39.409303+0800 INFO Client 2 | Rank: 3 | Epoch: 4/5 | Batch: 300/440 | Loss: 0.426414
2025-04-10T19:42:54.842254+0800 INFO Client 2 | Rank: 3 | Epoch: 4/5 | Batch: 400/440 | Loss: 0.367210
2025-04-10T19:43:01.222170+0800 INFO Rank 3 received the global model
2025-04-10T19:43:01.223166+0800 INFO Client 2 | Rank: 3 | Update model
2025-04-10T19:43:01.588144+0800 INFO Client 2 | Rank: 3 | Epoch: 0/5 | Batch: 0/440 | Loss: 3.348277
2025-04-10T19:43:16.638044+0800 INFO Client 2 | Rank: 3 | Epoch: 0/5 | Batch: 100/440 | Loss: 0.943459
2025-04-10T19:43:31.823411+0800 INFO Client 2 | Rank: 3 | Epoch: 0/5 | Batch: 200/440 | Loss: 0.480521
2025-04-10T19:43:46.843721+0800 INFO Client 2 | Rank: 3 | Epoch: 0/5 | Batch: 300/440 | Loss: 0.958854
2025-04-10T19:44:01.851860+0800 INFO Client 2 | Rank: 3 | Epoch: 0/5 | Batch: 400/440 | Loss: 1.026041
2025-04-10T19:44:07.983383+0800 INFO Client 2 | Rank: 3 | Epoch: 1/5 | Batch: 0/440 | Loss: 0.456599
2025-04-10T19:44:22.921583+0800 INFO Client 2 | Rank: 3 | Epoch: 1/5 | Batch: 100/440 | Loss: 0.484735
2025-04-10T19:44:38.310494+0800 INFO Client 2 | Rank: 3 | Epoch: 1/5 | Batch: 200/440 | Loss: 1.278264
2025-04-10T19:44:53.465955+0800 INFO Client 2 | Rank: 3 | Epoch: 1/5 | Batch: 300/440 | Loss: 0.434868
2025-04-10T19:45:08.662452+0800 INFO Client 2 | Rank: 3 | Epoch: 1/5 | Batch: 400/440 | Loss: 0.737211
2025-04-10T19:45:14.530133+0800 INFO Client 2 | Rank: 3 | Epoch: 2/5 | Batch: 0/440 | Loss: 0.481561
2025-04-10T19:45:29.376987+0800 INFO Client 2 | Rank: 3 | Epoch: 2/5 | Batch: 100/440 | Loss: 0.402695
2025-04-10T19:45:44.433926+0800 INFO Client 2 | Rank: 3 | Epoch: 2/5 | Batch: 200/440 | Loss: 0.415569
2025-04-10T19:45:59.468893+0800 INFO Client 2 | Rank: 3 | Epoch: 2/5 | Batch: 300/440 | Loss: 0.434096
2025-04-10T19:46:14.812793+0800 INFO Client 2 | Rank: 3 | Epoch: 2/5 | Batch: 400/440 | Loss: 0.644117
2025-04-10T19:46:21.249083+0800 INFO Client 2 | Rank: 3 | Epoch: 3/5 | Batch: 0/440 | Loss: 0.435057
2025-04-10T19:46:36.153296+0800 INFO Client 2 | Rank: 3 | Epoch: 3/5 | Batch: 100/440 | Loss: 0.415486
2025-04-10T19:46:51.023483+0800 INFO Client 2 | Rank: 3 | Epoch: 3/5 | Batch: 200/440 | Loss: 0.391049
2025-04-10T19:47:06.106002+0800 INFO Client 2 | Rank: 3 | Epoch: 3/5 | Batch: 300/440 | Loss: 0.454892
2025-04-10T19:47:21.232582+0800 INFO Client 2 | Rank: 3 | Epoch: 3/5 | Batch: 400/440 | Loss: 0.398776
2025-04-10T19:47:27.109418+0800 INFO Client 2 | Rank: 3 | Epoch: 4/5 | Batch: 0/440 | Loss: 0.496038
2025-04-10T19:47:42.155647+0800 INFO Client 2 | Rank: 3 | Epoch: 4/5 | Batch: 100/440 | Loss: 0.457485
2025-04-10T19:47:57.014807+0800 INFO Client 2 | Rank: 3 | Epoch: 4/5 | Batch: 200/440 | Loss: 0.511498
2025-04-10T19:48:12.185013+0800 INFO Client 2 | Rank: 3 | Epoch: 4/5 | Batch: 300/440 | Loss: 0.543412
2025-04-10T19:48:27.528401+0800 INFO Client 2 | Rank: 3 | Epoch: 4/5 | Batch: 400/440 | Loss: 0.723567
2025-04-10T19:48:33.725813+0800 INFO Rank 3 received the global model
2025-04-10T19:48:33.725813+0800 INFO Client 2 | Rank: 3 | Update model
2025-04-10T19:48:34.046397+0800 INFO Client 2 | Rank: 3 | Epoch: 0/5 | Batch: 0/440 | Loss: 1.895551
2025-04-10T19:48:49.038902+0800 INFO Client 2 | Rank: 3 | Epoch: 0/5 | Batch: 100/440 | Loss: 1.068437
2025-04-10T19:49:04.194411+0800 INFO Client 2 | Rank: 3 | Epoch: 0/5 | Batch: 200/440 | Loss: 0.662116
2025-04-10T19:49:18.947844+0800 INFO Client 2 | Rank: 3 | Epoch: 0/5 | Batch: 300/440 | Loss: 0.544109
2025-04-10T19:49:34.211619+0800 INFO Client 2 | Rank: 3 | Epoch: 0/5 | Batch: 400/440 | Loss: 0.584945
2025-04-10T19:49:39.986393+0800 INFO Client 2 | Rank: 3 | Epoch: 1/5 | Batch: 0/440 | Loss: 0.451658
2025-04-10T19:49:54.978877+0800 INFO Client 2 | Rank: 3 | Epoch: 1/5 | Batch: 100/440 | Loss: 0.367259
2025-04-10T19:50:09.826274+0800 INFO Client 2 | Rank: 3 | Epoch: 1/5 | Batch: 200/440 | Loss: 0.451411
2025-04-10T19:50:25.152810+0800 INFO Client 2 | Rank: 3 | Epoch: 1/5 | Batch: 300/440 | Loss: 0.457524
2025-04-10T19:50:40.263892+0800 INFO Client 2 | Rank: 3 | Epoch: 1/5 | Batch: 400/440 | Loss: 0.584869
2025-04-10T19:50:46.538571+0800 INFO Client 2 | Rank: 3 | Epoch: 2/5 | Batch: 0/440 | Loss: 0.411586
2025-04-10T19:51:01.520646+0800 INFO Client 2 | Rank: 3 | Epoch: 2/5 | Batch: 100/440 | Loss: 0.442397
2025-04-10T19:51:16.687598+0800 INFO Client 2 | Rank: 3 | Epoch: 2/5 | Batch: 200/440 | Loss: 0.954758
2025-04-10T19:51:31.739145+0800 INFO Client 2 | Rank: 3 | Epoch: 2/5 | Batch: 300/440 | Loss: 0.417161
2025-04-10T19:51:46.706391+0800 INFO Client 2 | Rank: 3 | Epoch: 2/5 | Batch: 400/440 | Loss: 0.611368
2025-04-10T19:51:52.567589+0800 INFO Client 2 | Rank: 3 | Epoch: 3/5 | Batch: 0/440 | Loss: 0.499986
2025-04-10T19:52:07.794689+0800 INFO Client 2 | Rank: 3 | Epoch: 3/5 | Batch: 100/440 | Loss: 0.365977
2025-04-10T19:52:23.164762+0800 INFO Client 2 | Rank: 3 | Epoch: 3/5 | Batch: 200/440 | Loss: 0.428534
2025-04-10T19:52:38.346493+0800 INFO Client 2 | Rank: 3 | Epoch: 3/5 | Batch: 300/440 | Loss: 0.399284
2025-04-10T19:52:53.495570+0800 INFO Client 2 | Rank: 3 | Epoch: 3/5 | Batch: 400/440 | Loss: 0.649627
2025-04-10T19:52:59.395993+0800 INFO Client 2 | Rank: 3 | Epoch: 4/5 | Batch: 0/440 | Loss: 0.379728
2025-04-10T19:53:14.751413+0800 INFO Client 2 | Rank: 3 | Epoch: 4/5 | Batch: 100/440 | Loss: 0.665568
2025-04-10T19:53:29.961380+0800 INFO Client 2 | Rank: 3 | Epoch: 4/5 | Batch: 200/440 | Loss: 0.501977
2025-04-10T19:53:44.530566+0800 INFO Client 2 | Rank: 3 | Epoch: 4/5 | Batch: 300/440 | Loss: 0.782771
2025-04-10T19:53:59.712295+0800 INFO Client 2 | Rank: 3 | Epoch: 4/5 | Batch: 400/440 | Loss: 0.370856
2025-04-10T19:54:06.149931+0800 INFO Rank 3 received the global model
2025-04-10T19:54:06.150927+0800 INFO Client 2 | Rank: 3 | Update model
2025-04-10T19:54:06.447605+0800 INFO Client 2 | Rank: 3 | Epoch: 0/5 | Batch: 0/440 | Loss: 2.636126
2025-04-10T19:54:21.738763+0800 INFO Client 2 | Rank: 3 | Epoch: 0/5 | Batch: 100/440 | Loss: 0.782683
2025-04-10T19:54:36.581145+0800 INFO Client 2 | Rank: 3 | Epoch: 0/5 | Batch: 200/440 | Loss: 0.591302
2025-04-10T19:54:51.686424+0800 INFO Client 2 | Rank: 3 | Epoch: 0/5 | Batch: 300/440 | Loss: 0.462692
2025-04-10T19:55:06.702007+0800 INFO Client 2 | Rank: 3 | Epoch: 0/5 | Batch: 400/440 | Loss: 0.529525
2025-04-10T19:55:12.708449+0800 INFO Client 2 | Rank: 3 | Epoch: 1/5 | Batch: 0/440 | Loss: 0.618821
2025-04-10T19:55:27.368936+0800 INFO Client 2 | Rank: 3 | Epoch: 1/5 | Batch: 100/440 | Loss: 0.499511
2025-04-10T19:55:42.385797+0800 INFO Client 2 | Rank: 3 | Epoch: 1/5 | Batch: 200/440 | Loss: 1.096777
2025-04-10T19:55:57.585061+0800 INFO Client 2 | Rank: 3 | Epoch: 1/5 | Batch: 300/440 | Loss: 0.405606
2025-04-10T19:56:12.748661+0800 INFO Client 2 | Rank: 3 | Epoch: 1/5 | Batch: 400/440 | Loss: 0.520556
2025-04-10T19:56:18.606508+0800 INFO Client 2 | Rank: 3 | Epoch: 2/5 | Batch: 0/440 | Loss: 0.410352
2025-04-10T19:56:33.819702+0800 INFO Client 2 | Rank: 3 | Epoch: 2/5 | Batch: 100/440 | Loss: 0.828134
2025-04-10T19:56:49.162801+0800 INFO Client 2 | Rank: 3 | Epoch: 2/5 | Batch: 200/440 | Loss: 0.411835
2025-04-10T19:57:04.202202+0800 INFO Client 2 | Rank: 3 | Epoch: 2/5 | Batch: 300/440 | Loss: 0.492023
2025-04-10T19:57:19.659003+0800 INFO Client 2 | Rank: 3 | Epoch: 2/5 | Batch: 400/440 | Loss: 0.979362
2025-04-10T19:57:25.825345+0800 INFO Client 2 | Rank: 3 | Epoch: 3/5 | Batch: 0/440 | Loss: 0.595596
2025-04-10T19:57:40.602748+0800 INFO Client 2 | Rank: 3 | Epoch: 3/5 | Batch: 100/440 | Loss: 0.429026
2025-04-10T19:57:55.648142+0800 INFO Client 2 | Rank: 3 | Epoch: 3/5 | Batch: 200/440 | Loss: 0.462442
2025-04-10T19:58:10.856192+0800 INFO Client 2 | Rank: 3 | Epoch: 3/5 | Batch: 300/440 | Loss: 0.418608
2025-04-10T19:58:26.040514+0800 INFO Client 2 | Rank: 3 | Epoch: 3/5 | Batch: 400/440 | Loss: 0.684159
2025-04-10T19:58:32.260844+0800 INFO Client 2 | Rank: 3 | Epoch: 4/5 | Batch: 0/440 | Loss: 0.466312
2025-04-10T19:58:46.868082+0800 INFO Client 2 | Rank: 3 | Epoch: 4/5 | Batch: 100/440 | Loss: 0.672447
2025-04-10T19:59:02.056745+0800 INFO Client 2 | Rank: 3 | Epoch: 4/5 | Batch: 200/440 | Loss: 0.558277
2025-04-10T19:59:17.226476+0800 INFO Client 2 | Rank: 3 | Epoch: 4/5 | Batch: 300/440 | Loss: 0.355458
2025-04-10T19:59:32.548532+0800 INFO Client 2 | Rank: 3 | Epoch: 4/5 | Batch: 400/440 | Loss: 0.491698
2025-04-10T19:59:38.955034+0800 INFO Rank 3 received the global model
2025-04-10T19:59:38.955034+0800 INFO Client 2 | Rank: 3 | Update model
2025-04-10T19:59:39.243756+0800 INFO Client 2 | Rank: 3 | Epoch: 0/5 | Batch: 0/440 | Loss: 2.037128
2025-04-10T19:59:54.396937+0800 INFO Client 2 | Rank: 3 | Epoch: 0/5 | Batch: 100/440 | Loss: 0.597579
2025-04-10T20:00:09.112074+0800 INFO Client 2 | Rank: 3 | Epoch: 0/5 | Batch: 200/440 | Loss: 0.844177
2025-04-10T20:00:24.762374+0800 INFO Client 2 | Rank: 3 | Epoch: 0/5 | Batch: 300/440 | Loss: 0.691540
2025-04-10T20:00:40.013479+0800 INFO Client 2 | Rank: 3 | Epoch: 0/5 | Batch: 400/440 | Loss: 0.429228
2025-04-10T20:00:46.191621+0800 INFO Client 2 | Rank: 3 | Epoch: 1/5 | Batch: 0/440 | Loss: 0.418015
2025-04-10T20:01:01.144351+0800 INFO Client 2 | Rank: 3 | Epoch: 1/5 | Batch: 100/440 | Loss: 0.352267
2025-04-10T20:01:16.329880+0800 INFO Client 2 | Rank: 3 | Epoch: 1/5 | Batch: 200/440 | Loss: 0.918285
2025-04-10T20:01:31.320661+0800 INFO Client 2 | Rank: 3 | Epoch: 1/5 | Batch: 300/440 | Loss: 0.505390
2025-04-10T20:01:46.880535+0800 INFO Client 2 | Rank: 3 | Epoch: 1/5 | Batch: 400/440 | Loss: 0.902671
2025-04-10T20:01:52.893470+0800 INFO Client 2 | Rank: 3 | Epoch: 2/5 | Batch: 0/440 | Loss: 0.374447
2025-04-10T20:02:07.694853+0800 INFO Client 2 | Rank: 3 | Epoch: 2/5 | Batch: 100/440 | Loss: 0.454902
2025-04-10T20:02:22.770191+0800 INFO Client 2 | Rank: 3 | Epoch: 2/5 | Batch: 200/440 | Loss: 0.433200
2025-04-10T20:02:38.131148+0800 INFO Client 2 | Rank: 3 | Epoch: 2/5 | Batch: 300/440 | Loss: 0.372355
2025-04-10T20:02:53.063793+0800 INFO Client 2 | Rank: 3 | Epoch: 2/5 | Batch: 400/440 | Loss: 0.487555
2025-04-10T20:02:59.231186+0800 INFO Client 2 | Rank: 3 | Epoch: 3/5 | Batch: 0/440 | Loss: 0.418953
2025-04-10T20:03:13.981751+0800 INFO Client 2 | Rank: 3 | Epoch: 3/5 | Batch: 100/440 | Loss: 0.377381
2025-04-10T20:03:29.047509+0800 INFO Client 2 | Rank: 3 | Epoch: 3/5 | Batch: 200/440 | Loss: 0.410005
2025-04-10T20:03:43.972897+0800 INFO Client 2 | Rank: 3 | Epoch: 3/5 | Batch: 300/440 | Loss: 0.617914
2025-04-10T20:03:59.554556+0800 INFO Client 2 | Rank: 3 | Epoch: 3/5 | Batch: 400/440 | Loss: 0.363714
2025-04-10T20:04:05.449630+0800 INFO Client 2 | Rank: 3 | Epoch: 4/5 | Batch: 0/440 | Loss: 0.364958
2025-04-10T20:04:20.665041+0800 INFO Client 2 | Rank: 3 | Epoch: 4/5 | Batch: 100/440 | Loss: 0.728533
2025-04-10T20:04:35.706003+0800 INFO Client 2 | Rank: 3 | Epoch: 4/5 | Batch: 200/440 | Loss: 0.355374
2025-04-10T20:04:50.518551+0800 INFO Client 2 | Rank: 3 | Epoch: 4/5 | Batch: 300/440 | Loss: 0.380451
2025-04-10T20:05:05.975262+0800 INFO Client 2 | Rank: 3 | Epoch: 4/5 | Batch: 400/440 | Loss: 0.405817
2025-04-10T20:05:12.497313+0800 INFO Rank 3 received the global model
2025-04-10T20:05:12.498308+0800 INFO Client 2 | Rank: 3 | Update model
2025-04-10T20:05:12.788021+0800 INFO Client 2 | Rank: 3 | Epoch: 0/5 | Batch: 0/440 | Loss: 1.817394
2025-04-10T20:05:27.814548+0800 INFO Client 2 | Rank: 3 | Epoch: 0/5 | Batch: 100/440 | Loss: 0.402777
2025-04-10T20:05:42.783393+0800 INFO Client 2 | Rank: 3 | Epoch: 0/5 | Batch: 200/440 | Loss: 0.339407
2025-04-10T20:05:58.216956+0800 INFO Client 2 | Rank: 3 | Epoch: 0/5 | Batch: 300/440 | Loss: 0.491613
2025-04-10T20:06:13.286310+0800 INFO Client 2 | Rank: 3 | Epoch: 0/5 | Batch: 400/440 | Loss: 0.670032
2025-04-10T20:06:19.333585+0800 INFO Client 2 | Rank: 3 | Epoch: 1/5 | Batch: 0/440 | Loss: 0.373491
2025-04-10T20:06:34.411427+0800 INFO Client 2 | Rank: 3 | Epoch: 1/5 | Batch: 100/440 | Loss: 0.518874
2025-04-10T20:06:49.652531+0800 INFO Client 2 | Rank: 3 | Epoch: 1/5 | Batch: 200/440 | Loss: 0.323616
2025-04-10T20:07:05.285207+0800 INFO Client 2 | Rank: 3 | Epoch: 1/5 | Batch: 300/440 | Loss: 0.413051
2025-04-10T20:07:20.306221+0800 INFO Client 2 | Rank: 3 | Epoch: 1/5 | Batch: 400/440 | Loss: 0.405259
2025-04-10T20:07:26.425883+0800 INFO Client 2 | Rank: 3 | Epoch: 2/5 | Batch: 0/440 | Loss: 0.385317
2025-04-10T20:07:41.646752+0800 INFO Client 2 | Rank: 3 | Epoch: 2/5 | Batch: 100/440 | Loss: 0.367619
2025-04-10T20:07:56.693974+0800 INFO Client 2 | Rank: 3 | Epoch: 2/5 | Batch: 200/440 | Loss: 0.526925
2025-04-10T20:08:12.002025+0800 INFO Client 2 | Rank: 3 | Epoch: 2/5 | Batch: 300/440 | Loss: 0.341323
2025-04-10T20:08:26.941422+0800 INFO Client 2 | Rank: 3 | Epoch: 2/5 | Batch: 400/440 | Loss: 0.450357
2025-04-10T20:08:33.034919+0800 INFO Client 2 | Rank: 3 | Epoch: 3/5 | Batch: 0/440 | Loss: 0.412517
2025-04-10T20:08:48.049827+0800 INFO Client 2 | Rank: 3 | Epoch: 3/5 | Batch: 100/440 | Loss: 0.661560
2025-04-10T20:09:03.086651+0800 INFO Client 2 | Rank: 3 | Epoch: 3/5 | Batch: 200/440 | Loss: 0.459260
2025-04-10T20:09:17.956563+0800 INFO Client 2 | Rank: 3 | Epoch: 3/5 | Batch: 300/440 | Loss: 0.360485
2025-04-10T20:09:33.161563+0800 INFO Client 2 | Rank: 3 | Epoch: 3/5 | Batch: 400/440 | Loss: 0.453559
2025-04-10T20:09:38.980749+0800 INFO Client 2 | Rank: 3 | Epoch: 4/5 | Batch: 0/440 | Loss: 0.542781
2025-04-10T20:09:53.894544+0800 INFO Client 2 | Rank: 3 | Epoch: 4/5 | Batch: 100/440 | Loss: 0.403178
2025-04-10T20:10:09.193098+0800 INFO Client 2 | Rank: 3 | Epoch: 4/5 | Batch: 200/440 | Loss: 0.431038
2025-04-10T20:10:24.458015+0800 INFO Client 2 | Rank: 3 | Epoch: 4/5 | Batch: 300/440 | Loss: 0.452606
2025-04-10T20:10:39.517546+0800 INFO Client 2 | Rank: 3 | Epoch: 4/5 | Batch: 400/440 | Loss: 0.394333
2025-04-10T20:10:46.082274+0800 INFO Rank 3 received the global model
2025-04-10T20:10:46.082274+0800 INFO Client 2 | Rank: 3 | Update model
2025-04-10T20:10:46.371600+0800 INFO Client 2 | Rank: 3 | Epoch: 0/5 | Batch: 0/440 | Loss: 1.225564
2025-04-10T20:11:01.326565+0800 INFO Client 2 | Rank: 3 | Epoch: 0/5 | Batch: 100/440 | Loss: 0.303170
2025-04-10T20:11:16.510663+0800 INFO Client 2 | Rank: 3 | Epoch: 0/5 | Batch: 200/440 | Loss: 0.443388
2025-04-10T20:11:31.724915+0800 INFO Client 2 | Rank: 3 | Epoch: 0/5 | Batch: 300/440 | Loss: 0.493897
2025-04-10T20:11:47.180282+0800 INFO Client 2 | Rank: 3 | Epoch: 0/5 | Batch: 400/440 | Loss: 0.480719
2025-04-10T20:11:53.060675+0800 INFO Client 2 | Rank: 3 | Epoch: 1/5 | Batch: 0/440 | Loss: 0.443599
2025-04-10T20:12:07.941563+0800 INFO Client 2 | Rank: 3 | Epoch: 1/5 | Batch: 100/440 | Loss: 0.419810
2025-04-10T20:12:22.943207+0800 INFO Client 2 | Rank: 3 | Epoch: 1/5 | Batch: 200/440 | Loss: 0.318846
2025-04-10T20:12:37.717533+0800 INFO Client 2 | Rank: 3 | Epoch: 1/5 | Batch: 300/440 | Loss: 0.361765
2025-04-10T20:12:52.799126+0800 INFO Client 2 | Rank: 3 | Epoch: 1/5 | Batch: 400/440 | Loss: 0.628944
2025-04-10T20:12:58.835800+0800 INFO Client 2 | Rank: 3 | Epoch: 2/5 | Batch: 0/440 | Loss: 0.519292
2025-04-10T20:13:13.854375+0800 INFO Client 2 | Rank: 3 | Epoch: 2/5 | Batch: 100/440 | Loss: 0.376334
2025-04-10T20:13:29.393859+0800 INFO Client 2 | Rank: 3 | Epoch: 2/5 | Batch: 200/440 | Loss: 0.388616
2025-04-10T20:13:44.110319+0800 INFO Client 2 | Rank: 3 | Epoch: 2/5 | Batch: 300/440 | Loss: 0.399258
2025-04-10T20:13:59.379403+0800 INFO Client 2 | Rank: 3 | Epoch: 2/5 | Batch: 400/440 | Loss: 0.591810
2025-04-10T20:14:05.385678+0800 INFO Client 2 | Rank: 3 | Epoch: 3/5 | Batch: 0/440 | Loss: 0.341638
2025-04-10T20:14:20.289174+0800 INFO Client 2 | Rank: 3 | Epoch: 3/5 | Batch: 100/440 | Loss: 0.332864
2025-04-10T20:14:35.251133+0800 INFO Client 2 | Rank: 3 | Epoch: 3/5 | Batch: 200/440 | Loss: 0.333878
2025-04-10T20:14:50.026895+0800 INFO Client 2 | Rank: 3 | Epoch: 3/5 | Batch: 300/440 | Loss: 0.446723
2025-04-10T20:15:04.942585+0800 INFO Client 2 | Rank: 3 | Epoch: 3/5 | Batch: 400/440 | Loss: 0.341054
2025-04-10T20:15:11.119349+0800 INFO Client 2 | Rank: 3 | Epoch: 4/5 | Batch: 0/440 | Loss: 0.428135
2025-04-10T20:15:26.218427+0800 INFO Client 2 | Rank: 3 | Epoch: 4/5 | Batch: 100/440 | Loss: 0.806790
2025-04-10T20:15:41.196561+0800 INFO Client 2 | Rank: 3 | Epoch: 4/5 | Batch: 200/440 | Loss: 0.624333
2025-04-10T20:15:56.154844+0800 INFO Client 2 | Rank: 3 | Epoch: 4/5 | Batch: 300/440 | Loss: 0.373921
2025-04-10T20:16:11.326373+0800 INFO Client 2 | Rank: 3 | Epoch: 4/5 | Batch: 400/440 | Loss: 0.563432
2025-04-10T20:16:17.683996+0800 INFO Rank 3 received the global model
2025-04-10T20:16:17.684993+0800 INFO Client 2 | Rank: 3 | Update model
2025-04-10T20:16:17.965743+0800 INFO Client 2 | Rank: 3 | Epoch: 0/5 | Batch: 0/440 | Loss: 2.478343
2025-04-10T20:16:33.305030+0800 INFO Client 2 | Rank: 3 | Epoch: 0/5 | Batch: 100/440 | Loss: 0.422662
2025-04-10T20:16:48.228752+0800 INFO Client 2 | Rank: 3 | Epoch: 0/5 | Batch: 200/440 | Loss: 0.398099
2025-04-10T20:17:03.333175+0800 INFO Client 2 | Rank: 3 | Epoch: 0/5 | Batch: 300/440 | Loss: 0.624754
2025-04-10T20:17:18.573764+0800 INFO Client 2 | Rank: 3 | Epoch: 0/5 | Batch: 400/440 | Loss: 0.335826
2025-04-10T20:17:24.418940+0800 INFO Client 2 | Rank: 3 | Epoch: 1/5 | Batch: 0/440 | Loss: 0.377585
2025-04-10T20:17:39.521189+0800 INFO Client 2 | Rank: 3 | Epoch: 1/5 | Batch: 100/440 | Loss: 0.332229
2025-04-10T20:17:54.602151+0800 INFO Client 2 | Rank: 3 | Epoch: 1/5 | Batch: 200/440 | Loss: 0.687670
2025-04-10T20:18:09.849783+0800 INFO Client 2 | Rank: 3 | Epoch: 1/5 | Batch: 300/440 | Loss: 0.456526
2025-04-10T20:18:25.201603+0800 INFO Client 2 | Rank: 3 | Epoch: 1/5 | Batch: 400/440 | Loss: 0.361205
2025-04-10T20:18:31.293770+0800 INFO Client 2 | Rank: 3 | Epoch: 2/5 | Batch: 0/440 | Loss: 0.439404
2025-04-10T20:18:46.295038+0800 INFO Client 2 | Rank: 3 | Epoch: 2/5 | Batch: 100/440 | Loss: 0.555542
2025-04-10T20:19:01.313534+0800 INFO Client 2 | Rank: 3 | Epoch: 2/5 | Batch: 200/440 | Loss: 0.326336
2025-04-10T20:19:16.471793+0800 INFO Client 2 | Rank: 3 | Epoch: 2/5 | Batch: 300/440 | Loss: 0.349469
2025-04-10T20:19:31.817776+0800 INFO Client 2 | Rank: 3 | Epoch: 2/5 | Batch: 400/440 | Loss: 0.587385
2025-04-10T20:19:37.763336+0800 INFO Client 2 | Rank: 3 | Epoch: 3/5 | Batch: 0/440 | Loss: 0.501867
2025-04-10T20:19:52.475350+0800 INFO Client 2 | Rank: 3 | Epoch: 3/5 | Batch: 100/440 | Loss: 0.343187
2025-04-10T20:20:07.592556+0800 INFO Client 2 | Rank: 3 | Epoch: 3/5 | Batch: 200/440 | Loss: 0.332822
2025-04-10T20:20:23.022856+0800 INFO Client 2 | Rank: 3 | Epoch: 3/5 | Batch: 300/440 | Loss: 0.360884
2025-04-10T20:20:37.916319+0800 INFO Client 2 | Rank: 3 | Epoch: 3/5 | Batch: 400/440 | Loss: 0.561708
2025-04-10T20:20:44.079739+0800 INFO Client 2 | Rank: 3 | Epoch: 4/5 | Batch: 0/440 | Loss: 0.333989
2025-04-10T20:20:58.914577+0800 INFO Client 2 | Rank: 3 | Epoch: 4/5 | Batch: 100/440 | Loss: 0.359375
2025-04-10T20:21:14.104311+0800 INFO Client 2 | Rank: 3 | Epoch: 4/5 | Batch: 200/440 | Loss: 0.386952
2025-04-10T20:21:29.387287+0800 INFO Client 2 | Rank: 3 | Epoch: 4/5 | Batch: 300/440 | Loss: 0.368964
2025-04-10T20:21:44.491767+0800 INFO Client 2 | Rank: 3 | Epoch: 4/5 | Batch: 400/440 | Loss: 0.419945
2025-04-10T20:21:51.505288+0800 INFO Rank 3 received the global model
2025-04-10T20:21:51.506285+0800 INFO Client 2 | Rank: 3 | Update model
2025-04-10T20:21:51.790026+0800 INFO Client 2 | Rank: 3 | Epoch: 0/5 | Batch: 0/440 | Loss: 2.169954
2025-04-10T20:22:06.884710+0800 INFO Client 2 | Rank: 3 | Epoch: 0/5 | Batch: 100/440 | Loss: 0.630500
2025-04-10T20:22:22.193056+0800 INFO Client 2 | Rank: 3 | Epoch: 0/5 | Batch: 200/440 | Loss: 0.880731
2025-04-10T20:22:37.484703+0800 INFO Client 2 | Rank: 3 | Epoch: 0/5 | Batch: 300/440 | Loss: 0.456033
2025-04-10T20:22:52.265946+0800 INFO Client 2 | Rank: 3 | Epoch: 0/5 | Batch: 400/440 | Loss: 1.112419
2025-04-10T20:22:58.540229+0800 INFO Client 2 | Rank: 3 | Epoch: 1/5 | Batch: 0/440 | Loss: 0.373153
2025-04-10T20:23:13.276043+0800 INFO Client 2 | Rank: 3 | Epoch: 1/5 | Batch: 100/440 | Loss: 0.486333
2025-04-10T20:23:28.551015+0800 INFO Client 2 | Rank: 3 | Epoch: 1/5 | Batch: 200/440 | Loss: 0.397088
2025-04-10T20:23:43.711288+0800 INFO Client 2 | Rank: 3 | Epoch: 1/5 | Batch: 300/440 | Loss: 0.668851
2025-04-10T20:23:58.930030+0800 INFO Client 2 | Rank: 3 | Epoch: 1/5 | Batch: 400/440 | Loss: 0.333926
2025-04-10T20:24:04.752094+0800 INFO Client 2 | Rank: 3 | Epoch: 2/5 | Batch: 0/440 | Loss: 0.380122
2025-04-10T20:24:19.929806+0800 INFO Client 2 | Rank: 3 | Epoch: 2/5 | Batch: 100/440 | Loss: 0.472150
2025-04-10T20:24:34.991254+0800 INFO Client 2 | Rank: 3 | Epoch: 2/5 | Batch: 200/440 | Loss: 0.317579
2025-04-10T20:24:50.423722+0800 INFO Client 2 | Rank: 3 | Epoch: 2/5 | Batch: 300/440 | Loss: 0.348051
2025-04-10T20:25:05.300356+0800 INFO Client 2 | Rank: 3 | Epoch: 2/5 | Batch: 400/440 | Loss: 0.371943
2025-04-10T20:25:11.496909+0800 INFO Client 2 | Rank: 3 | Epoch: 3/5 | Batch: 0/440 | Loss: 0.375470
2025-04-10T20:25:26.651604+0800 INFO Client 2 | Rank: 3 | Epoch: 3/5 | Batch: 100/440 | Loss: 0.357117
2025-04-10T20:25:41.872182+0800 INFO Client 2 | Rank: 3 | Epoch: 3/5 | Batch: 200/440 | Loss: 0.357310
2025-04-10T20:25:56.967787+0800 INFO Client 2 | Rank: 3 | Epoch: 3/5 | Batch: 300/440 | Loss: 0.466492
2025-04-10T20:26:12.093419+0800 INFO Client 2 | Rank: 3 | Epoch: 3/5 | Batch: 400/440 | Loss: 0.338527
2025-04-10T20:26:18.097771+0800 INFO Client 2 | Rank: 3 | Epoch: 4/5 | Batch: 0/440 | Loss: 0.369199
2025-04-10T20:26:32.975322+0800 INFO Client 2 | Rank: 3 | Epoch: 4/5 | Batch: 100/440 | Loss: 0.343429
2025-04-10T20:26:47.984699+0800 INFO Client 2 | Rank: 3 | Epoch: 4/5 | Batch: 200/440 | Loss: 0.491214
2025-04-10T20:27:03.434335+0800 INFO Client 2 | Rank: 3 | Epoch: 4/5 | Batch: 300/440 | Loss: 0.387392
2025-04-10T20:27:19.076655+0800 INFO Client 2 | Rank: 3 | Epoch: 4/5 | Batch: 400/440 | Loss: 0.337420
2025-04-10T20:27:25.547169+0800 INFO Rank 3 received the global model
2025-04-10T20:27:25.548165+0800 INFO Client 2 | Rank: 3 | Update model
2025-04-10T20:27:25.898612+0800 INFO Client 2 | Rank: 3 | Epoch: 0/5 | Batch: 0/440 | Loss: 1.657822
2025-04-10T20:27:41.413303+0800 INFO Client 2 | Rank: 3 | Epoch: 0/5 | Batch: 100/440 | Loss: 0.476932
2025-04-10T20:27:56.050731+0800 INFO Client 2 | Rank: 3 | Epoch: 0/5 | Batch: 200/440 | Loss: 0.692515
2025-04-10T20:28:11.282124+0800 INFO Client 2 | Rank: 3 | Epoch: 0/5 | Batch: 300/440 | Loss: 0.433831
2025-04-10T20:28:26.323157+0800 INFO Client 2 | Rank: 3 | Epoch: 0/5 | Batch: 400/440 | Loss: 0.433851
2025-04-10T20:28:32.545545+0800 INFO Client 2 | Rank: 3 | Epoch: 1/5 | Batch: 0/440 | Loss: 0.523001
2025-04-10T20:28:47.680213+0800 INFO Client 2 | Rank: 3 | Epoch: 1/5 | Batch: 100/440 | Loss: 0.368974
2025-04-10T20:29:02.412491+0800 INFO Client 2 | Rank: 3 | Epoch: 1/5 | Batch: 200/440 | Loss: 0.302720
2025-04-10T20:29:17.582850+0800 INFO Client 2 | Rank: 3 | Epoch: 1/5 | Batch: 300/440 | Loss: 0.584491
2025-04-10T20:29:32.705629+0800 INFO Client 2 | Rank: 3 | Epoch: 1/5 | Batch: 400/440 | Loss: 0.499296
2025-04-10T20:29:38.919013+0800 INFO Client 2 | Rank: 3 | Epoch: 2/5 | Batch: 0/440 | Loss: 0.341077
2025-04-10T20:29:54.141140+0800 INFO Client 2 | Rank: 3 | Epoch: 2/5 | Batch: 100/440 | Loss: 0.360240
2025-04-10T20:30:08.890817+0800 INFO Client 2 | Rank: 3 | Epoch: 2/5 | Batch: 200/440 | Loss: 0.591571
2025-04-10T20:30:24.065426+0800 INFO Client 2 | Rank: 3 | Epoch: 2/5 | Batch: 300/440 | Loss: 0.390136
2025-04-10T20:30:39.135575+0800 INFO Client 2 | Rank: 3 | Epoch: 2/5 | Batch: 400/440 | Loss: 0.353643
2025-04-10T20:30:45.194837+0800 INFO Client 2 | Rank: 3 | Epoch: 3/5 | Batch: 0/440 | Loss: 0.333906
2025-04-10T20:31:00.236700+0800 INFO Client 2 | Rank: 3 | Epoch: 3/5 | Batch: 100/440 | Loss: 0.329468
2025-04-10T20:31:15.271143+0800 INFO Client 2 | Rank: 3 | Epoch: 3/5 | Batch: 200/440 | Loss: 0.367714
2025-04-10T20:31:30.629467+0800 INFO Client 2 | Rank: 3 | Epoch: 3/5 | Batch: 300/440 | Loss: 0.392993
2025-04-10T20:31:45.479758+0800 INFO Client 2 | Rank: 3 | Epoch: 3/5 | Batch: 400/440 | Loss: 0.452629
2025-04-10T20:31:51.668347+0800 INFO Client 2 | Rank: 3 | Epoch: 4/5 | Batch: 0/440 | Loss: 0.330957
2025-04-10T20:32:06.761787+0800 INFO Client 2 | Rank: 3 | Epoch: 4/5 | Batch: 100/440 | Loss: 0.401190
2025-04-10T20:32:21.726761+0800 INFO Client 2 | Rank: 3 | Epoch: 4/5 | Batch: 200/440 | Loss: 0.332842
2025-04-10T20:32:36.680687+0800 INFO Client 2 | Rank: 3 | Epoch: 4/5 | Batch: 300/440 | Loss: 0.369742
2025-04-10T20:32:51.640377+0800 INFO Client 2 | Rank: 3 | Epoch: 4/5 | Batch: 400/440 | Loss: 0.431074
2025-04-10T20:32:58.312835+0800 INFO Rank 3 received the global model
2025-04-10T20:32:58.312835+0800 INFO Client 2 | Rank: 3 | Update model
2025-04-10T20:32:58.622463+0800 INFO Client 2 | Rank: 3 | Epoch: 0/5 | Batch: 0/440 | Loss: 1.766770
2025-04-10T20:33:13.828294+0800 INFO Client 2 | Rank: 3 | Epoch: 0/5 | Batch: 100/440 | Loss: 0.476949
2025-04-10T20:33:28.898357+0800 INFO Client 2 | Rank: 3 | Epoch: 0/5 | Batch: 200/440 | Loss: 0.301335
2025-04-10T20:33:43.852944+0800 INFO Client 2 | Rank: 3 | Epoch: 0/5 | Batch: 300/440 | Loss: 0.887052
2025-04-10T20:33:59.175228+0800 INFO Client 2 | Rank: 3 | Epoch: 0/5 | Batch: 400/440 | Loss: 0.460731
2025-04-10T20:34:05.304756+0800 INFO Client 2 | Rank: 3 | Epoch: 1/5 | Batch: 0/440 | Loss: 0.408984
2025-04-10T20:34:20.516386+0800 INFO Client 2 | Rank: 3 | Epoch: 1/5 | Batch: 100/440 | Loss: 0.329508
2025-04-10T20:34:35.802026+0800 INFO Client 2 | Rank: 3 | Epoch: 1/5 | Batch: 200/440 | Loss: 0.379784
2025-04-10T20:34:51.089563+0800 INFO Client 2 | Rank: 3 | Epoch: 1/5 | Batch: 300/440 | Loss: 0.338827
2025-04-10T20:35:06.116886+0800 INFO Client 2 | Rank: 3 | Epoch: 1/5 | Batch: 400/440 | Loss: 0.501868
2025-04-10T20:35:12.285484+0800 INFO Client 2 | Rank: 3 | Epoch: 2/5 | Batch: 0/440 | Loss: 0.325739
2025-04-10T20:35:27.563433+0800 INFO Client 2 | Rank: 3 | Epoch: 2/5 | Batch: 100/440 | Loss: 0.491049
2025-04-10T20:35:42.636900+0800 INFO Client 2 | Rank: 3 | Epoch: 2/5 | Batch: 200/440 | Loss: 0.368909
2025-04-10T20:35:58.016463+0800 INFO Client 2 | Rank: 3 | Epoch: 2/5 | Batch: 300/440 | Loss: 0.454406
2025-04-10T20:36:12.902030+0800 INFO Client 2 | Rank: 3 | Epoch: 2/5 | Batch: 400/440 | Loss: 0.365517
2025-04-10T20:36:18.873585+0800 INFO Client 2 | Rank: 3 | Epoch: 3/5 | Batch: 0/440 | Loss: 0.324880
2025-04-10T20:36:33.897017+0800 INFO Client 2 | Rank: 3 | Epoch: 3/5 | Batch: 100/440 | Loss: 0.326491
2025-04-10T20:36:48.733823+0800 INFO Client 2 | Rank: 3 | Epoch: 3/5 | Batch: 200/440 | Loss: 0.339669
2025-04-10T20:37:04.373098+0800 INFO Client 2 | Rank: 3 | Epoch: 3/5 | Batch: 300/440 | Loss: 0.375264
2025-04-10T20:37:19.270304+0800 INFO Client 2 | Rank: 3 | Epoch: 3/5 | Batch: 400/440 | Loss: 0.369532
2025-04-10T20:37:25.352351+0800 INFO Client 2 | Rank: 3 | Epoch: 4/5 | Batch: 0/440 | Loss: 0.324654
2025-04-10T20:37:40.567224+0800 INFO Client 2 | Rank: 3 | Epoch: 4/5 | Batch: 100/440 | Loss: 0.371664
2025-04-10T20:37:55.673494+0800 INFO Client 2 | Rank: 3 | Epoch: 4/5 | Batch: 200/440 | Loss: 0.329811
2025-04-10T20:38:10.388928+0800 INFO Client 2 | Rank: 3 | Epoch: 4/5 | Batch: 300/440 | Loss: 0.371674
2025-04-10T20:38:25.973219+0800 INFO Client 2 | Rank: 3 | Epoch: 4/5 | Batch: 400/440 | Loss: 0.377516
2025-04-10T20:38:32.302594+0800 INFO Rank 3 received the global model
2025-04-10T20:38:32.302594+0800 INFO Client 2 | Rank: 3 | Update model
2025-04-10T20:38:32.637121+0800 INFO Client 2 | Rank: 3 | Epoch: 0/5 | Batch: 0/440 | Loss: 2.232602
2025-04-10T20:38:47.655573+0800 INFO Client 2 | Rank: 3 | Epoch: 0/5 | Batch: 100/440 | Loss: 0.268537
2025-04-10T20:39:02.625181+0800 INFO Client 2 | Rank: 3 | Epoch: 0/5 | Batch: 200/440 | Loss: 0.669295
2025-04-10T20:39:17.555541+0800 INFO Client 2 | Rank: 3 | Epoch: 0/5 | Batch: 300/440 | Loss: 0.484672
2025-04-10T20:39:32.799043+0800 INFO Client 2 | Rank: 3 | Epoch: 0/5 | Batch: 400/440 | Loss: 0.359725
2025-04-10T20:39:38.779471+0800 INFO Client 2 | Rank: 3 | Epoch: 1/5 | Batch: 0/440 | Loss: 0.355438
2025-04-10T20:39:53.736884+0800 INFO Client 2 | Rank: 3 | Epoch: 1/5 | Batch: 100/440 | Loss: 0.469656
2025-04-10T20:40:08.946340+0800 INFO Client 2 | Rank: 3 | Epoch: 1/5 | Batch: 200/440 | Loss: 0.540414
2025-04-10T20:40:23.692973+0800 INFO Client 2 | Rank: 3 | Epoch: 1/5 | Batch: 300/440 | Loss: 0.420881
2025-04-10T20:40:38.621432+0800 INFO Client 2 | Rank: 3 | Epoch: 1/5 | Batch: 400/440 | Loss: 0.338821
2025-04-10T20:40:44.250239+0800 INFO Client 2 | Rank: 3 | Epoch: 2/5 | Batch: 0/440 | Loss: 0.398262
2025-04-10T20:40:59.527831+0800 INFO Client 2 | Rank: 3 | Epoch: 2/5 | Batch: 100/440 | Loss: 0.392242
2025-04-10T20:41:14.872208+0800 INFO Client 2 | Rank: 3 | Epoch: 2/5 | Batch: 200/440 | Loss: 0.329996
2025-04-10T20:41:30.083386+0800 INFO Client 2 | Rank: 3 | Epoch: 2/5 | Batch: 300/440 | Loss: 0.396885
2025-04-10T20:41:45.061547+0800 INFO Client 2 | Rank: 3 | Epoch: 2/5 | Batch: 400/440 | Loss: 0.337806
2025-04-10T20:41:51.311770+0800 INFO Client 2 | Rank: 3 | Epoch: 3/5 | Batch: 0/440 | Loss: 0.346099
2025-04-10T20:42:06.514431+0800 INFO Client 2 | Rank: 3 | Epoch: 3/5 | Batch: 100/440 | Loss: 0.415861
2025-04-10T20:42:22.015260+0800 INFO Client 2 | Rank: 3 | Epoch: 3/5 | Batch: 200/440 | Loss: 0.368361
2025-04-10T20:42:37.139127+0800 INFO Client 2 | Rank: 3 | Epoch: 3/5 | Batch: 300/440 | Loss: 0.349462
2025-04-10T20:42:52.219664+0800 INFO Client 2 | Rank: 3 | Epoch: 3/5 | Batch: 400/440 | Loss: 0.379511
2025-04-10T20:42:58.338546+0800 INFO Client 2 | Rank: 3 | Epoch: 4/5 | Batch: 0/440 | Loss: 0.352405
2025-04-10T20:43:13.779297+0800 INFO Client 2 | Rank: 3 | Epoch: 4/5 | Batch: 100/440 | Loss: 0.379817
2025-04-10T20:43:29.042422+0800 INFO Client 2 | Rank: 3 | Epoch: 4/5 | Batch: 200/440 | Loss: 0.327026
2025-04-10T20:43:44.344864+0800 INFO Client 2 | Rank: 3 | Epoch: 4/5 | Batch: 300/440 | Loss: 0.332181
2025-04-10T20:43:59.607039+0800 INFO Client 2 | Rank: 3 | Epoch: 4/5 | Batch: 400/440 | Loss: 0.329844
2025-04-10T20:44:06.252227+0800 INFO Rank 3 received the global model
2025-04-10T20:44:06.252227+0800 INFO Client 2 | Rank: 3 | Update model
2025-04-10T20:44:06.556881+0800 INFO Client 2 | Rank: 3 | Epoch: 0/5 | Batch: 0/440 | Loss: 2.411617
2025-04-10T20:44:21.851318+0800 INFO Client 2 | Rank: 3 | Epoch: 0/5 | Batch: 100/440 | Loss: 0.415936
2025-04-10T20:44:37.061714+0800 INFO Client 2 | Rank: 3 | Epoch: 0/5 | Batch: 200/440 | Loss: 0.540612
2025-04-10T20:44:51.950538+0800 INFO Client 2 | Rank: 3 | Epoch: 0/5 | Batch: 300/440 | Loss: 0.383626
2025-04-10T20:45:06.852071+0800 INFO Client 2 | Rank: 3 | Epoch: 0/5 | Batch: 400/440 | Loss: 0.866599
2025-04-10T20:45:13.032685+0800 INFO Client 2 | Rank: 3 | Epoch: 1/5 | Batch: 0/440 | Loss: 0.452191
2025-04-10T20:45:28.004466+0800 INFO Client 2 | Rank: 3 | Epoch: 1/5 | Batch: 100/440 | Loss: 0.324672
2025-04-10T20:45:43.171707+0800 INFO Client 2 | Rank: 3 | Epoch: 1/5 | Batch: 200/440 | Loss: 0.546006
2025-04-10T20:45:58.173098+0800 INFO Client 2 | Rank: 3 | Epoch: 1/5 | Batch: 300/440 | Loss: 0.387238
2025-04-10T20:46:13.748678+0800 INFO Client 2 | Rank: 3 | Epoch: 1/5 | Batch: 400/440 | Loss: 0.806882
2025-04-10T20:46:19.613177+0800 INFO Client 2 | Rank: 3 | Epoch: 2/5 | Batch: 0/440 | Loss: 0.320528
2025-04-10T20:46:34.977348+0800 INFO Client 2 | Rank: 3 | Epoch: 2/5 | Batch: 100/440 | Loss: 0.315796
2025-04-10T20:46:49.852641+0800 INFO Client 2 | Rank: 3 | Epoch: 2/5 | Batch: 200/440 | Loss: 0.390811
2025-04-10T20:47:04.529836+0800 INFO Client 2 | Rank: 3 | Epoch: 2/5 | Batch: 300/440 | Loss: 0.349482
2025-04-10T20:47:19.562007+0800 INFO Client 2 | Rank: 3 | Epoch: 2/5 | Batch: 400/440 | Loss: 0.328238
2025-04-10T20:47:25.612282+0800 INFO Client 2 | Rank: 3 | Epoch: 3/5 | Batch: 0/440 | Loss: 0.330868
2025-04-10T20:47:40.577657+0800 INFO Client 2 | Rank: 3 | Epoch: 3/5 | Batch: 100/440 | Loss: 0.331123
2025-04-10T20:47:55.751252+0800 INFO Client 2 | Rank: 3 | Epoch: 3/5 | Batch: 200/440 | Loss: 0.328471
2025-04-10T20:48:10.877886+0800 INFO Client 2 | Rank: 3 | Epoch: 3/5 | Batch: 300/440 | Loss: 0.342298
2025-04-10T20:48:25.956522+0800 INFO Client 2 | Rank: 3 | Epoch: 3/5 | Batch: 400/440 | Loss: 0.321604
2025-04-10T20:48:31.860917+0800 INFO Client 2 | Rank: 3 | Epoch: 4/5 | Batch: 0/440 | Loss: 0.377977
2025-04-10T20:48:46.940328+0800 INFO Client 2 | Rank: 3 | Epoch: 4/5 | Batch: 100/440 | Loss: 0.381515
2025-04-10T20:49:01.660299+0800 INFO Client 2 | Rank: 3 | Epoch: 4/5 | Batch: 200/440 | Loss: 0.324727
2025-04-10T20:49:16.989796+0800 INFO Client 2 | Rank: 3 | Epoch: 4/5 | Batch: 300/440 | Loss: 0.426665
2025-04-10T20:49:32.204750+0800 INFO Client 2 | Rank: 3 | Epoch: 4/5 | Batch: 400/440 | Loss: 0.389416
2025-04-10T20:49:38.591546+0800 INFO Rank 3 received the global model
2025-04-10T20:49:38.592541+0800 INFO Client 2 | Rank: 3 | Update model
2025-04-10T20:49:38.885250+0800 INFO Client 2 | Rank: 3 | Epoch: 0/5 | Batch: 0/440 | Loss: 2.629718
2025-04-10T20:49:54.187665+0800 INFO Client 2 | Rank: 3 | Epoch: 0/5 | Batch: 100/440 | Loss: 0.505572
2025-04-10T20:50:09.468005+0800 INFO Client 2 | Rank: 3 | Epoch: 0/5 | Batch: 200/440 | Loss: 0.883580
2025-04-10T20:50:24.552026+0800 INFO Client 2 | Rank: 3 | Epoch: 0/5 | Batch: 300/440 | Loss: 0.312418
2025-04-10T20:50:39.880093+0800 INFO Client 2 | Rank: 3 | Epoch: 0/5 | Batch: 400/440 | Loss: 0.566943
2025-04-10T20:50:45.945932+0800 INFO Client 2 | Rank: 3 | Epoch: 1/5 | Batch: 0/440 | Loss: 0.769604
2025-04-10T20:51:01.245516+0800 INFO Client 2 | Rank: 3 | Epoch: 1/5 | Batch: 100/440 | Loss: 0.360244
2025-04-10T20:51:16.640563+0800 INFO Client 2 | Rank: 3 | Epoch: 1/5 | Batch: 200/440 | Loss: 0.510647
2025-04-10T20:51:31.914287+0800 INFO Client 2 | Rank: 3 | Epoch: 1/5 | Batch: 300/440 | Loss: 0.311593
2025-04-10T20:51:46.967322+0800 INFO Client 2 | Rank: 3 | Epoch: 1/5 | Batch: 400/440 | Loss: 0.710323
2025-04-10T20:51:52.934167+0800 INFO Client 2 | Rank: 3 | Epoch: 2/5 | Batch: 0/440 | Loss: 0.339768
2025-04-10T20:52:08.090731+0800 INFO Client 2 | Rank: 3 | Epoch: 2/5 | Batch: 100/440 | Loss: 0.533669
2025-04-10T20:52:22.846036+0800 INFO Client 2 | Rank: 3 | Epoch: 2/5 | Batch: 200/440 | Loss: 0.324523
2025-04-10T20:52:38.119410+0800 INFO Client 2 | Rank: 3 | Epoch: 2/5 | Batch: 300/440 | Loss: 0.355766
2025-04-10T20:52:53.286514+0800 INFO Client 2 | Rank: 3 | Epoch: 2/5 | Batch: 400/440 | Loss: 0.319694
2025-04-10T20:52:59.395552+0800 INFO Client 2 | Rank: 3 | Epoch: 3/5 | Batch: 0/440 | Loss: 0.320914
2025-04-10T20:53:14.395548+0800 INFO Client 2 | Rank: 3 | Epoch: 3/5 | Batch: 100/440 | Loss: 0.355819
2025-04-10T20:53:29.749669+0800 INFO Client 2 | Rank: 3 | Epoch: 3/5 | Batch: 200/440 | Loss: 0.332363
2025-04-10T20:53:44.986387+0800 INFO Client 2 | Rank: 3 | Epoch: 3/5 | Batch: 300/440 | Loss: 0.673293
2025-04-10T20:54:00.247617+0800 INFO Client 2 | Rank: 3 | Epoch: 3/5 | Batch: 400/440 | Loss: 0.348807
2025-04-10T20:54:06.561755+0800 INFO Client 2 | Rank: 3 | Epoch: 4/5 | Batch: 0/440 | Loss: 0.328593
2025-04-10T20:54:21.803749+0800 INFO Client 2 | Rank: 3 | Epoch: 4/5 | Batch: 100/440 | Loss: 0.327814
2025-04-10T20:54:36.871725+0800 INFO Client 2 | Rank: 3 | Epoch: 4/5 | Batch: 200/440 | Loss: 0.345468
2025-04-10T20:54:51.849176+0800 INFO Client 2 | Rank: 3 | Epoch: 4/5 | Batch: 300/440 | Loss: 0.340150
2025-04-10T20:55:06.946876+0800 INFO Client 2 | Rank: 3 | Epoch: 4/5 | Batch: 400/440 | Loss: 0.376990
2025-04-10T20:55:13.635480+0800 INFO Rank 3 received the global model
2025-04-10T20:55:13.635480+0800 INFO Client 2 | Rank: 3 | Update model
2025-04-10T20:55:13.976969+0800 INFO Client 2 | Rank: 3 | Epoch: 0/5 | Batch: 0/440 | Loss: 2.436884
2025-04-10T20:55:29.063881+0800 INFO Client 2 | Rank: 3 | Epoch: 0/5 | Batch: 100/440 | Loss: 0.291078
2025-04-10T20:55:43.869377+0800 INFO Client 2 | Rank: 3 | Epoch: 0/5 | Batch: 200/440 | Loss: 0.414273
2025-04-10T20:55:58.875819+0800 INFO Client 2 | Rank: 3 | Epoch: 0/5 | Batch: 300/440 | Loss: 0.315740
2025-04-10T20:56:14.275820+0800 INFO Client 2 | Rank: 3 | Epoch: 0/5 | Batch: 400/440 | Loss: 0.324592
2025-04-10T20:56:20.316609+0800 INFO Client 2 | Rank: 3 | Epoch: 1/5 | Batch: 0/440 | Loss: 0.330399
2025-04-10T20:56:35.326653+0800 INFO Client 2 | Rank: 3 | Epoch: 1/5 | Batch: 100/440 | Loss: 0.348156
2025-04-10T20:56:50.342791+0800 INFO Client 2 | Rank: 3 | Epoch: 1/5 | Batch: 200/440 | Loss: 0.548197
2025-04-10T20:57:05.530109+0800 INFO Client 2 | Rank: 3 | Epoch: 1/5 | Batch: 300/440 | Loss: 0.588675
2025-04-10T20:57:19.772614+0800 INFO Client 2 | Rank: 3 | Epoch: 1/5 | Batch: 400/440 | Loss: 0.609749
2025-04-10T20:57:25.026957+0800 INFO Client 2 | Rank: 3 | Epoch: 2/5 | Batch: 0/440 | Loss: 0.310648
2025-04-10T20:57:35.624676+0800 INFO Client 2 | Rank: 3 | Epoch: 2/5 | Batch: 100/440 | Loss: 0.534276
2025-04-10T20:57:45.059439+0800 INFO Client 2 | Rank: 3 | Epoch: 2/5 | Batch: 200/440 | Loss: 0.313838
2025-04-10T20:57:54.262932+0800 INFO Client 2 | Rank: 3 | Epoch: 2/5 | Batch: 300/440 | Loss: 0.351881
2025-04-10T20:58:03.482440+0800 INFO Client 2 | Rank: 3 | Epoch: 2/5 | Batch: 400/440 | Loss: 0.315929
2025-04-10T20:58:07.082290+0800 INFO Client 2 | Rank: 3 | Epoch: 3/5 | Batch: 0/440 | Loss: 0.340606
2025-04-10T20:58:15.743185+0800 INFO Client 2 | Rank: 3 | Epoch: 3/5 | Batch: 100/440 | Loss: 0.317069
2025-04-10T20:58:23.699805+0800 INFO Client 2 | Rank: 3 | Epoch: 3/5 | Batch: 200/440 | Loss: 0.331382
2025-04-10T20:58:31.829598+0800 INFO Client 2 | Rank: 3 | Epoch: 3/5 | Batch: 300/440 | Loss: 0.317933
2025-04-10T20:58:38.328019+0800 INFO Client 2 | Rank: 3 | Epoch: 3/5 | Batch: 400/440 | Loss: 0.321889
2025-04-10T20:58:40.890991+0800 INFO Client 2 | Rank: 3 | Epoch: 4/5 | Batch: 0/440 | Loss: 0.319102
2025-04-10T20:58:47.494498+0800 INFO Client 2 | Rank: 3 | Epoch: 4/5 | Batch: 100/440 | Loss: 0.321754
2025-04-10T20:58:53.900107+0800 INFO Client 2 | Rank: 3 | Epoch: 4/5 | Batch: 200/440 | Loss: 0.355482
2025-04-10T20:58:59.934593+0800 INFO Client 2 | Rank: 3 | Epoch: 4/5 | Batch: 300/440 | Loss: 0.318502
2025-04-10T20:59:05.244405+0800 INFO Client 2 | Rank: 3 | Epoch: 4/5 | Batch: 400/440 | Loss: 0.365385
2025-04-10T20:59:07.511657+0800 INFO Rank 3 received the global model
2025-04-10T20:59:07.512653+0800 INFO Rank 3 is done
