2025-04-10T18:58:08.185649+0800 INFO {'algor': 'aflcs', 'alpha': 0.1, 'batch_size': 16, 'cfg': 'config/config_aflcs_cifar10.yaml', 'cs': 0.005, 'data_path': './data', 'dataset': 'cifar10', 'epochs': 5, 'gpu': 0, 'iid': False, 'img_size': 32, 'in_channels': 3, 'lamda': 0.005, 'log_dir': './logs', 'log_interval': 100, 'log_path': 'niid_01_le5_r100_c10_b16/cifar10/aflcs', 'loss_name': 'cross_entropy', 'lr': 0.01, 'lr_scheduler_hyperparams': {'gamma': 0.9, 'step_size': 10}, 'lr_scheduler_name': 'step_lr', 'model_name': 'resnet18', 'momentum': 0.5, 'no_cuda': False, 'num_classes': 10, 'num_clients': 10, 'num_rounds': 100, 'num_select_clients_per_round': 10, 'num_workers': 0, 'optimizer_hyperparams': {'lr': 0.01, 'momentum': 0.5, 'weight_decay': 0.0}, 'optimizer_name': 'sgd', 'save_interval': 10, 'seed': 3407, 'sync': False, 'test_batch_size': 1000, 'verbose': False, 'weight_decay': 0.0}
2025-04-10T18:58:08.511218+0800 INFO initialize weights with kaiming
2025-04-10T18:58:08.602815+0800 INFO loading cifar10 dataset with iid=False and alpha=0.1 for client 1
2025-04-10T18:58:09.990948+0800 INFO Rank 2 has one client with id 1
2025-04-10T18:58:10.063630+0800 INFO Rank 2 received the global model
2025-04-10T18:58:10.063630+0800 INFO Client 1 | Rank: 2 | Update model
2025-04-10T18:58:11.288820+0800 INFO Client 1 | Rank: 2 | Epoch: 0/5 | Batch: 0/421 | Loss: 3.676828
2025-04-10T18:58:26.031258+0800 INFO Client 1 | Rank: 2 | Epoch: 0/5 | Batch: 100/421 | Loss: 1.044307
2025-04-10T18:58:41.255650+0800 INFO Client 1 | Rank: 2 | Epoch: 0/5 | Batch: 200/421 | Loss: 0.628643
2025-04-10T18:58:56.503330+0800 INFO Client 1 | Rank: 2 | Epoch: 0/5 | Batch: 300/421 | Loss: 1.040692
2025-04-10T18:59:11.888869+0800 INFO Client 1 | Rank: 2 | Epoch: 0/5 | Batch: 400/421 | Loss: 1.086375
2025-04-10T18:59:15.146383+0800 INFO Client 1 | Rank: 2 | Epoch: 1/5 | Batch: 0/421 | Loss: 0.701137
2025-04-10T18:59:30.462042+0800 INFO Client 1 | Rank: 2 | Epoch: 1/5 | Batch: 100/421 | Loss: 0.746735
2025-04-10T18:59:45.436679+0800 INFO Client 1 | Rank: 2 | Epoch: 1/5 | Batch: 200/421 | Loss: 0.801827
2025-04-10T19:00:00.607932+0800 INFO Client 1 | Rank: 2 | Epoch: 1/5 | Batch: 300/421 | Loss: 1.020471
2025-04-10T19:00:16.107782+0800 INFO Client 1 | Rank: 2 | Epoch: 1/5 | Batch: 400/421 | Loss: 1.118167
2025-04-10T19:00:19.334363+0800 INFO Client 1 | Rank: 2 | Epoch: 2/5 | Batch: 0/421 | Loss: 0.931602
2025-04-10T19:00:34.843342+0800 INFO Client 1 | Rank: 2 | Epoch: 2/5 | Batch: 100/421 | Loss: 0.816958
2025-04-10T19:00:49.933099+0800 INFO Client 1 | Rank: 2 | Epoch: 2/5 | Batch: 200/421 | Loss: 0.668730
2025-04-10T19:01:05.587074+0800 INFO Client 1 | Rank: 2 | Epoch: 2/5 | Batch: 300/421 | Loss: 0.543939
2025-04-10T19:01:20.811848+0800 INFO Client 1 | Rank: 2 | Epoch: 2/5 | Batch: 400/421 | Loss: 0.884083
2025-04-10T19:01:24.041277+0800 INFO Client 1 | Rank: 2 | Epoch: 3/5 | Batch: 0/421 | Loss: 1.106292
2025-04-10T19:01:39.250935+0800 INFO Client 1 | Rank: 2 | Epoch: 3/5 | Batch: 100/421 | Loss: 0.545495
2025-04-10T19:01:54.806003+0800 INFO Client 1 | Rank: 2 | Epoch: 3/5 | Batch: 200/421 | Loss: 0.606665
2025-04-10T19:02:09.962528+0800 INFO Client 1 | Rank: 2 | Epoch: 3/5 | Batch: 300/421 | Loss: 0.761133
2025-04-10T19:02:25.221895+0800 INFO Client 1 | Rank: 2 | Epoch: 3/5 | Batch: 400/421 | Loss: 0.754545
2025-04-10T19:02:28.433607+0800 INFO Client 1 | Rank: 2 | Epoch: 4/5 | Batch: 0/421 | Loss: 1.042877
2025-04-10T19:02:43.564396+0800 INFO Client 1 | Rank: 2 | Epoch: 4/5 | Batch: 100/421 | Loss: 0.699518
2025-04-10T19:02:58.368553+0800 INFO Client 1 | Rank: 2 | Epoch: 4/5 | Batch: 200/421 | Loss: 0.971413
2025-04-10T19:03:13.878820+0800 INFO Client 1 | Rank: 2 | Epoch: 4/5 | Batch: 300/421 | Loss: 0.872137
2025-04-10T19:03:29.014879+0800 INFO Client 1 | Rank: 2 | Epoch: 4/5 | Batch: 400/421 | Loss: 0.895323
2025-04-10T19:03:34.936599+0800 INFO Rank 2 received the global model
2025-04-10T19:03:34.936599+0800 INFO Client 1 | Rank: 2 | Update model
2025-04-10T19:03:35.229314+0800 INFO Client 1 | Rank: 2 | Epoch: 0/5 | Batch: 0/421 | Loss: 1.967195
2025-04-10T19:03:50.594990+0800 INFO Client 1 | Rank: 2 | Epoch: 0/5 | Batch: 100/421 | Loss: 1.614148
2025-04-10T19:04:06.186061+0800 INFO Client 1 | Rank: 2 | Epoch: 0/5 | Batch: 200/421 | Loss: 1.488431
2025-04-10T19:04:21.686362+0800 INFO Client 1 | Rank: 2 | Epoch: 0/5 | Batch: 300/421 | Loss: 1.112771
2025-04-10T19:04:36.741724+0800 INFO Client 1 | Rank: 2 | Epoch: 0/5 | Batch: 400/421 | Loss: 1.468997
2025-04-10T19:04:39.998270+0800 INFO Client 1 | Rank: 2 | Epoch: 1/5 | Batch: 0/421 | Loss: 1.123538
2025-04-10T19:04:55.389752+0800 INFO Client 1 | Rank: 2 | Epoch: 1/5 | Batch: 100/421 | Loss: 0.967286
2025-04-10T19:05:10.477759+0800 INFO Client 1 | Rank: 2 | Epoch: 1/5 | Batch: 200/421 | Loss: 0.629286
2025-04-10T19:05:25.790088+0800 INFO Client 1 | Rank: 2 | Epoch: 1/5 | Batch: 300/421 | Loss: 0.896558
2025-04-10T19:05:41.438087+0800 INFO Client 1 | Rank: 2 | Epoch: 1/5 | Batch: 400/421 | Loss: 1.031655
2025-04-10T19:05:44.672095+0800 INFO Client 1 | Rank: 2 | Epoch: 2/5 | Batch: 0/421 | Loss: 0.930481
2025-04-10T19:06:00.288704+0800 INFO Client 1 | Rank: 2 | Epoch: 2/5 | Batch: 100/421 | Loss: 0.672613
2025-04-10T19:06:15.734285+0800 INFO Client 1 | Rank: 2 | Epoch: 2/5 | Batch: 200/421 | Loss: 0.826249
2025-04-10T19:06:30.973078+0800 INFO Client 1 | Rank: 2 | Epoch: 2/5 | Batch: 300/421 | Loss: 0.598543
2025-04-10T19:06:46.056065+0800 INFO Client 1 | Rank: 2 | Epoch: 2/5 | Batch: 400/421 | Loss: 0.605603
2025-04-10T19:06:49.196344+0800 INFO Client 1 | Rank: 2 | Epoch: 3/5 | Batch: 0/421 | Loss: 0.780811
2025-04-10T19:07:04.599755+0800 INFO Client 1 | Rank: 2 | Epoch: 3/5 | Batch: 100/421 | Loss: 0.609757
2025-04-10T19:07:19.978416+0800 INFO Client 1 | Rank: 2 | Epoch: 3/5 | Batch: 200/421 | Loss: 0.628996
2025-04-10T19:07:35.608251+0800 INFO Client 1 | Rank: 2 | Epoch: 3/5 | Batch: 300/421 | Loss: 0.737252
2025-04-10T19:07:50.919001+0800 INFO Client 1 | Rank: 2 | Epoch: 3/5 | Batch: 400/421 | Loss: 1.065519
2025-04-10T19:07:54.099730+0800 INFO Client 1 | Rank: 2 | Epoch: 4/5 | Batch: 0/421 | Loss: 0.736896
2025-04-10T19:08:09.411647+0800 INFO Client 1 | Rank: 2 | Epoch: 4/5 | Batch: 100/421 | Loss: 0.591411
2025-04-10T19:08:24.716357+0800 INFO Client 1 | Rank: 2 | Epoch: 4/5 | Batch: 200/421 | Loss: 1.051254
2025-04-10T19:08:40.040677+0800 INFO Client 1 | Rank: 2 | Epoch: 4/5 | Batch: 300/421 | Loss: 0.825868
2025-04-10T19:08:55.384651+0800 INFO Client 1 | Rank: 2 | Epoch: 4/5 | Batch: 400/421 | Loss: 0.640489
2025-04-10T19:08:59.077418+0800 INFO Rank 2 received the global model
2025-04-10T19:08:59.077418+0800 INFO Client 1 | Rank: 2 | Update model
2025-04-10T19:08:59.436846+0800 INFO Client 1 | Rank: 2 | Epoch: 0/5 | Batch: 0/421 | Loss: 2.563253
2025-04-10T19:09:14.604911+0800 INFO Client 1 | Rank: 2 | Epoch: 0/5 | Batch: 100/421 | Loss: 1.321101
2025-04-10T19:09:29.792032+0800 INFO Client 1 | Rank: 2 | Epoch: 0/5 | Batch: 200/421 | Loss: 0.977708
2025-04-10T19:09:45.205381+0800 INFO Client 1 | Rank: 2 | Epoch: 0/5 | Batch: 300/421 | Loss: 0.593691
2025-04-10T19:10:00.705088+0800 INFO Client 1 | Rank: 2 | Epoch: 0/5 | Batch: 400/421 | Loss: 0.484428
2025-04-10T19:10:04.047933+0800 INFO Client 1 | Rank: 2 | Epoch: 1/5 | Batch: 0/421 | Loss: 0.676975
2025-04-10T19:10:19.107412+0800 INFO Client 1 | Rank: 2 | Epoch: 1/5 | Batch: 100/421 | Loss: 0.745753
2025-04-10T19:10:34.679739+0800 INFO Client 1 | Rank: 2 | Epoch: 1/5 | Batch: 200/421 | Loss: 0.751143
2025-04-10T19:10:49.550505+0800 INFO Client 1 | Rank: 2 | Epoch: 1/5 | Batch: 300/421 | Loss: 1.403275
2025-04-10T19:11:04.747029+0800 INFO Client 1 | Rank: 2 | Epoch: 1/5 | Batch: 400/421 | Loss: 1.081500
2025-04-10T19:11:07.967185+0800 INFO Client 1 | Rank: 2 | Epoch: 2/5 | Batch: 0/421 | Loss: 1.254799
2025-04-10T19:11:23.383989+0800 INFO Client 1 | Rank: 2 | Epoch: 2/5 | Batch: 100/421 | Loss: 0.682799
2025-04-10T19:11:38.922407+0800 INFO Client 1 | Rank: 2 | Epoch: 2/5 | Batch: 200/421 | Loss: 0.699112
2025-04-10T19:11:53.999036+0800 INFO Client 1 | Rank: 2 | Epoch: 2/5 | Batch: 300/421 | Loss: 0.644152
2025-04-10T19:12:09.508182+0800 INFO Client 1 | Rank: 2 | Epoch: 2/5 | Batch: 400/421 | Loss: 0.951729
2025-04-10T19:12:12.621152+0800 INFO Client 1 | Rank: 2 | Epoch: 3/5 | Batch: 0/421 | Loss: 0.556249
2025-04-10T19:12:27.719298+0800 INFO Client 1 | Rank: 2 | Epoch: 3/5 | Batch: 100/421 | Loss: 1.025499
2025-04-10T19:12:43.279524+0800 INFO Client 1 | Rank: 2 | Epoch: 3/5 | Batch: 200/421 | Loss: 0.745896
2025-04-10T19:12:58.813747+0800 INFO Client 1 | Rank: 2 | Epoch: 3/5 | Batch: 300/421 | Loss: 0.497940
2025-04-10T19:13:14.331770+0800 INFO Client 1 | Rank: 2 | Epoch: 3/5 | Batch: 400/421 | Loss: 0.529273
2025-04-10T19:13:17.727050+0800 INFO Client 1 | Rank: 2 | Epoch: 4/5 | Batch: 0/421 | Loss: 0.627485
2025-04-10T19:13:33.165243+0800 INFO Client 1 | Rank: 2 | Epoch: 4/5 | Batch: 100/421 | Loss: 0.690081
2025-04-10T19:13:48.806809+0800 INFO Client 1 | Rank: 2 | Epoch: 4/5 | Batch: 200/421 | Loss: 0.758331
2025-04-10T19:14:04.508776+0800 INFO Client 1 | Rank: 2 | Epoch: 4/5 | Batch: 300/421 | Loss: 0.739370
2025-04-10T19:14:19.974381+0800 INFO Client 1 | Rank: 2 | Epoch: 4/5 | Batch: 400/421 | Loss: 0.553552
2025-04-10T19:14:25.692803+0800 INFO Rank 2 received the global model
2025-04-10T19:14:25.692803+0800 INFO Client 1 | Rank: 2 | Update model
2025-04-10T19:14:25.987507+0800 INFO Client 1 | Rank: 2 | Epoch: 0/5 | Batch: 0/421 | Loss: 1.642678
2025-04-10T19:14:41.385072+0800 INFO Client 1 | Rank: 2 | Epoch: 0/5 | Batch: 100/421 | Loss: 0.904351
2025-04-10T19:14:56.479537+0800 INFO Client 1 | Rank: 2 | Epoch: 0/5 | Batch: 200/421 | Loss: 1.087285
2025-04-10T19:15:11.813899+0800 INFO Client 1 | Rank: 2 | Epoch: 0/5 | Batch: 300/421 | Loss: 1.070197
2025-04-10T19:15:27.452700+0800 INFO Client 1 | Rank: 2 | Epoch: 0/5 | Batch: 400/421 | Loss: 0.987803
2025-04-10T19:15:30.603517+0800 INFO Client 1 | Rank: 2 | Epoch: 1/5 | Batch: 0/421 | Loss: 0.670356
2025-04-10T19:15:45.535743+0800 INFO Client 1 | Rank: 2 | Epoch: 1/5 | Batch: 100/421 | Loss: 0.805331
2025-04-10T19:16:00.565021+0800 INFO Client 1 | Rank: 2 | Epoch: 1/5 | Batch: 200/421 | Loss: 0.632797
2025-04-10T19:16:15.806476+0800 INFO Client 1 | Rank: 2 | Epoch: 1/5 | Batch: 300/421 | Loss: 0.873021
2025-04-10T19:16:31.353347+0800 INFO Client 1 | Rank: 2 | Epoch: 1/5 | Batch: 400/421 | Loss: 0.620151
2025-04-10T19:16:34.639863+0800 INFO Client 1 | Rank: 2 | Epoch: 2/5 | Batch: 0/421 | Loss: 0.774464
2025-04-10T19:16:50.130991+0800 INFO Client 1 | Rank: 2 | Epoch: 2/5 | Batch: 100/421 | Loss: 0.809694
2025-04-10T19:17:05.307646+0800 INFO Client 1 | Rank: 2 | Epoch: 2/5 | Batch: 200/421 | Loss: 0.645931
2025-04-10T19:17:20.734938+0800 INFO Client 1 | Rank: 2 | Epoch: 2/5 | Batch: 300/421 | Loss: 0.959797
2025-04-10T19:17:35.991508+0800 INFO Client 1 | Rank: 2 | Epoch: 2/5 | Batch: 400/421 | Loss: 0.790563
2025-04-10T19:17:39.273181+0800 INFO Client 1 | Rank: 2 | Epoch: 3/5 | Batch: 0/421 | Loss: 0.666548
2025-04-10T19:17:54.642436+0800 INFO Client 1 | Rank: 2 | Epoch: 3/5 | Batch: 100/421 | Loss: 0.556276
2025-04-10T19:18:09.522398+0800 INFO Client 1 | Rank: 2 | Epoch: 3/5 | Batch: 200/421 | Loss: 0.661821
2025-04-10T19:18:24.556173+0800 INFO Client 1 | Rank: 2 | Epoch: 3/5 | Batch: 300/421 | Loss: 0.796018
2025-04-10T19:18:39.725174+0800 INFO Client 1 | Rank: 2 | Epoch: 3/5 | Batch: 400/421 | Loss: 0.490883
2025-04-10T19:18:42.720796+0800 INFO Client 1 | Rank: 2 | Epoch: 4/5 | Batch: 0/421 | Loss: 0.530976
2025-04-10T19:18:57.953570+0800 INFO Client 1 | Rank: 2 | Epoch: 4/5 | Batch: 100/421 | Loss: 0.662275
2025-04-10T19:19:13.286980+0800 INFO Client 1 | Rank: 2 | Epoch: 4/5 | Batch: 200/421 | Loss: 0.580946
2025-04-10T19:19:28.570366+0800 INFO Client 1 | Rank: 2 | Epoch: 4/5 | Batch: 300/421 | Loss: 1.414263
2025-04-10T19:19:43.740427+0800 INFO Client 1 | Rank: 2 | Epoch: 4/5 | Batch: 400/421 | Loss: 0.680201
2025-04-10T19:19:47.364172+0800 INFO Rank 2 received the global model
2025-04-10T19:19:47.365167+0800 INFO Client 1 | Rank: 2 | Update model
2025-04-10T19:19:47.662991+0800 INFO Client 1 | Rank: 2 | Epoch: 0/5 | Batch: 0/421 | Loss: 1.884363
2025-04-10T19:20:02.826500+0800 INFO Client 1 | Rank: 2 | Epoch: 0/5 | Batch: 100/421 | Loss: 0.788033
2025-04-10T19:20:18.452039+0800 INFO Client 1 | Rank: 2 | Epoch: 0/5 | Batch: 200/421 | Loss: 0.962670
2025-04-10T19:20:33.886064+0800 INFO Client 1 | Rank: 2 | Epoch: 0/5 | Batch: 300/421 | Loss: 1.032430
2025-04-10T19:20:49.350898+0800 INFO Client 1 | Rank: 2 | Epoch: 0/5 | Batch: 400/421 | Loss: 0.963265
2025-04-10T19:20:52.530200+0800 INFO Client 1 | Rank: 2 | Epoch: 1/5 | Batch: 0/421 | Loss: 0.563294
2025-04-10T19:21:08.036609+0800 INFO Client 1 | Rank: 2 | Epoch: 1/5 | Batch: 100/421 | Loss: 0.703665
2025-04-10T19:21:23.986074+0800 INFO Client 1 | Rank: 2 | Epoch: 1/5 | Batch: 200/421 | Loss: 0.865179
2025-04-10T19:21:39.428255+0800 INFO Client 1 | Rank: 2 | Epoch: 1/5 | Batch: 300/421 | Loss: 0.522280
2025-04-10T19:21:54.466387+0800 INFO Client 1 | Rank: 2 | Epoch: 1/5 | Batch: 400/421 | Loss: 1.014799
2025-04-10T19:21:57.563470+0800 INFO Client 1 | Rank: 2 | Epoch: 2/5 | Batch: 0/421 | Loss: 0.677347
2025-04-10T19:22:13.058033+0800 INFO Client 1 | Rank: 2 | Epoch: 2/5 | Batch: 100/421 | Loss: 0.862635
2025-04-10T19:22:28.689462+0800 INFO Client 1 | Rank: 2 | Epoch: 2/5 | Batch: 200/421 | Loss: 0.493325
2025-04-10T19:22:44.105920+0800 INFO Client 1 | Rank: 2 | Epoch: 2/5 | Batch: 300/421 | Loss: 0.846277
2025-04-10T19:22:59.731715+0800 INFO Client 1 | Rank: 2 | Epoch: 2/5 | Batch: 400/421 | Loss: 0.637934
2025-04-10T19:23:03.037835+0800 INFO Client 1 | Rank: 2 | Epoch: 3/5 | Batch: 0/421 | Loss: 0.609418
2025-04-10T19:23:18.456489+0800 INFO Client 1 | Rank: 2 | Epoch: 3/5 | Batch: 100/421 | Loss: 0.940171
2025-04-10T19:23:33.645668+0800 INFO Client 1 | Rank: 2 | Epoch: 3/5 | Batch: 200/421 | Loss: 0.644521
2025-04-10T19:23:48.892797+0800 INFO Client 1 | Rank: 2 | Epoch: 3/5 | Batch: 300/421 | Loss: 0.722869
2025-04-10T19:24:04.311874+0800 INFO Client 1 | Rank: 2 | Epoch: 3/5 | Batch: 400/421 | Loss: 0.620551
2025-04-10T19:24:07.565887+0800 INFO Client 1 | Rank: 2 | Epoch: 4/5 | Batch: 0/421 | Loss: 0.864418
2025-04-10T19:24:22.828997+0800 INFO Client 1 | Rank: 2 | Epoch: 4/5 | Batch: 100/421 | Loss: 0.825924
2025-04-10T19:24:38.681222+0800 INFO Client 1 | Rank: 2 | Epoch: 4/5 | Batch: 200/421 | Loss: 0.684460
2025-04-10T19:24:53.840167+0800 INFO Client 1 | Rank: 2 | Epoch: 4/5 | Batch: 300/421 | Loss: 0.873416
2025-04-10T19:25:09.071403+0800 INFO Client 1 | Rank: 2 | Epoch: 4/5 | Batch: 400/421 | Loss: 0.908889
2025-04-10T19:25:13.071379+0800 INFO Rank 2 received the global model
2025-04-10T19:25:13.072375+0800 INFO Client 1 | Rank: 2 | Update model
2025-04-10T19:25:13.362098+0800 INFO Client 1 | Rank: 2 | Epoch: 0/5 | Batch: 0/421 | Loss: 2.863626
2025-04-10T19:25:28.652710+0800 INFO Client 1 | Rank: 2 | Epoch: 0/5 | Batch: 100/421 | Loss: 0.911891
2025-04-10T19:25:43.965463+0800 INFO Client 1 | Rank: 2 | Epoch: 0/5 | Batch: 200/421 | Loss: 1.393633
2025-04-10T19:25:59.434741+0800 INFO Client 1 | Rank: 2 | Epoch: 0/5 | Batch: 300/421 | Loss: 1.370817
2025-04-10T19:26:14.961087+0800 INFO Client 1 | Rank: 2 | Epoch: 0/5 | Batch: 400/421 | Loss: 0.613648
2025-04-10T19:26:18.293727+0800 INFO Client 1 | Rank: 2 | Epoch: 1/5 | Batch: 0/421 | Loss: 0.815992
2025-04-10T19:26:33.723995+0800 INFO Client 1 | Rank: 2 | Epoch: 1/5 | Batch: 100/421 | Loss: 0.753680
2025-04-10T19:26:48.950847+0800 INFO Client 1 | Rank: 2 | Epoch: 1/5 | Batch: 200/421 | Loss: 0.657510
2025-04-10T19:27:03.897848+0800 INFO Client 1 | Rank: 2 | Epoch: 1/5 | Batch: 300/421 | Loss: 0.724480
2025-04-10T19:27:19.401443+0800 INFO Client 1 | Rank: 2 | Epoch: 1/5 | Batch: 400/421 | Loss: 0.582622
2025-04-10T19:27:22.709025+0800 INFO Client 1 | Rank: 2 | Epoch: 2/5 | Batch: 0/421 | Loss: 1.197965
2025-04-10T19:27:38.087768+0800 INFO Client 1 | Rank: 2 | Epoch: 2/5 | Batch: 100/421 | Loss: 0.528702
2025-04-10T19:27:53.471435+0800 INFO Client 1 | Rank: 2 | Epoch: 2/5 | Batch: 200/421 | Loss: 0.477570
2025-04-10T19:28:08.712766+0800 INFO Client 1 | Rank: 2 | Epoch: 2/5 | Batch: 300/421 | Loss: 0.762531
2025-04-10T19:28:24.320397+0800 INFO Client 1 | Rank: 2 | Epoch: 2/5 | Batch: 400/421 | Loss: 0.976063
2025-04-10T19:28:27.501154+0800 INFO Client 1 | Rank: 2 | Epoch: 3/5 | Batch: 0/421 | Loss: 0.569057
2025-04-10T19:28:43.108594+0800 INFO Client 1 | Rank: 2 | Epoch: 3/5 | Batch: 100/421 | Loss: 0.557575
2025-04-10T19:28:58.407550+0800 INFO Client 1 | Rank: 2 | Epoch: 3/5 | Batch: 200/421 | Loss: 0.524369
2025-04-10T19:29:13.815612+0800 INFO Client 1 | Rank: 2 | Epoch: 3/5 | Batch: 300/421 | Loss: 0.999216
2025-04-10T19:29:29.464592+0800 INFO Client 1 | Rank: 2 | Epoch: 3/5 | Batch: 400/421 | Loss: 0.455011
2025-04-10T19:29:32.931108+0800 INFO Client 1 | Rank: 2 | Epoch: 4/5 | Batch: 0/421 | Loss: 0.728739
2025-04-10T19:29:48.327710+0800 INFO Client 1 | Rank: 2 | Epoch: 4/5 | Batch: 100/421 | Loss: 0.636844
2025-04-10T19:30:03.748633+0800 INFO Client 1 | Rank: 2 | Epoch: 4/5 | Batch: 200/421 | Loss: 0.622971
2025-04-10T19:30:19.277325+0800 INFO Client 1 | Rank: 2 | Epoch: 4/5 | Batch: 300/421 | Loss: 0.889261
2025-04-10T19:30:34.440508+0800 INFO Client 1 | Rank: 2 | Epoch: 4/5 | Batch: 400/421 | Loss: 0.515780
2025-04-10T19:30:38.189504+0800 INFO Rank 2 received the global model
2025-04-10T19:30:38.189504+0800 INFO Client 1 | Rank: 2 | Update model
2025-04-10T19:30:38.502130+0800 INFO Client 1 | Rank: 2 | Epoch: 0/5 | Batch: 0/421 | Loss: 1.093745
2025-04-10T19:30:54.006213+0800 INFO Client 1 | Rank: 2 | Epoch: 0/5 | Batch: 100/421 | Loss: 0.627891
2025-04-10T19:31:09.520874+0800 INFO Client 1 | Rank: 2 | Epoch: 0/5 | Batch: 200/421 | Loss: 1.385256
2025-04-10T19:31:25.354290+0800 INFO Client 1 | Rank: 2 | Epoch: 0/5 | Batch: 300/421 | Loss: 0.745715
2025-04-10T19:31:40.928143+0800 INFO Client 1 | Rank: 2 | Epoch: 0/5 | Batch: 400/421 | Loss: 1.058739
2025-04-10T19:31:44.120523+0800 INFO Client 1 | Rank: 2 | Epoch: 1/5 | Batch: 0/421 | Loss: 0.535895
2025-04-10T19:31:59.152529+0800 INFO Client 1 | Rank: 2 | Epoch: 1/5 | Batch: 100/421 | Loss: 1.036603
2025-04-10T19:32:14.197016+0800 INFO Client 1 | Rank: 2 | Epoch: 1/5 | Batch: 200/421 | Loss: 0.509217
2025-04-10T19:32:29.079399+0800 INFO Client 1 | Rank: 2 | Epoch: 1/5 | Batch: 300/421 | Loss: 0.380972
2025-04-10T19:32:44.096085+0800 INFO Client 1 | Rank: 2 | Epoch: 1/5 | Batch: 400/421 | Loss: 0.542921
2025-04-10T19:32:47.183985+0800 INFO Client 1 | Rank: 2 | Epoch: 2/5 | Batch: 0/421 | Loss: 0.534891
2025-04-10T19:33:02.045092+0800 INFO Client 1 | Rank: 2 | Epoch: 2/5 | Batch: 100/421 | Loss: 0.603762
2025-04-10T19:33:17.324507+0800 INFO Client 1 | Rank: 2 | Epoch: 2/5 | Batch: 200/421 | Loss: 0.442257
2025-04-10T19:33:32.460657+0800 INFO Client 1 | Rank: 2 | Epoch: 2/5 | Batch: 300/421 | Loss: 0.573038
2025-04-10T19:33:47.908701+0800 INFO Client 1 | Rank: 2 | Epoch: 2/5 | Batch: 400/421 | Loss: 0.760499
2025-04-10T19:33:51.165146+0800 INFO Client 1 | Rank: 2 | Epoch: 3/5 | Batch: 0/421 | Loss: 0.425559
2025-04-10T19:34:05.877606+0800 INFO Client 1 | Rank: 2 | Epoch: 3/5 | Batch: 100/421 | Loss: 0.744319
2025-04-10T19:34:21.306845+0800 INFO Client 1 | Rank: 2 | Epoch: 3/5 | Batch: 200/421 | Loss: 0.456336
2025-04-10T19:34:36.550502+0800 INFO Client 1 | Rank: 2 | Epoch: 3/5 | Batch: 300/421 | Loss: 0.458661
2025-04-10T19:34:51.549500+0800 INFO Client 1 | Rank: 2 | Epoch: 3/5 | Batch: 400/421 | Loss: 0.412150
2025-04-10T19:34:54.762421+0800 INFO Client 1 | Rank: 2 | Epoch: 4/5 | Batch: 0/421 | Loss: 0.501974
2025-04-10T19:35:09.939959+0800 INFO Client 1 | Rank: 2 | Epoch: 4/5 | Batch: 100/421 | Loss: 0.449145
2025-04-10T19:35:25.213667+0800 INFO Client 1 | Rank: 2 | Epoch: 4/5 | Batch: 200/421 | Loss: 0.401404
2025-04-10T19:35:40.420876+0800 INFO Client 1 | Rank: 2 | Epoch: 4/5 | Batch: 300/421 | Loss: 0.510031
2025-04-10T19:35:55.616009+0800 INFO Client 1 | Rank: 2 | Epoch: 4/5 | Batch: 400/421 | Loss: 0.628485
2025-04-10T19:35:59.169392+0800 INFO Rank 2 received the global model
2025-04-10T19:35:59.170388+0800 INFO Client 1 | Rank: 2 | Update model
2025-04-10T19:35:59.466061+0800 INFO Client 1 | Rank: 2 | Epoch: 0/5 | Batch: 0/421 | Loss: 1.954092
2025-04-10T19:36:14.337834+0800 INFO Client 1 | Rank: 2 | Epoch: 0/5 | Batch: 100/421 | Loss: 0.629951
2025-04-10T19:36:29.884437+0800 INFO Client 1 | Rank: 2 | Epoch: 0/5 | Batch: 200/421 | Loss: 1.163506
2025-04-10T19:36:45.087459+0800 INFO Client 1 | Rank: 2 | Epoch: 0/5 | Batch: 300/421 | Loss: 0.864739
2025-04-10T19:37:00.302721+0800 INFO Client 1 | Rank: 2 | Epoch: 0/5 | Batch: 400/421 | Loss: 0.627188
2025-04-10T19:37:03.818448+0800 INFO Client 1 | Rank: 2 | Epoch: 1/5 | Batch: 0/421 | Loss: 0.507104
2025-04-10T19:37:18.781210+0800 INFO Client 1 | Rank: 2 | Epoch: 1/5 | Batch: 100/421 | Loss: 0.786957
2025-04-10T19:37:33.999562+0800 INFO Client 1 | Rank: 2 | Epoch: 1/5 | Batch: 200/421 | Loss: 0.846157
2025-04-10T19:37:49.417075+0800 INFO Client 1 | Rank: 2 | Epoch: 1/5 | Batch: 300/421 | Loss: 0.544089
2025-04-10T19:38:04.484017+0800 INFO Client 1 | Rank: 2 | Epoch: 1/5 | Batch: 400/421 | Loss: 0.385591
2025-04-10T19:38:07.714240+0800 INFO Client 1 | Rank: 2 | Epoch: 2/5 | Batch: 0/421 | Loss: 0.545798
2025-04-10T19:38:23.318035+0800 INFO Client 1 | Rank: 2 | Epoch: 2/5 | Batch: 100/421 | Loss: 0.560890
2025-04-10T19:38:38.371596+0800 INFO Client 1 | Rank: 2 | Epoch: 2/5 | Batch: 200/421 | Loss: 0.474394
2025-04-10T19:38:53.554827+0800 INFO Client 1 | Rank: 2 | Epoch: 2/5 | Batch: 300/421 | Loss: 0.629911
2025-04-10T19:39:08.832050+0800 INFO Client 1 | Rank: 2 | Epoch: 2/5 | Batch: 400/421 | Loss: 0.722714
2025-04-10T19:39:12.026294+0800 INFO Client 1 | Rank: 2 | Epoch: 3/5 | Batch: 0/421 | Loss: 0.445264
2025-04-10T19:39:26.952137+0800 INFO Client 1 | Rank: 2 | Epoch: 3/5 | Batch: 100/421 | Loss: 0.665126
2025-04-10T19:39:42.398336+0800 INFO Client 1 | Rank: 2 | Epoch: 3/5 | Batch: 200/421 | Loss: 0.674069
2025-04-10T19:39:57.930504+0800 INFO Client 1 | Rank: 2 | Epoch: 3/5 | Batch: 300/421 | Loss: 0.443280
2025-04-10T19:40:13.302510+0800 INFO Client 1 | Rank: 2 | Epoch: 3/5 | Batch: 400/421 | Loss: 0.558375
2025-04-10T19:40:16.368155+0800 INFO Client 1 | Rank: 2 | Epoch: 4/5 | Batch: 0/421 | Loss: 0.526086
2025-04-10T19:40:31.223761+0800 INFO Client 1 | Rank: 2 | Epoch: 4/5 | Batch: 100/421 | Loss: 0.406520
2025-04-10T19:40:46.385850+0800 INFO Client 1 | Rank: 2 | Epoch: 4/5 | Batch: 200/421 | Loss: 1.058253
2025-04-10T19:41:01.410470+0800 INFO Client 1 | Rank: 2 | Epoch: 4/5 | Batch: 300/421 | Loss: 0.474988
2025-04-10T19:41:16.584325+0800 INFO Client 1 | Rank: 2 | Epoch: 4/5 | Batch: 400/421 | Loss: 0.817251
2025-04-10T19:41:20.167579+0800 INFO Rank 2 received the global model
2025-04-10T19:41:20.167579+0800 INFO Client 1 | Rank: 2 | Update model
2025-04-10T19:41:20.451317+0800 INFO Client 1 | Rank: 2 | Epoch: 0/5 | Batch: 0/421 | Loss: 1.139160
2025-04-10T19:41:35.824419+0800 INFO Client 1 | Rank: 2 | Epoch: 0/5 | Batch: 100/421 | Loss: 1.130988
2025-04-10T19:41:50.508016+0800 INFO Client 1 | Rank: 2 | Epoch: 0/5 | Batch: 200/421 | Loss: 0.788883
2025-04-10T19:42:05.509558+0800 INFO Client 1 | Rank: 2 | Epoch: 0/5 | Batch: 300/421 | Loss: 0.837461
2025-04-10T19:42:20.737411+0800 INFO Client 1 | Rank: 2 | Epoch: 0/5 | Batch: 400/421 | Loss: 0.874004
2025-04-10T19:42:23.873967+0800 INFO Client 1 | Rank: 2 | Epoch: 1/5 | Batch: 0/421 | Loss: 0.544507
2025-04-10T19:42:38.925475+0800 INFO Client 1 | Rank: 2 | Epoch: 1/5 | Batch: 100/421 | Loss: 0.566578
2025-04-10T19:42:54.249295+0800 INFO Client 1 | Rank: 2 | Epoch: 1/5 | Batch: 200/421 | Loss: 0.465993
2025-04-10T19:43:09.729827+0800 INFO Client 1 | Rank: 2 | Epoch: 1/5 | Batch: 300/421 | Loss: 0.376143
2025-04-10T19:43:25.188574+0800 INFO Client 1 | Rank: 2 | Epoch: 1/5 | Batch: 400/421 | Loss: 0.808173
2025-04-10T19:43:28.559777+0800 INFO Client 1 | Rank: 2 | Epoch: 2/5 | Batch: 0/421 | Loss: 0.478997
2025-04-10T19:43:43.922141+0800 INFO Client 1 | Rank: 2 | Epoch: 2/5 | Batch: 100/421 | Loss: 0.461836
2025-04-10T19:43:59.154232+0800 INFO Client 1 | Rank: 2 | Epoch: 2/5 | Batch: 200/421 | Loss: 0.399710
2025-04-10T19:44:14.069965+0800 INFO Client 1 | Rank: 2 | Epoch: 2/5 | Batch: 300/421 | Loss: 0.764209
2025-04-10T19:44:29.378901+0800 INFO Client 1 | Rank: 2 | Epoch: 2/5 | Batch: 400/421 | Loss: 0.636093
2025-04-10T19:44:32.623023+0800 INFO Client 1 | Rank: 2 | Epoch: 3/5 | Batch: 0/421 | Loss: 0.891845
2025-04-10T19:44:47.724381+0800 INFO Client 1 | Rank: 2 | Epoch: 3/5 | Batch: 100/421 | Loss: 0.423612
2025-04-10T19:45:02.866217+0800 INFO Client 1 | Rank: 2 | Epoch: 3/5 | Batch: 200/421 | Loss: 0.773572
2025-04-10T19:45:17.912515+0800 INFO Client 1 | Rank: 2 | Epoch: 3/5 | Batch: 300/421 | Loss: 0.638510
2025-04-10T19:45:33.020347+0800 INFO Client 1 | Rank: 2 | Epoch: 3/5 | Batch: 400/421 | Loss: 0.385538
2025-04-10T19:45:36.166549+0800 INFO Client 1 | Rank: 2 | Epoch: 4/5 | Batch: 0/421 | Loss: 0.492489
2025-04-10T19:45:51.098152+0800 INFO Client 1 | Rank: 2 | Epoch: 4/5 | Batch: 100/421 | Loss: 1.082139
2025-04-10T19:46:06.355483+0800 INFO Client 1 | Rank: 2 | Epoch: 4/5 | Batch: 200/421 | Loss: 0.492472
2025-04-10T19:46:22.043566+0800 INFO Client 1 | Rank: 2 | Epoch: 4/5 | Batch: 300/421 | Loss: 0.574453
2025-04-10T19:46:36.998560+0800 INFO Client 1 | Rank: 2 | Epoch: 4/5 | Batch: 400/421 | Loss: 0.494698
2025-04-10T19:46:40.817456+0800 INFO Rank 2 received the global model
2025-04-10T19:46:40.817456+0800 INFO Client 1 | Rank: 2 | Update model
2025-04-10T19:46:41.097209+0800 INFO Client 1 | Rank: 2 | Epoch: 0/5 | Batch: 0/421 | Loss: 1.661180
2025-04-10T19:46:56.623416+0800 INFO Client 1 | Rank: 2 | Epoch: 0/5 | Batch: 100/421 | Loss: 0.635783
2025-04-10T19:47:11.624513+0800 INFO Client 1 | Rank: 2 | Epoch: 0/5 | Batch: 200/421 | Loss: 0.744457
2025-04-10T19:47:26.988912+0800 INFO Client 1 | Rank: 2 | Epoch: 0/5 | Batch: 300/421 | Loss: 0.998192
2025-04-10T19:47:41.948540+0800 INFO Client 1 | Rank: 2 | Epoch: 0/5 | Batch: 400/421 | Loss: 0.563721
2025-04-10T19:47:45.204140+0800 INFO Client 1 | Rank: 2 | Epoch: 1/5 | Batch: 0/421 | Loss: 0.550543
2025-04-10T19:48:00.613864+0800 INFO Client 1 | Rank: 2 | Epoch: 1/5 | Batch: 100/421 | Loss: 0.562047
2025-04-10T19:48:15.852669+0800 INFO Client 1 | Rank: 2 | Epoch: 1/5 | Batch: 200/421 | Loss: 0.670550
2025-04-10T19:48:31.392986+0800 INFO Client 1 | Rank: 2 | Epoch: 1/5 | Batch: 300/421 | Loss: 0.515345
2025-04-10T19:48:46.469795+0800 INFO Client 1 | Rank: 2 | Epoch: 1/5 | Batch: 400/421 | Loss: 0.459859
2025-04-10T19:48:49.667752+0800 INFO Client 1 | Rank: 2 | Epoch: 2/5 | Batch: 0/421 | Loss: 0.529117
2025-04-10T19:49:04.712753+0800 INFO Client 1 | Rank: 2 | Epoch: 2/5 | Batch: 100/421 | Loss: 0.454305
2025-04-10T19:49:20.454801+0800 INFO Client 1 | Rank: 2 | Epoch: 2/5 | Batch: 200/421 | Loss: 0.473850
2025-04-10T19:49:35.746010+0800 INFO Client 1 | Rank: 2 | Epoch: 2/5 | Batch: 300/421 | Loss: 0.728413
2025-04-10T19:49:50.687761+0800 INFO Client 1 | Rank: 2 | Epoch: 2/5 | Batch: 400/421 | Loss: 0.468166
2025-04-10T19:49:53.631232+0800 INFO Client 1 | Rank: 2 | Epoch: 3/5 | Batch: 0/421 | Loss: 0.526876
2025-04-10T19:50:08.576166+0800 INFO Client 1 | Rank: 2 | Epoch: 3/5 | Batch: 100/421 | Loss: 0.384095
2025-04-10T19:50:24.257742+0800 INFO Client 1 | Rank: 2 | Epoch: 3/5 | Batch: 200/421 | Loss: 0.790633
2025-04-10T19:50:39.327165+0800 INFO Client 1 | Rank: 2 | Epoch: 3/5 | Batch: 300/421 | Loss: 0.396096
2025-04-10T19:50:54.468166+0800 INFO Client 1 | Rank: 2 | Epoch: 3/5 | Batch: 400/421 | Loss: 0.598312
2025-04-10T19:50:57.658640+0800 INFO Client 1 | Rank: 2 | Epoch: 4/5 | Batch: 0/421 | Loss: 0.387372
2025-04-10T19:51:13.250964+0800 INFO Client 1 | Rank: 2 | Epoch: 4/5 | Batch: 100/421 | Loss: 0.359091
2025-04-10T19:51:28.621130+0800 INFO Client 1 | Rank: 2 | Epoch: 4/5 | Batch: 200/421 | Loss: 0.513398
2025-04-10T19:51:43.846412+0800 INFO Client 1 | Rank: 2 | Epoch: 4/5 | Batch: 300/421 | Loss: 0.350415
2025-04-10T19:51:58.410449+0800 INFO Client 1 | Rank: 2 | Epoch: 4/5 | Batch: 400/421 | Loss: 0.364318
2025-04-10T19:52:01.966363+0800 INFO Rank 2 received the global model
2025-04-10T19:52:01.966363+0800 INFO Client 1 | Rank: 2 | Update model
2025-04-10T19:52:02.263038+0800 INFO Client 1 | Rank: 2 | Epoch: 0/5 | Batch: 0/421 | Loss: 1.758863
2025-04-10T19:52:17.489697+0800 INFO Client 1 | Rank: 2 | Epoch: 0/5 | Batch: 100/421 | Loss: 0.459907
2025-04-10T19:52:32.553810+0800 INFO Client 1 | Rank: 2 | Epoch: 0/5 | Batch: 200/421 | Loss: 1.046232
2025-04-10T19:52:47.127899+0800 INFO Client 1 | Rank: 2 | Epoch: 0/5 | Batch: 300/421 | Loss: 0.485562
2025-04-10T19:53:02.344931+0800 INFO Client 1 | Rank: 2 | Epoch: 0/5 | Batch: 400/421 | Loss: 0.768260
2025-04-10T19:53:05.849942+0800 INFO Client 1 | Rank: 2 | Epoch: 1/5 | Batch: 0/421 | Loss: 0.483246
2025-04-10T19:53:21.350075+0800 INFO Client 1 | Rank: 2 | Epoch: 1/5 | Batch: 100/421 | Loss: 0.406170
2025-04-10T19:53:36.276762+0800 INFO Client 1 | Rank: 2 | Epoch: 1/5 | Batch: 200/421 | Loss: 0.467179
2025-04-10T19:53:51.267106+0800 INFO Client 1 | Rank: 2 | Epoch: 1/5 | Batch: 300/421 | Loss: 0.502624
2025-04-10T19:54:06.332117+0800 INFO Client 1 | Rank: 2 | Epoch: 1/5 | Batch: 400/421 | Loss: 0.530060
2025-04-10T19:54:09.560063+0800 INFO Client 1 | Rank: 2 | Epoch: 2/5 | Batch: 0/421 | Loss: 0.459257
2025-04-10T19:54:24.725143+0800 INFO Client 1 | Rank: 2 | Epoch: 2/5 | Batch: 100/421 | Loss: 0.341963
2025-04-10T19:54:39.497341+0800 INFO Client 1 | Rank: 2 | Epoch: 2/5 | Batch: 200/421 | Loss: 0.540386
2025-04-10T19:54:54.847622+0800 INFO Client 1 | Rank: 2 | Epoch: 2/5 | Batch: 300/421 | Loss: 0.879759
2025-04-10T19:55:10.161915+0800 INFO Client 1 | Rank: 2 | Epoch: 2/5 | Batch: 400/421 | Loss: 0.876004
2025-04-10T19:55:13.259026+0800 INFO Client 1 | Rank: 2 | Epoch: 3/5 | Batch: 0/421 | Loss: 0.650240
2025-04-10T19:55:28.168366+0800 INFO Client 1 | Rank: 2 | Epoch: 3/5 | Batch: 100/421 | Loss: 0.398098
2025-04-10T19:55:43.692057+0800 INFO Client 1 | Rank: 2 | Epoch: 3/5 | Batch: 200/421 | Loss: 0.349992
2025-04-10T19:55:58.734618+0800 INFO Client 1 | Rank: 2 | Epoch: 3/5 | Batch: 300/421 | Loss: 0.391815
2025-04-10T19:56:13.914080+0800 INFO Client 1 | Rank: 2 | Epoch: 3/5 | Batch: 400/421 | Loss: 0.422816
2025-04-10T19:56:16.951860+0800 INFO Client 1 | Rank: 2 | Epoch: 4/5 | Batch: 0/421 | Loss: 0.401256
2025-04-10T19:56:32.180911+0800 INFO Client 1 | Rank: 2 | Epoch: 4/5 | Batch: 100/421 | Loss: 0.391482
2025-04-10T19:56:47.339908+0800 INFO Client 1 | Rank: 2 | Epoch: 4/5 | Batch: 200/421 | Loss: 0.440998
2025-04-10T19:57:02.772569+0800 INFO Client 1 | Rank: 2 | Epoch: 4/5 | Batch: 300/421 | Loss: 0.356419
2025-04-10T19:57:17.570123+0800 INFO Client 1 | Rank: 2 | Epoch: 4/5 | Batch: 400/421 | Loss: 0.499854
2025-04-10T19:57:21.298720+0800 INFO Rank 2 received the global model
2025-04-10T19:57:21.298720+0800 INFO Client 1 | Rank: 2 | Update model
2025-04-10T19:57:21.550065+0800 INFO Client 1 | Rank: 2 | Epoch: 0/5 | Batch: 0/421 | Loss: 1.681347
2025-04-10T19:57:37.033635+0800 INFO Client 1 | Rank: 2 | Epoch: 0/5 | Batch: 100/421 | Loss: 0.814205
2025-04-10T19:57:52.402797+0800 INFO Client 1 | Rank: 2 | Epoch: 0/5 | Batch: 200/421 | Loss: 0.872250
2025-04-10T19:58:07.569587+0800 INFO Client 1 | Rank: 2 | Epoch: 0/5 | Batch: 300/421 | Loss: 0.648978
2025-04-10T19:58:22.791388+0800 INFO Client 1 | Rank: 2 | Epoch: 0/5 | Batch: 400/421 | Loss: 0.797645
2025-04-10T19:58:26.173918+0800 INFO Client 1 | Rank: 2 | Epoch: 1/5 | Batch: 0/421 | Loss: 0.372282
2025-04-10T19:58:41.363963+0800 INFO Client 1 | Rank: 2 | Epoch: 1/5 | Batch: 100/421 | Loss: 0.458656
2025-04-10T19:58:56.782192+0800 INFO Client 1 | Rank: 2 | Epoch: 1/5 | Batch: 200/421 | Loss: 0.430884
2025-04-10T19:59:11.978781+0800 INFO Client 1 | Rank: 2 | Epoch: 1/5 | Batch: 300/421 | Loss: 0.669519
2025-04-10T19:59:27.541607+0800 INFO Client 1 | Rank: 2 | Epoch: 1/5 | Batch: 400/421 | Loss: 0.407315
2025-04-10T19:59:30.565404+0800 INFO Client 1 | Rank: 2 | Epoch: 2/5 | Batch: 0/421 | Loss: 0.404754
2025-04-10T19:59:45.920863+0800 INFO Client 1 | Rank: 2 | Epoch: 2/5 | Batch: 100/421 | Loss: 0.379474
2025-04-10T20:00:00.999437+0800 INFO Client 1 | Rank: 2 | Epoch: 2/5 | Batch: 200/421 | Loss: 0.517864
2025-04-10T20:00:15.958178+0800 INFO Client 1 | Rank: 2 | Epoch: 2/5 | Batch: 300/421 | Loss: 0.577438
2025-04-10T20:00:30.990642+0800 INFO Client 1 | Rank: 2 | Epoch: 2/5 | Batch: 400/421 | Loss: 0.525979
2025-04-10T20:00:34.215515+0800 INFO Client 1 | Rank: 2 | Epoch: 3/5 | Batch: 0/421 | Loss: 0.404099
2025-04-10T20:00:49.462250+0800 INFO Client 1 | Rank: 2 | Epoch: 3/5 | Batch: 100/421 | Loss: 0.360418
2025-04-10T20:01:04.824185+0800 INFO Client 1 | Rank: 2 | Epoch: 3/5 | Batch: 200/421 | Loss: 0.373964
2025-04-10T20:01:20.038699+0800 INFO Client 1 | Rank: 2 | Epoch: 3/5 | Batch: 300/421 | Loss: 0.348943
2025-04-10T20:01:34.935369+0800 INFO Client 1 | Rank: 2 | Epoch: 3/5 | Batch: 400/421 | Loss: 0.381794
2025-04-10T20:01:38.021320+0800 INFO Client 1 | Rank: 2 | Epoch: 4/5 | Batch: 0/421 | Loss: 0.654245
2025-04-10T20:01:52.733185+0800 INFO Client 1 | Rank: 2 | Epoch: 4/5 | Batch: 100/421 | Loss: 0.524176
2025-04-10T20:02:08.029361+0800 INFO Client 1 | Rank: 2 | Epoch: 4/5 | Batch: 200/421 | Loss: 0.377871
2025-04-10T20:02:23.354584+0800 INFO Client 1 | Rank: 2 | Epoch: 4/5 | Batch: 300/421 | Loss: 0.372905
2025-04-10T20:02:38.829052+0800 INFO Client 1 | Rank: 2 | Epoch: 4/5 | Batch: 400/421 | Loss: 0.650849
2025-04-10T20:02:42.518892+0800 INFO Rank 2 received the global model
2025-04-10T20:02:42.519888+0800 INFO Client 1 | Rank: 2 | Update model
2025-04-10T20:02:42.878291+0800 INFO Client 1 | Rank: 2 | Epoch: 0/5 | Batch: 0/421 | Loss: 2.074097
2025-04-10T20:02:58.214093+0800 INFO Client 1 | Rank: 2 | Epoch: 0/5 | Batch: 100/421 | Loss: 0.612587
2025-04-10T20:03:13.412280+0800 INFO Client 1 | Rank: 2 | Epoch: 0/5 | Batch: 200/421 | Loss: 0.701735
2025-04-10T20:03:28.481028+0800 INFO Client 1 | Rank: 2 | Epoch: 0/5 | Batch: 300/421 | Loss: 0.453424
2025-04-10T20:03:43.570686+0800 INFO Client 1 | Rank: 2 | Epoch: 0/5 | Batch: 400/421 | Loss: 0.670582
2025-04-10T20:03:46.794003+0800 INFO Client 1 | Rank: 2 | Epoch: 1/5 | Batch: 0/421 | Loss: 0.747800
2025-04-10T20:04:02.278647+0800 INFO Client 1 | Rank: 2 | Epoch: 1/5 | Batch: 100/421 | Loss: 0.407769
2025-04-10T20:04:17.469906+0800 INFO Client 1 | Rank: 2 | Epoch: 1/5 | Batch: 200/421 | Loss: 0.502264
2025-04-10T20:04:32.682153+0800 INFO Client 1 | Rank: 2 | Epoch: 1/5 | Batch: 300/421 | Loss: 0.515402
2025-04-10T20:04:47.975412+0800 INFO Client 1 | Rank: 2 | Epoch: 1/5 | Batch: 400/421 | Loss: 0.424561
2025-04-10T20:04:51.558966+0800 INFO Client 1 | Rank: 2 | Epoch: 2/5 | Batch: 0/421 | Loss: 0.410354
2025-04-10T20:05:06.568651+0800 INFO Client 1 | Rank: 2 | Epoch: 2/5 | Batch: 100/421 | Loss: 0.355140
2025-04-10T20:05:21.115905+0800 INFO Client 1 | Rank: 2 | Epoch: 2/5 | Batch: 200/421 | Loss: 0.395035
2025-04-10T20:05:36.253796+0800 INFO Client 1 | Rank: 2 | Epoch: 2/5 | Batch: 300/421 | Loss: 0.355263
2025-04-10T20:05:51.677448+0800 INFO Client 1 | Rank: 2 | Epoch: 2/5 | Batch: 400/421 | Loss: 0.515645
2025-04-10T20:05:54.702399+0800 INFO Client 1 | Rank: 2 | Epoch: 3/5 | Batch: 0/421 | Loss: 0.456247
2025-04-10T20:06:10.160857+0800 INFO Client 1 | Rank: 2 | Epoch: 3/5 | Batch: 100/421 | Loss: 0.787927
2025-04-10T20:06:25.467329+0800 INFO Client 1 | Rank: 2 | Epoch: 3/5 | Batch: 200/421 | Loss: 0.347833
2025-04-10T20:06:39.889371+0800 INFO Client 1 | Rank: 2 | Epoch: 3/5 | Batch: 300/421 | Loss: 0.617902
2025-04-10T20:06:54.725583+0800 INFO Client 1 | Rank: 2 | Epoch: 3/5 | Batch: 400/421 | Loss: 0.474740
2025-04-10T20:06:58.076871+0800 INFO Client 1 | Rank: 2 | Epoch: 4/5 | Batch: 0/421 | Loss: 0.344374
2025-04-10T20:07:12.705372+0800 INFO Client 1 | Rank: 2 | Epoch: 4/5 | Batch: 100/421 | Loss: 0.353890
2025-04-10T20:07:27.763974+0800 INFO Client 1 | Rank: 2 | Epoch: 4/5 | Batch: 200/421 | Loss: 0.422303
2025-04-10T20:07:42.664227+0800 INFO Client 1 | Rank: 2 | Epoch: 4/5 | Batch: 300/421 | Loss: 0.373134
2025-04-10T20:07:57.778158+0800 INFO Client 1 | Rank: 2 | Epoch: 4/5 | Batch: 400/421 | Loss: 0.433267
2025-04-10T20:08:01.402248+0800 INFO Rank 2 received the global model
2025-04-10T20:08:01.402248+0800 INFO Client 1 | Rank: 2 | Update model
2025-04-10T20:08:01.757669+0800 INFO Client 1 | Rank: 2 | Epoch: 0/5 | Batch: 0/421 | Loss: 1.175165
2025-04-10T20:08:17.212948+0800 INFO Client 1 | Rank: 2 | Epoch: 0/5 | Batch: 100/421 | Loss: 0.650427
2025-04-10T20:08:32.632708+0800 INFO Client 1 | Rank: 2 | Epoch: 0/5 | Batch: 200/421 | Loss: 0.736821
2025-04-10T20:08:47.848725+0800 INFO Client 1 | Rank: 2 | Epoch: 0/5 | Batch: 300/421 | Loss: 0.359379
2025-04-10T20:09:02.520170+0800 INFO Client 1 | Rank: 2 | Epoch: 0/5 | Batch: 400/421 | Loss: 0.607951
2025-04-10T20:09:05.707720+0800 INFO Client 1 | Rank: 2 | Epoch: 1/5 | Batch: 0/421 | Loss: 0.451379
2025-04-10T20:09:20.772345+0800 INFO Client 1 | Rank: 2 | Epoch: 1/5 | Batch: 100/421 | Loss: 0.693172
2025-04-10T20:09:36.097868+0800 INFO Client 1 | Rank: 2 | Epoch: 1/5 | Batch: 200/421 | Loss: 0.343505
2025-04-10T20:09:51.267935+0800 INFO Client 1 | Rank: 2 | Epoch: 1/5 | Batch: 300/421 | Loss: 0.506386
2025-04-10T20:10:07.062743+0800 INFO Client 1 | Rank: 2 | Epoch: 1/5 | Batch: 400/421 | Loss: 0.671350
2025-04-10T20:10:10.402032+0800 INFO Client 1 | Rank: 2 | Epoch: 2/5 | Batch: 0/421 | Loss: 0.417245
2025-04-10T20:10:25.457192+0800 INFO Client 1 | Rank: 2 | Epoch: 2/5 | Batch: 100/421 | Loss: 0.504325
2025-04-10T20:10:40.632819+0800 INFO Client 1 | Rank: 2 | Epoch: 2/5 | Batch: 200/421 | Loss: 0.340894
2025-04-10T20:10:55.774559+0800 INFO Client 1 | Rank: 2 | Epoch: 2/5 | Batch: 300/421 | Loss: 0.373376
2025-04-10T20:11:10.735401+0800 INFO Client 1 | Rank: 2 | Epoch: 2/5 | Batch: 400/421 | Loss: 0.525868
2025-04-10T20:11:13.989545+0800 INFO Client 1 | Rank: 2 | Epoch: 3/5 | Batch: 0/421 | Loss: 0.357071
2025-04-10T20:11:29.216803+0800 INFO Client 1 | Rank: 2 | Epoch: 3/5 | Batch: 100/421 | Loss: 0.567532
2025-04-10T20:11:44.440786+0800 INFO Client 1 | Rank: 2 | Epoch: 3/5 | Batch: 200/421 | Loss: 0.425630
2025-04-10T20:11:59.572530+0800 INFO Client 1 | Rank: 2 | Epoch: 3/5 | Batch: 300/421 | Loss: 0.354184
2025-04-10T20:12:14.766342+0800 INFO Client 1 | Rank: 2 | Epoch: 3/5 | Batch: 400/421 | Loss: 0.353712
2025-04-10T20:12:17.995803+0800 INFO Client 1 | Rank: 2 | Epoch: 4/5 | Batch: 0/421 | Loss: 0.476651
2025-04-10T20:12:33.164588+0800 INFO Client 1 | Rank: 2 | Epoch: 4/5 | Batch: 100/421 | Loss: 0.580474
2025-04-10T20:12:48.414457+0800 INFO Client 1 | Rank: 2 | Epoch: 4/5 | Batch: 200/421 | Loss: 0.379720
2025-04-10T20:13:03.665621+0800 INFO Client 1 | Rank: 2 | Epoch: 4/5 | Batch: 300/421 | Loss: 0.349859
2025-04-10T20:13:18.660399+0800 INFO Client 1 | Rank: 2 | Epoch: 4/5 | Batch: 400/421 | Loss: 0.378703
2025-04-10T20:13:22.399687+0800 INFO Rank 2 received the global model
2025-04-10T20:13:22.400682+0800 INFO Client 1 | Rank: 2 | Update model
2025-04-10T20:13:22.702344+0800 INFO Client 1 | Rank: 2 | Epoch: 0/5 | Batch: 0/421 | Loss: 1.505658
2025-04-10T20:13:37.613781+0800 INFO Client 1 | Rank: 2 | Epoch: 0/5 | Batch: 100/421 | Loss: 0.536591
2025-04-10T20:13:52.587783+0800 INFO Client 1 | Rank: 2 | Epoch: 0/5 | Batch: 200/421 | Loss: 0.529156
2025-04-10T20:14:07.868285+0800 INFO Client 1 | Rank: 2 | Epoch: 0/5 | Batch: 300/421 | Loss: 0.391100
2025-04-10T20:14:23.454764+0800 INFO Client 1 | Rank: 2 | Epoch: 0/5 | Batch: 400/421 | Loss: 0.405505
2025-04-10T20:14:26.856166+0800 INFO Client 1 | Rank: 2 | Epoch: 1/5 | Batch: 0/421 | Loss: 0.714279
2025-04-10T20:14:42.178053+0800 INFO Client 1 | Rank: 2 | Epoch: 1/5 | Batch: 100/421 | Loss: 0.542667
2025-04-10T20:14:56.894532+0800 INFO Client 1 | Rank: 2 | Epoch: 1/5 | Batch: 200/421 | Loss: 0.489973
2025-04-10T20:15:12.049245+0800 INFO Client 1 | Rank: 2 | Epoch: 1/5 | Batch: 300/421 | Loss: 0.628600
2025-04-10T20:15:26.965661+0800 INFO Client 1 | Rank: 2 | Epoch: 1/5 | Batch: 400/421 | Loss: 0.394968
2025-04-10T20:15:30.102358+0800 INFO Client 1 | Rank: 2 | Epoch: 2/5 | Batch: 0/421 | Loss: 0.400167
2025-04-10T20:15:45.174608+0800 INFO Client 1 | Rank: 2 | Epoch: 2/5 | Batch: 100/421 | Loss: 0.391404
2025-04-10T20:16:00.752482+0800 INFO Client 1 | Rank: 2 | Epoch: 2/5 | Batch: 200/421 | Loss: 0.365802
2025-04-10T20:16:16.160113+0800 INFO Client 1 | Rank: 2 | Epoch: 2/5 | Batch: 300/421 | Loss: 0.593923
2025-04-10T20:16:31.154498+0800 INFO Client 1 | Rank: 2 | Epoch: 2/5 | Batch: 400/421 | Loss: 0.476950
2025-04-10T20:16:34.298809+0800 INFO Client 1 | Rank: 2 | Epoch: 3/5 | Batch: 0/421 | Loss: 0.348678
2025-04-10T20:16:49.284684+0800 INFO Client 1 | Rank: 2 | Epoch: 3/5 | Batch: 100/421 | Loss: 0.348498
2025-04-10T20:17:04.216249+0800 INFO Client 1 | Rank: 2 | Epoch: 3/5 | Batch: 200/421 | Loss: 0.367222
2025-04-10T20:17:19.309493+0800 INFO Client 1 | Rank: 2 | Epoch: 3/5 | Batch: 300/421 | Loss: 0.377421
2025-04-10T20:17:34.193738+0800 INFO Client 1 | Rank: 2 | Epoch: 3/5 | Batch: 400/421 | Loss: 0.477714
2025-04-10T20:17:37.478242+0800 INFO Client 1 | Rank: 2 | Epoch: 4/5 | Batch: 0/421 | Loss: 0.362027
2025-04-10T20:17:52.535271+0800 INFO Client 1 | Rank: 2 | Epoch: 4/5 | Batch: 100/421 | Loss: 0.339593
2025-04-10T20:18:07.891450+0800 INFO Client 1 | Rank: 2 | Epoch: 4/5 | Batch: 200/421 | Loss: 0.450222
2025-04-10T20:18:23.239085+0800 INFO Client 1 | Rank: 2 | Epoch: 4/5 | Batch: 300/421 | Loss: 0.434035
2025-04-10T20:18:38.860535+0800 INFO Client 1 | Rank: 2 | Epoch: 4/5 | Batch: 400/421 | Loss: 0.348594
2025-04-10T20:18:42.333447+0800 INFO Rank 2 received the global model
2025-04-10T20:18:42.334443+0800 INFO Client 1 | Rank: 2 | Update model
2025-04-10T20:18:42.670948+0800 INFO Client 1 | Rank: 2 | Epoch: 0/5 | Batch: 0/421 | Loss: 2.676604
2025-04-10T20:18:57.820149+0800 INFO Client 1 | Rank: 2 | Epoch: 0/5 | Batch: 100/421 | Loss: 1.396617
2025-04-10T20:19:12.808156+0800 INFO Client 1 | Rank: 2 | Epoch: 0/5 | Batch: 200/421 | Loss: 0.375458
2025-04-10T20:19:28.054425+0800 INFO Client 1 | Rank: 2 | Epoch: 0/5 | Batch: 300/421 | Loss: 1.141565
2025-04-10T20:19:43.194478+0800 INFO Client 1 | Rank: 2 | Epoch: 0/5 | Batch: 400/421 | Loss: 0.558636
2025-04-10T20:19:46.407347+0800 INFO Client 1 | Rank: 2 | Epoch: 1/5 | Batch: 0/421 | Loss: 0.396957
2025-04-10T20:20:01.647963+0800 INFO Client 1 | Rank: 2 | Epoch: 1/5 | Batch: 100/421 | Loss: 0.368607
2025-04-10T20:20:16.779039+0800 INFO Client 1 | Rank: 2 | Epoch: 1/5 | Batch: 200/421 | Loss: 0.398218
2025-04-10T20:20:31.918218+0800 INFO Client 1 | Rank: 2 | Epoch: 1/5 | Batch: 300/421 | Loss: 0.531636
2025-04-10T20:20:47.063536+0800 INFO Client 1 | Rank: 2 | Epoch: 1/5 | Batch: 400/421 | Loss: 0.516070
2025-04-10T20:20:50.390396+0800 INFO Client 1 | Rank: 2 | Epoch: 2/5 | Batch: 0/421 | Loss: 0.353786
2025-04-10T20:21:05.089653+0800 INFO Client 1 | Rank: 2 | Epoch: 2/5 | Batch: 100/421 | Loss: 0.345224
2025-04-10T20:21:20.591145+0800 INFO Client 1 | Rank: 2 | Epoch: 2/5 | Batch: 200/421 | Loss: 0.384259
2025-04-10T20:21:35.584373+0800 INFO Client 1 | Rank: 2 | Epoch: 2/5 | Batch: 300/421 | Loss: 0.388605
2025-04-10T20:21:51.070219+0800 INFO Client 1 | Rank: 2 | Epoch: 2/5 | Batch: 400/421 | Loss: 0.331814
2025-04-10T20:21:54.355903+0800 INFO Client 1 | Rank: 2 | Epoch: 3/5 | Batch: 0/421 | Loss: 0.330406
2025-04-10T20:22:09.471833+0800 INFO Client 1 | Rank: 2 | Epoch: 3/5 | Batch: 100/421 | Loss: 0.347533
2025-04-10T20:22:24.779345+0800 INFO Client 1 | Rank: 2 | Epoch: 3/5 | Batch: 200/421 | Loss: 0.453267
2025-04-10T20:22:39.787551+0800 INFO Client 1 | Rank: 2 | Epoch: 3/5 | Batch: 300/421 | Loss: 0.378509
2025-04-10T20:22:55.141778+0800 INFO Client 1 | Rank: 2 | Epoch: 3/5 | Batch: 400/421 | Loss: 0.335215
2025-04-10T20:22:58.405827+0800 INFO Client 1 | Rank: 2 | Epoch: 4/5 | Batch: 0/421 | Loss: 0.432409
2025-04-10T20:23:14.076880+0800 INFO Client 1 | Rank: 2 | Epoch: 4/5 | Batch: 100/421 | Loss: 0.516438
2025-04-10T20:23:29.480923+0800 INFO Client 1 | Rank: 2 | Epoch: 4/5 | Batch: 200/421 | Loss: 0.333148
2025-04-10T20:23:44.647179+0800 INFO Client 1 | Rank: 2 | Epoch: 4/5 | Batch: 300/421 | Loss: 0.418544
2025-04-10T20:24:00.034134+0800 INFO Client 1 | Rank: 2 | Epoch: 4/5 | Batch: 400/421 | Loss: 0.336829
2025-04-10T20:24:03.719119+0800 INFO Rank 2 received the global model
2025-04-10T20:24:03.719119+0800 INFO Client 1 | Rank: 2 | Update model
2025-04-10T20:24:04.096444+0800 INFO Client 1 | Rank: 2 | Epoch: 0/5 | Batch: 0/421 | Loss: 1.363909
2025-04-10T20:24:19.094867+0800 INFO Client 1 | Rank: 2 | Epoch: 0/5 | Batch: 100/421 | Loss: 0.650468
2025-04-10T20:24:34.229600+0800 INFO Client 1 | Rank: 2 | Epoch: 0/5 | Batch: 200/421 | Loss: 0.461563
2025-04-10T20:24:48.929724+0800 INFO Client 1 | Rank: 2 | Epoch: 0/5 | Batch: 300/421 | Loss: 0.430076
2025-04-10T20:25:04.302723+0800 INFO Client 1 | Rank: 2 | Epoch: 0/5 | Batch: 400/421 | Loss: 0.473362
2025-04-10T20:25:07.565008+0800 INFO Client 1 | Rank: 2 | Epoch: 1/5 | Batch: 0/421 | Loss: 0.483555
2025-04-10T20:25:22.858743+0800 INFO Client 1 | Rank: 2 | Epoch: 1/5 | Batch: 100/421 | Loss: 0.328978
2025-04-10T20:25:38.395926+0800 INFO Client 1 | Rank: 2 | Epoch: 1/5 | Batch: 200/421 | Loss: 0.772893
2025-04-10T20:25:53.473656+0800 INFO Client 1 | Rank: 2 | Epoch: 1/5 | Batch: 300/421 | Loss: 0.580374
2025-04-10T20:26:08.302902+0800 INFO Client 1 | Rank: 2 | Epoch: 1/5 | Batch: 400/421 | Loss: 0.369554
2025-04-10T20:26:11.378592+0800 INFO Client 1 | Rank: 2 | Epoch: 2/5 | Batch: 0/421 | Loss: 0.327686
2025-04-10T20:26:26.639650+0800 INFO Client 1 | Rank: 2 | Epoch: 2/5 | Batch: 100/421 | Loss: 0.420991
2025-04-10T20:26:41.878422+0800 INFO Client 1 | Rank: 2 | Epoch: 2/5 | Batch: 200/421 | Loss: 0.330232
2025-04-10T20:26:56.985972+0800 INFO Client 1 | Rank: 2 | Epoch: 2/5 | Batch: 300/421 | Loss: 0.507988
2025-04-10T20:27:12.428162+0800 INFO Client 1 | Rank: 2 | Epoch: 2/5 | Batch: 400/421 | Loss: 0.338732
2025-04-10T20:27:15.511768+0800 INFO Client 1 | Rank: 2 | Epoch: 3/5 | Batch: 0/421 | Loss: 0.388699
2025-04-10T20:27:30.805197+0800 INFO Client 1 | Rank: 2 | Epoch: 3/5 | Batch: 100/421 | Loss: 0.327394
2025-04-10T20:27:45.870303+0800 INFO Client 1 | Rank: 2 | Epoch: 3/5 | Batch: 200/421 | Loss: 0.354497
2025-04-10T20:28:00.765537+0800 INFO Client 1 | Rank: 2 | Epoch: 3/5 | Batch: 300/421 | Loss: 0.351376
2025-04-10T20:28:15.974601+0800 INFO Client 1 | Rank: 2 | Epoch: 3/5 | Batch: 400/421 | Loss: 0.376506
2025-04-10T20:28:19.361968+0800 INFO Client 1 | Rank: 2 | Epoch: 4/5 | Batch: 0/421 | Loss: 0.336036
2025-04-10T20:28:34.509168+0800 INFO Client 1 | Rank: 2 | Epoch: 4/5 | Batch: 100/421 | Loss: 0.496135
2025-04-10T20:28:49.794624+0800 INFO Client 1 | Rank: 2 | Epoch: 4/5 | Batch: 200/421 | Loss: 0.394698
2025-04-10T20:29:04.842383+0800 INFO Client 1 | Rank: 2 | Epoch: 4/5 | Batch: 300/421 | Loss: 0.337908
2025-04-10T20:29:20.214420+0800 INFO Client 1 | Rank: 2 | Epoch: 4/5 | Batch: 400/421 | Loss: 0.454899
2025-04-10T20:29:23.609360+0800 INFO Rank 2 received the global model
2025-04-10T20:29:23.610355+0800 INFO Client 1 | Rank: 2 | Update model
2025-04-10T20:29:23.896093+0800 INFO Client 1 | Rank: 2 | Epoch: 0/5 | Batch: 0/421 | Loss: 3.436479
2025-04-10T20:29:39.100211+0800 INFO Client 1 | Rank: 2 | Epoch: 0/5 | Batch: 100/421 | Loss: 0.499904
2025-04-10T20:29:54.610682+0800 INFO Client 1 | Rank: 2 | Epoch: 0/5 | Batch: 200/421 | Loss: 0.371345
2025-04-10T20:30:10.106459+0800 INFO Client 1 | Rank: 2 | Epoch: 0/5 | Batch: 300/421 | Loss: 0.608703
2025-04-10T20:30:25.220867+0800 INFO Client 1 | Rank: 2 | Epoch: 0/5 | Batch: 400/421 | Loss: 0.605980
2025-04-10T20:30:28.394486+0800 INFO Client 1 | Rank: 2 | Epoch: 1/5 | Batch: 0/421 | Loss: 0.503886
2025-04-10T20:30:43.681415+0800 INFO Client 1 | Rank: 2 | Epoch: 1/5 | Batch: 100/421 | Loss: 0.398225
2025-04-10T20:30:58.783091+0800 INFO Client 1 | Rank: 2 | Epoch: 1/5 | Batch: 200/421 | Loss: 0.597205
2025-04-10T20:31:14.415905+0800 INFO Client 1 | Rank: 2 | Epoch: 1/5 | Batch: 300/421 | Loss: 0.381358
2025-04-10T20:31:29.745303+0800 INFO Client 1 | Rank: 2 | Epoch: 1/5 | Batch: 400/421 | Loss: 0.423579
2025-04-10T20:31:32.993729+0800 INFO Client 1 | Rank: 2 | Epoch: 2/5 | Batch: 0/421 | Loss: 0.328744
2025-04-10T20:31:48.079971+0800 INFO Client 1 | Rank: 2 | Epoch: 2/5 | Batch: 100/421 | Loss: 0.364727
2025-04-10T20:32:03.289575+0800 INFO Client 1 | Rank: 2 | Epoch: 2/5 | Batch: 200/421 | Loss: 0.355823
2025-04-10T20:32:18.271001+0800 INFO Client 1 | Rank: 2 | Epoch: 2/5 | Batch: 300/421 | Loss: 0.391618
2025-04-10T20:32:33.713601+0800 INFO Client 1 | Rank: 2 | Epoch: 2/5 | Batch: 400/421 | Loss: 0.403373
2025-04-10T20:32:36.854914+0800 INFO Client 1 | Rank: 2 | Epoch: 3/5 | Batch: 0/421 | Loss: 0.410284
2025-04-10T20:32:52.225381+0800 INFO Client 1 | Rank: 2 | Epoch: 3/5 | Batch: 100/421 | Loss: 0.505363
2025-04-10T20:33:06.969525+0800 INFO Client 1 | Rank: 2 | Epoch: 3/5 | Batch: 200/421 | Loss: 0.344884
2025-04-10T20:33:22.076488+0800 INFO Client 1 | Rank: 2 | Epoch: 3/5 | Batch: 300/421 | Loss: 0.340339
2025-04-10T20:33:37.305051+0800 INFO Client 1 | Rank: 2 | Epoch: 3/5 | Batch: 400/421 | Loss: 0.332709
2025-04-10T20:33:40.323371+0800 INFO Client 1 | Rank: 2 | Epoch: 4/5 | Batch: 0/421 | Loss: 0.337997
2025-04-10T20:33:55.649579+0800 INFO Client 1 | Rank: 2 | Epoch: 4/5 | Batch: 100/421 | Loss: 0.487131
2025-04-10T20:34:10.969528+0800 INFO Client 1 | Rank: 2 | Epoch: 4/5 | Batch: 200/421 | Loss: 0.334496
2025-04-10T20:34:26.255436+0800 INFO Client 1 | Rank: 2 | Epoch: 4/5 | Batch: 300/421 | Loss: 0.330020
2025-04-10T20:34:41.262235+0800 INFO Client 1 | Rank: 2 | Epoch: 4/5 | Batch: 400/421 | Loss: 0.433185
2025-04-10T20:34:44.913691+0800 INFO Rank 2 received the global model
2025-04-10T20:34:44.914687+0800 INFO Client 1 | Rank: 2 | Update model
2025-04-10T20:34:45.269132+0800 INFO Client 1 | Rank: 2 | Epoch: 0/5 | Batch: 0/421 | Loss: 1.060376
2025-04-10T20:35:00.587407+0800 INFO Client 1 | Rank: 2 | Epoch: 0/5 | Batch: 100/421 | Loss: 0.431258
2025-04-10T20:35:15.384983+0800 INFO Client 1 | Rank: 2 | Epoch: 0/5 | Batch: 200/421 | Loss: 0.742511
2025-04-10T20:35:30.682646+0800 INFO Client 1 | Rank: 2 | Epoch: 0/5 | Batch: 300/421 | Loss: 0.526995
2025-04-10T20:35:46.124135+0800 INFO Client 1 | Rank: 2 | Epoch: 0/5 | Batch: 400/421 | Loss: 0.394210
2025-04-10T20:35:49.236335+0800 INFO Client 1 | Rank: 2 | Epoch: 1/5 | Batch: 0/421 | Loss: 0.808579
2025-04-10T20:36:04.761083+0800 INFO Client 1 | Rank: 2 | Epoch: 1/5 | Batch: 100/421 | Loss: 0.398422
2025-04-10T20:36:19.923521+0800 INFO Client 1 | Rank: 2 | Epoch: 1/5 | Batch: 200/421 | Loss: 0.368553
2025-04-10T20:36:35.258301+0800 INFO Client 1 | Rank: 2 | Epoch: 1/5 | Batch: 300/421 | Loss: 0.334620
2025-04-10T20:36:50.659952+0800 INFO Client 1 | Rank: 2 | Epoch: 1/5 | Batch: 400/421 | Loss: 0.827387
2025-04-10T20:36:53.871749+0800 INFO Client 1 | Rank: 2 | Epoch: 2/5 | Batch: 0/421 | Loss: 0.332696
2025-04-10T20:37:09.590690+0800 INFO Client 1 | Rank: 2 | Epoch: 2/5 | Batch: 100/421 | Loss: 0.337195
2025-04-10T20:37:24.560262+0800 INFO Client 1 | Rank: 2 | Epoch: 2/5 | Batch: 200/421 | Loss: 0.433349
2025-04-10T20:37:39.395748+0800 INFO Client 1 | Rank: 2 | Epoch: 2/5 | Batch: 300/421 | Loss: 0.467497
2025-04-10T20:37:54.706163+0800 INFO Client 1 | Rank: 2 | Epoch: 2/5 | Batch: 400/421 | Loss: 0.745211
2025-04-10T20:37:57.813100+0800 INFO Client 1 | Rank: 2 | Epoch: 3/5 | Batch: 0/421 | Loss: 0.373136
2025-04-10T20:38:13.476552+0800 INFO Client 1 | Rank: 2 | Epoch: 3/5 | Batch: 100/421 | Loss: 0.368648
2025-04-10T20:38:28.356246+0800 INFO Client 1 | Rank: 2 | Epoch: 3/5 | Batch: 200/421 | Loss: 0.850189
2025-04-10T20:38:43.224147+0800 INFO Client 1 | Rank: 2 | Epoch: 3/5 | Batch: 300/421 | Loss: 0.590507
2025-04-10T20:38:58.270106+0800 INFO Client 1 | Rank: 2 | Epoch: 3/5 | Batch: 400/421 | Loss: 0.331020
2025-04-10T20:39:01.553921+0800 INFO Client 1 | Rank: 2 | Epoch: 4/5 | Batch: 0/421 | Loss: 0.332348
2025-04-10T20:39:17.075665+0800 INFO Client 1 | Rank: 2 | Epoch: 4/5 | Batch: 100/421 | Loss: 0.361493
2025-04-10T20:39:32.393794+0800 INFO Client 1 | Rank: 2 | Epoch: 4/5 | Batch: 200/421 | Loss: 0.362765
2025-04-10T20:39:47.186908+0800 INFO Client 1 | Rank: 2 | Epoch: 4/5 | Batch: 300/421 | Loss: 0.340396
2025-04-10T20:40:02.738902+0800 INFO Client 1 | Rank: 2 | Epoch: 4/5 | Batch: 400/421 | Loss: 0.342704
2025-04-10T20:40:06.501488+0800 INFO Rank 2 received the global model
2025-04-10T20:40:06.501488+0800 INFO Client 1 | Rank: 2 | Update model
2025-04-10T20:40:06.833058+0800 INFO Client 1 | Rank: 2 | Epoch: 0/5 | Batch: 0/421 | Loss: 1.002641
2025-04-10T20:40:21.873317+0800 INFO Client 1 | Rank: 2 | Epoch: 0/5 | Batch: 100/421 | Loss: 1.173086
2025-04-10T20:40:37.271193+0800 INFO Client 1 | Rank: 2 | Epoch: 0/5 | Batch: 200/421 | Loss: 0.700634
2025-04-10T20:40:51.979930+0800 INFO Client 1 | Rank: 2 | Epoch: 0/5 | Batch: 300/421 | Loss: 0.399952
2025-04-10T20:41:06.994863+0800 INFO Client 1 | Rank: 2 | Epoch: 0/5 | Batch: 400/421 | Loss: 0.652323
2025-04-10T20:41:10.312459+0800 INFO Client 1 | Rank: 2 | Epoch: 1/5 | Batch: 0/421 | Loss: 0.462506
2025-04-10T20:41:25.504954+0800 INFO Client 1 | Rank: 2 | Epoch: 1/5 | Batch: 100/421 | Loss: 0.308920
2025-04-10T20:41:40.416784+0800 INFO Client 1 | Rank: 2 | Epoch: 1/5 | Batch: 200/421 | Loss: 0.595834
2025-04-10T20:41:55.932694+0800 INFO Client 1 | Rank: 2 | Epoch: 1/5 | Batch: 300/421 | Loss: 0.412816
2025-04-10T20:42:10.991955+0800 INFO Client 1 | Rank: 2 | Epoch: 1/5 | Batch: 400/421 | Loss: 0.313238
2025-04-10T20:42:14.276480+0800 INFO Client 1 | Rank: 2 | Epoch: 2/5 | Batch: 0/421 | Loss: 0.364292
2025-04-10T20:42:29.302100+0800 INFO Client 1 | Rank: 2 | Epoch: 2/5 | Batch: 100/421 | Loss: 0.389359
2025-04-10T20:42:44.336016+0800 INFO Client 1 | Rank: 2 | Epoch: 2/5 | Batch: 200/421 | Loss: 0.402328
2025-04-10T20:42:59.408843+0800 INFO Client 1 | Rank: 2 | Epoch: 2/5 | Batch: 300/421 | Loss: 0.326715
2025-04-10T20:43:14.711777+0800 INFO Client 1 | Rank: 2 | Epoch: 2/5 | Batch: 400/421 | Loss: 0.431997
2025-04-10T20:43:17.760929+0800 INFO Client 1 | Rank: 2 | Epoch: 3/5 | Batch: 0/421 | Loss: 0.720538
2025-04-10T20:43:33.186297+0800 INFO Client 1 | Rank: 2 | Epoch: 3/5 | Batch: 100/421 | Loss: 0.329668
2025-04-10T20:43:48.363796+0800 INFO Client 1 | Rank: 2 | Epoch: 3/5 | Batch: 200/421 | Loss: 0.508086
2025-04-10T20:44:03.293615+0800 INFO Client 1 | Rank: 2 | Epoch: 3/5 | Batch: 300/421 | Loss: 0.342690
2025-04-10T20:44:18.706012+0800 INFO Client 1 | Rank: 2 | Epoch: 3/5 | Batch: 400/421 | Loss: 0.336298
2025-04-10T20:44:21.915037+0800 INFO Client 1 | Rank: 2 | Epoch: 4/5 | Batch: 0/421 | Loss: 0.329936
2025-04-10T20:44:37.190727+0800 INFO Client 1 | Rank: 2 | Epoch: 4/5 | Batch: 100/421 | Loss: 0.365201
2025-04-10T20:44:52.180137+0800 INFO Client 1 | Rank: 2 | Epoch: 4/5 | Batch: 200/421 | Loss: 0.467552
2025-04-10T20:45:07.642192+0800 INFO Client 1 | Rank: 2 | Epoch: 4/5 | Batch: 300/421 | Loss: 0.555591
2025-04-10T20:45:22.792425+0800 INFO Client 1 | Rank: 2 | Epoch: 4/5 | Batch: 400/421 | Loss: 0.331831
2025-04-10T20:45:27.113402+0800 INFO Rank 2 received the global model
2025-04-10T20:45:27.114398+0800 INFO Client 1 | Rank: 2 | Update model
2025-04-10T20:45:27.387190+0800 INFO Client 1 | Rank: 2 | Epoch: 0/5 | Batch: 0/421 | Loss: 1.050926
2025-04-10T20:45:42.582274+0800 INFO Client 1 | Rank: 2 | Epoch: 0/5 | Batch: 100/421 | Loss: 0.401957
2025-04-10T20:45:57.656385+0800 INFO Client 1 | Rank: 2 | Epoch: 0/5 | Batch: 200/421 | Loss: 0.549135
2025-04-10T20:46:12.961532+0800 INFO Client 1 | Rank: 2 | Epoch: 0/5 | Batch: 300/421 | Loss: 0.319349
2025-04-10T20:46:28.481831+0800 INFO Client 1 | Rank: 2 | Epoch: 0/5 | Batch: 400/421 | Loss: 0.709510
2025-04-10T20:46:31.731731+0800 INFO Client 1 | Rank: 2 | Epoch: 1/5 | Batch: 0/421 | Loss: 0.314144
2025-04-10T20:46:46.954766+0800 INFO Client 1 | Rank: 2 | Epoch: 1/5 | Batch: 100/421 | Loss: 0.329421
2025-04-10T20:47:01.810255+0800 INFO Client 1 | Rank: 2 | Epoch: 1/5 | Batch: 200/421 | Loss: 0.480282
2025-04-10T20:47:16.968754+0800 INFO Client 1 | Rank: 2 | Epoch: 1/5 | Batch: 300/421 | Loss: 0.381591
2025-04-10T20:47:32.444995+0800 INFO Client 1 | Rank: 2 | Epoch: 1/5 | Batch: 400/421 | Loss: 0.527844
2025-04-10T20:47:35.769691+0800 INFO Client 1 | Rank: 2 | Epoch: 2/5 | Batch: 0/421 | Loss: 0.354573
2025-04-10T20:47:50.976937+0800 INFO Client 1 | Rank: 2 | Epoch: 2/5 | Batch: 100/421 | Loss: 0.580602
2025-04-10T20:48:06.126508+0800 INFO Client 1 | Rank: 2 | Epoch: 2/5 | Batch: 200/421 | Loss: 0.380003
2025-04-10T20:48:21.676494+0800 INFO Client 1 | Rank: 2 | Epoch: 2/5 | Batch: 300/421 | Loss: 0.363870
2025-04-10T20:48:36.872031+0800 INFO Client 1 | Rank: 2 | Epoch: 2/5 | Batch: 400/421 | Loss: 0.325728
2025-04-10T20:48:40.009406+0800 INFO Client 1 | Rank: 2 | Epoch: 3/5 | Batch: 0/421 | Loss: 0.351429
2025-04-10T20:48:55.037742+0800 INFO Client 1 | Rank: 2 | Epoch: 3/5 | Batch: 100/421 | Loss: 0.391751
2025-04-10T20:49:10.223027+0800 INFO Client 1 | Rank: 2 | Epoch: 3/5 | Batch: 200/421 | Loss: 0.389073
2025-04-10T20:49:25.327523+0800 INFO Client 1 | Rank: 2 | Epoch: 3/5 | Batch: 300/421 | Loss: 0.329223
2025-04-10T20:49:40.813376+0800 INFO Client 1 | Rank: 2 | Epoch: 3/5 | Batch: 400/421 | Loss: 0.323346
2025-04-10T20:49:44.134045+0800 INFO Client 1 | Rank: 2 | Epoch: 4/5 | Batch: 0/421 | Loss: 0.330649
2025-04-10T20:49:59.203845+0800 INFO Client 1 | Rank: 2 | Epoch: 4/5 | Batch: 100/421 | Loss: 0.328616
2025-04-10T20:50:14.065444+0800 INFO Client 1 | Rank: 2 | Epoch: 4/5 | Batch: 200/421 | Loss: 0.356905
2025-04-10T20:50:29.222661+0800 INFO Client 1 | Rank: 2 | Epoch: 4/5 | Batch: 300/421 | Loss: 0.331529
2025-04-10T20:50:44.260388+0800 INFO Client 1 | Rank: 2 | Epoch: 4/5 | Batch: 400/421 | Loss: 0.324875
2025-04-10T20:50:47.824857+0800 INFO Rank 2 received the global model
2025-04-10T20:50:47.825853+0800 INFO Client 1 | Rank: 2 | Update model
2025-04-10T20:50:48.128514+0800 INFO Client 1 | Rank: 2 | Epoch: 0/5 | Batch: 0/421 | Loss: 1.586453
2025-04-10T20:51:03.342023+0800 INFO Client 1 | Rank: 2 | Epoch: 0/5 | Batch: 100/421 | Loss: 0.415498
2025-04-10T20:51:19.027268+0800 INFO Client 1 | Rank: 2 | Epoch: 0/5 | Batch: 200/421 | Loss: 0.519976
2025-04-10T20:51:34.238286+0800 INFO Client 1 | Rank: 2 | Epoch: 0/5 | Batch: 300/421 | Loss: 0.741908
2025-04-10T20:51:49.632528+0800 INFO Client 1 | Rank: 2 | Epoch: 0/5 | Batch: 400/421 | Loss: 0.310686
2025-04-10T20:51:52.830625+0800 INFO Client 1 | Rank: 2 | Epoch: 1/5 | Batch: 0/421 | Loss: 0.309757
2025-04-10T20:52:07.769111+0800 INFO Client 1 | Rank: 2 | Epoch: 1/5 | Batch: 100/421 | Loss: 0.371638
2025-04-10T20:52:23.118829+0800 INFO Client 1 | Rank: 2 | Epoch: 1/5 | Batch: 200/421 | Loss: 0.431506
2025-04-10T20:52:38.259788+0800 INFO Client 1 | Rank: 2 | Epoch: 1/5 | Batch: 300/421 | Loss: 0.434271
2025-04-10T20:52:53.401007+0800 INFO Client 1 | Rank: 2 | Epoch: 1/5 | Batch: 400/421 | Loss: 0.478167
2025-04-10T20:52:56.607133+0800 INFO Client 1 | Rank: 2 | Epoch: 2/5 | Batch: 0/421 | Loss: 0.334240
2025-04-10T20:53:11.347103+0800 INFO Client 1 | Rank: 2 | Epoch: 2/5 | Batch: 100/421 | Loss: 0.581858
2025-04-10T20:53:26.192703+0800 INFO Client 1 | Rank: 2 | Epoch: 2/5 | Batch: 200/421 | Loss: 0.311788
2025-04-10T20:53:41.419016+0800 INFO Client 1 | Rank: 2 | Epoch: 2/5 | Batch: 300/421 | Loss: 0.328292
2025-04-10T20:53:56.785186+0800 INFO Client 1 | Rank: 2 | Epoch: 2/5 | Batch: 400/421 | Loss: 0.356472
2025-04-10T20:53:59.958894+0800 INFO Client 1 | Rank: 2 | Epoch: 3/5 | Batch: 0/421 | Loss: 0.324603
2025-04-10T20:54:15.138483+0800 INFO Client 1 | Rank: 2 | Epoch: 3/5 | Batch: 100/421 | Loss: 0.400798
2025-04-10T20:54:30.403970+0800 INFO Client 1 | Rank: 2 | Epoch: 3/5 | Batch: 200/421 | Loss: 0.321411
2025-04-10T20:54:45.979929+0800 INFO Client 1 | Rank: 2 | Epoch: 3/5 | Batch: 300/421 | Loss: 0.339634
2025-04-10T20:55:00.968003+0800 INFO Client 1 | Rank: 2 | Epoch: 3/5 | Batch: 400/421 | Loss: 0.351186
2025-04-10T20:55:04.227342+0800 INFO Client 1 | Rank: 2 | Epoch: 4/5 | Batch: 0/421 | Loss: 0.347891
2025-04-10T20:55:18.961156+0800 INFO Client 1 | Rank: 2 | Epoch: 4/5 | Batch: 100/421 | Loss: 0.321029
2025-04-10T20:55:34.426779+0800 INFO Client 1 | Rank: 2 | Epoch: 4/5 | Batch: 200/421 | Loss: 0.453399
2025-04-10T20:55:49.187831+0800 INFO Client 1 | Rank: 2 | Epoch: 4/5 | Batch: 300/421 | Loss: 0.330510
2025-04-10T20:56:04.378475+0800 INFO Client 1 | Rank: 2 | Epoch: 4/5 | Batch: 400/421 | Loss: 0.360225
2025-04-10T20:56:08.066718+0800 INFO Rank 2 received the global model
2025-04-10T20:56:08.066718+0800 INFO Client 1 | Rank: 2 | Update model
2025-04-10T20:56:08.413187+0800 INFO Client 1 | Rank: 2 | Epoch: 0/5 | Batch: 0/421 | Loss: 1.341944
2025-04-10T20:56:23.576449+0800 INFO Client 1 | Rank: 2 | Epoch: 0/5 | Batch: 100/421 | Loss: 0.404178
2025-04-10T20:56:38.677030+0800 INFO Client 1 | Rank: 2 | Epoch: 0/5 | Batch: 200/421 | Loss: 1.035849
2025-04-10T20:56:53.603761+0800 INFO Client 1 | Rank: 2 | Epoch: 0/5 | Batch: 300/421 | Loss: 0.339590
2025-04-10T20:57:08.775454+0800 INFO Client 1 | Rank: 2 | Epoch: 0/5 | Batch: 400/421 | Loss: 0.619677
2025-04-10T20:57:11.998781+0800 INFO Client 1 | Rank: 2 | Epoch: 1/5 | Batch: 0/421 | Loss: 0.322904
2025-04-10T20:57:25.534381+0800 INFO Client 1 | Rank: 2 | Epoch: 1/5 | Batch: 100/421 | Loss: 0.426846
2025-04-10T20:57:35.917382+0800 INFO Client 1 | Rank: 2 | Epoch: 1/5 | Batch: 200/421 | Loss: 0.313873
2025-04-10T20:57:45.415864+0800 INFO Client 1 | Rank: 2 | Epoch: 1/5 | Batch: 300/421 | Loss: 0.557660
2025-04-10T20:57:55.086334+0800 INFO Client 1 | Rank: 2 | Epoch: 1/5 | Batch: 400/421 | Loss: 0.416630
2025-04-10T20:57:57.180311+0800 INFO Client 1 | Rank: 2 | Epoch: 2/5 | Batch: 0/421 | Loss: 0.340265
2025-04-10T20:58:06.404285+0800 INFO Client 1 | Rank: 2 | Epoch: 2/5 | Batch: 100/421 | Loss: 0.516772
2025-04-10T20:58:15.287200+0800 INFO Client 1 | Rank: 2 | Epoch: 2/5 | Batch: 200/421 | Loss: 0.321407
2025-04-10T20:58:23.038726+0800 INFO Client 1 | Rank: 2 | Epoch: 2/5 | Batch: 300/421 | Loss: 0.373801
2025-04-10T20:58:30.814918+0800 INFO Client 1 | Rank: 2 | Epoch: 2/5 | Batch: 400/421 | Loss: 0.431202
2025-04-10T20:58:32.449102+0800 INFO Client 1 | Rank: 2 | Epoch: 3/5 | Batch: 0/421 | Loss: 0.324495
2025-04-10T20:58:39.465541+0800 INFO Client 1 | Rank: 2 | Epoch: 3/5 | Batch: 100/421 | Loss: 0.360701
2025-04-10T20:58:46.203168+0800 INFO Client 1 | Rank: 2 | Epoch: 3/5 | Batch: 200/421 | Loss: 0.330410
2025-04-10T20:58:52.736218+0800 INFO Client 1 | Rank: 2 | Epoch: 3/5 | Batch: 300/421 | Loss: 0.345167
2025-04-10T20:58:59.351138+0800 INFO Client 1 | Rank: 2 | Epoch: 3/5 | Batch: 400/421 | Loss: 0.401082
2025-04-10T20:59:00.471264+0800 INFO Client 1 | Rank: 2 | Epoch: 4/5 | Batch: 0/421 | Loss: 0.322471
2025-04-10T20:59:05.976172+0800 INFO Client 1 | Rank: 2 | Epoch: 4/5 | Batch: 100/421 | Loss: 0.340719
2025-04-10T20:59:10.796232+0800 INFO Client 1 | Rank: 2 | Epoch: 4/5 | Batch: 200/421 | Loss: 0.327704
2025-04-10T20:59:15.287171+0800 INFO Client 1 | Rank: 2 | Epoch: 4/5 | Batch: 300/421 | Loss: 0.356299
2025-04-10T20:59:19.899257+0800 INFO Client 1 | Rank: 2 | Epoch: 4/5 | Batch: 400/421 | Loss: 0.321330
2025-04-10T20:59:20.928273+0800 INFO Rank 2 received the global model
2025-04-10T20:59:20.929269+0800 INFO Rank 2 is done
